{"C:\\Users\\chadc\\Documents\\git-projects\\infusion\\dist\\src\\index.js":{"path":"C:\\Users\\chadc\\Documents\\git-projects\\infusion\\dist\\src\\index.js","statementMap":{"0":{"start":{"line":2,"column":0},"end":{"line":2,"column":62}},"1":{"start":{"line":3,"column":27},"end":{"line":3,"column":62}},"2":{"start":{"line":4,"column":16},"end":{"line":4,"column":55}},"3":{"start":{"line":5,"column":0},"end":{"line":5,"column":22}}},"fnMap":{},"branchMap":{},"s":{"0":1,"1":1,"2":1,"3":1},"f":{},"b":{},"_coverageSchema":"332fd63041d2c1bcb487cc26dd0d5f7d97098a6c","hash":"26171ffdefac4abab460cd17803ca1fc96e1e996","contentHash":"fcc93f9840d9581e72de53dacd17ccc2_11.1.0"},"C:\\Users\\chadc\\Documents\\git-projects\\infusion\\dist\\test\\onion-test-setup.js":{"path":"C:\\Users\\chadc\\Documents\\git-projects\\infusion\\dist\\test\\onion-test-setup.js","statementMap":{"0":{"start":{"line":2,"column":0},"end":{"line":2,"column":62}},"1":{"start":{"line":3,"column":32},"end":{"line":3,"column":92}},"2":{"start":{"line":4,"column":23},"end":{"line":4,"column":74}},"3":{"start":{"line":5,"column":13},"end":{"line":5,"column":28}},"4":{"start":{"line":6,"column":28},"end":{"line":6,"column":84}},"5":{"start":{"line":7,"column":28},"end":{"line":7,"column":99}},"6":{"start":{"line":8,"column":32},"end":{"line":8,"column":107}},"7":{"start":{"line":9,"column":24},"end":{"line":9,"column":76}},"8":{"start":{"line":10,"column":33},"end":{"line":10,"column":96}},"9":{"start":{"line":11,"column":39},"end":{"line":11,"column":108}},"10":{"start":{"line":12,"column":26},"end":{"line":12,"column":94}},"11":{"start":{"line":13,"column":23},"end":{"line":13,"column":74}},"12":{"start":{"line":14,"column":24},"end":{"line":14,"column":76}},"13":{"start":{"line":15,"column":18},"end":{"line":15,"column":78}},"14":{"start":{"line":16,"column":25},"end":{"line":16,"column":57}},"15":{"start":{"line":17,"column":16},"end":{"line":17,"column":39}},"16":{"start":{"line":18,"column":13},"end":{"line":18,"column":17}},"17":{"start":{"line":19,"column":15},"end":{"line":19,"column":45}},"18":{"start":{"line":22,"column":8},"end":{"line":22,"column":65}},"19":{"start":{"line":25,"column":8},"end":{"line":25,"column":53}},"20":{"start":{"line":26,"column":8},"end":{"line":26,"column":92}},"21":{"start":{"line":27,"column":8},"end":{"line":27,"column":47}},"22":{"start":{"line":28,"column":8},"end":{"line":28,"column":43}},"23":{"start":{"line":29,"column":8},"end":{"line":29,"column":39}},"24":{"start":{"line":30,"column":8},"end":{"line":30,"column":47}},"25":{"start":{"line":31,"column":8},"end":{"line":31,"column":100}},"26":{"start":{"line":32,"column":8},"end":{"line":32,"column":67}},"27":{"start":{"line":33,"column":8},"end":{"line":33,"column":77}},"28":{"start":{"line":34,"column":8},"end":{"line":34,"column":106}},"29":{"start":{"line":35,"column":36},"end":{"line":35,"column":81}},"30":{"start":{"line":36,"column":8},"end":{"line":39,"column":11}},"31":{"start":{"line":37,"column":12},"end":{"line":38,"column":15}},"32":{"start":{"line":40,"column":8},"end":{"line":40,"column":53}},"33":{"start":{"line":41,"column":25},"end":{"line":41,"column":68}},"34":{"start":{"line":42,"column":31},"end":{"line":42,"column":262}},"35":{"start":{"line":43,"column":26},"end":{"line":43,"column":84}},"36":{"start":{"line":44,"column":8},"end":{"line":44,"column":142}},"37":{"start":{"line":45,"column":8},"end":{"line":45,"column":47}},"38":{"start":{"line":48,"column":8},"end":{"line":50,"column":10}},"39":{"start":{"line":53,"column":0},"end":{"line":53,"column":40}}},"fnMap":{"0":{"name":"(anonymous_0)","decl":{"start":{"line":21,"column":4},"end":{"line":21,"column":5}},"loc":{"start":{"line":21,"column":18},"end":{"line":23,"column":5}},"line":21},"1":{"name":"(anonymous_1)","decl":{"start":{"line":24,"column":4},"end":{"line":24,"column":5}},"loc":{"start":{"line":24,"column":16},"end":{"line":46,"column":5}},"line":24},"2":{"name":"(anonymous_2)","decl":{"start":{"line":36,"column":49},"end":{"line":36,"column":50}},"loc":{"start":{"line":36,"column":62},"end":{"line":39,"column":9}},"line":36},"3":{"name":"(anonymous_3)","decl":{"start":{"line":37,"column":63},"end":{"line":37,"column":64}},"loc":{"start":{"line":37,"column":83},"end":{"line":38,"column":13}},"line":37},"4":{"name":"(anonymous_4)","decl":{"start":{"line":47,"column":4},"end":{"line":47,"column":5}},"loc":{"start":{"line":47,"column":23},"end":{"line":51,"column":5}},"line":47}},"branchMap":{},"s":{"0":1,"1":1,"2":1,"3":1,"4":1,"5":1,"6":1,"7":1,"8":1,"9":1,"10":1,"11":1,"12":1,"13":1,"14":1,"15":1,"16":1,"17":1,"18":1,"19":1,"20":1,"21":1,"22":1,"23":1,"24":1,"25":1,"26":1,"27":1,"28":1,"29":1,"30":1,"31":0,"32":1,"33":1,"34":1,"35":1,"36":1,"37":1,"38":1,"39":1},"f":{"0":1,"1":1,"2":0,"3":0,"4":1},"b":{},"_coverageSchema":"332fd63041d2c1bcb487cc26dd0d5f7d97098a6c","hash":"24c3a35264422a04105c7262a16c2ef25861dbc4","contentHash":"ba9a0e45dce094f62006431980d50617_11.1.0"},"C:\\Users\\chadc\\Documents\\git-projects\\infusion\\dist\\src\\plugin-query-service\\plugin-info-extractor.js":{"path":"C:\\Users\\chadc\\Documents\\git-projects\\infusion\\dist\\src\\plugin-query-service\\plugin-info-extractor.js","statementMap":{"0":{"start":{"line":2,"column":0},"end":{"line":2,"column":62}},"1":{"start":{"line":3,"column":22},"end":{"line":3,"column":46}},"2":{"start":{"line":6,"column":8},"end":{"line":6,"column":23}},"3":{"start":{"line":7,"column":8},"end":{"line":7,"column":37}},"4":{"start":{"line":10,"column":28},"end":{"line":10,"column":64}},"5":{"start":{"line":11,"column":19},"end":{"line":11,"column":72}},"6":{"start":{"line":12,"column":22},"end":{"line":12,"column":81}},"7":{"start":{"line":13,"column":8},"end":{"line":13,"column":142}},"8":{"start":{"line":16,"column":21},"end":{"line":16,"column":23}},"9":{"start":{"line":17,"column":28},"end":{"line":17,"column":29}},"10":{"start":{"line":18,"column":8},"end":{"line":25,"column":11}},"11":{"start":{"line":19,"column":22},"end":{"line":19,"column":49}},"12":{"start":{"line":20,"column":12},"end":{"line":23,"column":13}},"13":{"start":{"line":21,"column":16},"end":{"line":21,"column":79}},"14":{"start":{"line":22,"column":16},"end":{"line":22,"column":28}},"15":{"start":{"line":24,"column":12},"end":{"line":24,"column":25}},"16":{"start":{"line":26,"column":8},"end":{"line":26,"column":22}},"17":{"start":{"line":29,"column":0},"end":{"line":29,"column":50}}},"fnMap":{"0":{"name":"(anonymous_0)","decl":{"start":{"line":5,"column":4},"end":{"line":5,"column":5}},"loc":{"start":{"line":5,"column":33},"end":{"line":8,"column":5}},"line":5},"1":{"name":"(anonymous_1)","decl":{"start":{"line":9,"column":4},"end":{"line":9,"column":5}},"loc":{"start":{"line":9,"column":33},"end":{"line":14,"column":5}},"line":9},"2":{"name":"(anonymous_2)","decl":{"start":{"line":15,"column":4},"end":{"line":15,"column":5}},"loc":{"start":{"line":15,"column":53},"end":{"line":27,"column":5}},"line":15},"3":{"name":"(anonymous_3)","decl":{"start":{"line":18,"column":39},"end":{"line":18,"column":40}},"loc":{"start":{"line":18,"column":49},"end":{"line":25,"column":9}},"line":18}},"branchMap":{"0":{"loc":{"start":{"line":20,"column":12},"end":{"line":23,"column":13}},"type":"if","locations":[{"start":{"line":20,"column":12},"end":{"line":23,"column":13}},{"start":{"line":20,"column":12},"end":{"line":23,"column":13}}],"line":20}},"s":{"0":1,"1":1,"2":2,"3":2,"4":2,"5":2,"6":2,"7":2,"8":4,"9":4,"10":4,"11":4,"12":4,"13":0,"14":0,"15":4,"16":4,"17":1},"f":{"0":2,"1":2,"2":4,"3":4},"b":{"0":[0,4]},"_coverageSchema":"332fd63041d2c1bcb487cc26dd0d5f7d97098a6c","hash":"19187acbb5919cddadfa08e15200a5ee098aa54b","contentHash":"7ea5614bca2f85701ff953433c6bfd6e_11.1.0"},"C:\\Users\\chadc\\Documents\\git-projects\\infusion\\dist\\src\\plugin-query-service\\plugin-info.js":{"path":"C:\\Users\\chadc\\Documents\\git-projects\\infusion\\dist\\src\\plugin-query-service\\plugin-info.js","statementMap":{"0":{"start":{"line":2,"column":0},"end":{"line":2,"column":62}},"1":{"start":{"line":5,"column":8},"end":{"line":5,"column":25}},"2":{"start":{"line":6,"column":8},"end":{"line":6,"column":23}},"3":{"start":{"line":7,"column":8},"end":{"line":7,"column":37}},"4":{"start":{"line":10,"column":0},"end":{"line":10,"column":32}}},"fnMap":{"0":{"name":"(anonymous_0)","decl":{"start":{"line":4,"column":4},"end":{"line":4,"column":5}},"loc":{"start":{"line":4,"column":39},"end":{"line":8,"column":5}},"line":4}},"branchMap":{},"s":{"0":1,"1":2,"2":2,"3":2,"4":1},"f":{"0":2},"b":{},"_coverageSchema":"332fd63041d2c1bcb487cc26dd0d5f7d97098a6c","hash":"e53f6fd5224d528f15159a21c27af34982fc7730","contentHash":"6a3bdfc66b21366fab88add1e0724193_11.1.0"},"C:\\Users\\chadc\\Documents\\git-projects\\infusion\\dist\\src\\plugin-query-service\\plugin-query.js":{"path":"C:\\Users\\chadc\\Documents\\git-projects\\infusion\\dist\\src\\plugin-query-service\\plugin-query.js","statementMap":{"0":{"start":{"line":2,"column":0},"end":{"line":2,"column":62}},"1":{"start":{"line":5,"column":8},"end":{"line":5,"column":23}},"2":{"start":{"line":6,"column":8},"end":{"line":6,"column":49}},"3":{"start":{"line":9,"column":25},"end":{"line":9,"column":61}},"4":{"start":{"line":10,"column":22},"end":{"line":10,"column":33}},"5":{"start":{"line":11,"column":8},"end":{"line":16,"column":11}},"6":{"start":{"line":12,"column":24},"end":{"line":12,"column":58}},"7":{"start":{"line":13,"column":12},"end":{"line":15,"column":13}},"8":{"start":{"line":14,"column":16},"end":{"line":14,"column":37}},"9":{"start":{"line":17,"column":8},"end":{"line":17,"column":23}},"10":{"start":{"line":20,"column":0},"end":{"line":20,"column":34}}},"fnMap":{"0":{"name":"(anonymous_0)","decl":{"start":{"line":4,"column":4},"end":{"line":4,"column":5}},"loc":{"start":{"line":4,"column":39},"end":{"line":7,"column":5}},"line":4},"1":{"name":"(anonymous_1)","decl":{"start":{"line":8,"column":4},"end":{"line":8,"column":5}},"loc":{"start":{"line":8,"column":32},"end":{"line":18,"column":5}},"line":8},"2":{"name":"(anonymous_2)","decl":{"start":{"line":11,"column":27},"end":{"line":11,"column":28}},"loc":{"start":{"line":11,"column":39},"end":{"line":16,"column":9}},"line":11}},"branchMap":{"0":{"loc":{"start":{"line":13,"column":12},"end":{"line":15,"column":13}},"type":"if","locations":[{"start":{"line":13,"column":12},"end":{"line":15,"column":13}},{"start":{"line":13,"column":12},"end":{"line":15,"column":13}}],"line":13}},"s":{"0":1,"1":1,"2":1,"3":0,"4":0,"5":0,"6":0,"7":0,"8":0,"9":0,"10":1},"f":{"0":1,"1":0,"2":0},"b":{"0":[0,0]},"_coverageSchema":"332fd63041d2c1bcb487cc26dd0d5f7d97098a6c","hash":"2fd9fbd279b249b885ab4024560df0eb40bf4eca","contentHash":"83d2e90dec3f3e768c9885892580f362_11.1.0"},"C:\\Users\\chadc\\Documents\\git-projects\\infusion\\dist\\src\\plugin-query-service\\plugin-enumerator.js":{"path":"C:\\Users\\chadc\\Documents\\git-projects\\infusion\\dist\\src\\plugin-query-service\\plugin-enumerator.js","statementMap":{"0":{"start":{"line":2,"column":0},"end":{"line":2,"column":62}},"1":{"start":{"line":5,"column":8},"end":{"line":5,"column":23}},"2":{"start":{"line":6,"column":8},"end":{"line":6,"column":45}},"3":{"start":{"line":7,"column":8},"end":{"line":7,"column":37}},"4":{"start":{"line":8,"column":8},"end":{"line":8,"column":55}},"5":{"start":{"line":9,"column":8},"end":{"line":9,"column":31}},"6":{"start":{"line":12,"column":8},"end":{"line":14,"column":9}},"7":{"start":{"line":13,"column":12},"end":{"line":13,"column":30}},"8":{"start":{"line":15,"column":22},"end":{"line":15,"column":33}},"9":{"start":{"line":17,"column":8},"end":{"line":21,"column":11}},"10":{"start":{"line":18,"column":12},"end":{"line":20,"column":13}},"11":{"start":{"line":19,"column":16},"end":{"line":19,"column":118}},"12":{"start":{"line":22,"column":8},"end":{"line":22,"column":29}},"13":{"start":{"line":23,"column":8},"end":{"line":23,"column":23}},"14":{"start":{"line":26,"column":0},"end":{"line":26,"column":44}}},"fnMap":{"0":{"name":"(anonymous_0)","decl":{"start":{"line":4,"column":4},"end":{"line":4,"column":5}},"loc":{"start":{"line":4,"column":70},"end":{"line":10,"column":5}},"line":4},"1":{"name":"(anonymous_1)","decl":{"start":{"line":11,"column":4},"end":{"line":11,"column":5}},"loc":{"start":{"line":11,"column":19},"end":{"line":24,"column":5}},"line":11},"2":{"name":"(anonymous_2)","decl":{"start":{"line":17,"column":63},"end":{"line":17,"column":64}},"loc":{"start":{"line":17,"column":73},"end":{"line":21,"column":9}},"line":17}},"branchMap":{"0":{"loc":{"start":{"line":12,"column":8},"end":{"line":14,"column":9}},"type":"if","locations":[{"start":{"line":12,"column":8},"end":{"line":14,"column":9}},{"start":{"line":12,"column":8},"end":{"line":14,"column":9}}],"line":12},"1":{"loc":{"start":{"line":18,"column":12},"end":{"line":20,"column":13}},"type":"if","locations":[{"start":{"line":18,"column":12},"end":{"line":20,"column":13}},{"start":{"line":18,"column":12},"end":{"line":20,"column":13}}],"line":18}},"s":{"0":1,"1":2,"2":2,"3":2,"4":2,"5":2,"6":1,"7":0,"8":1,"9":1,"10":3,"11":2,"12":1,"13":1,"14":1},"f":{"0":2,"1":1,"2":3},"b":{"0":[0,1],"1":[2,1]},"_coverageSchema":"332fd63041d2c1bcb487cc26dd0d5f7d97098a6c","hash":"fd801002015b48694e42d4f0f7f4d3ab86477a21","contentHash":"9cd0ec3da5570dd4970ee29e569661f5_11.1.0"},"C:\\Users\\chadc\\Documents\\git-projects\\infusion\\dist\\src\\plugin-query-service\\infrastructure\\local-file-reader.js":{"path":"C:\\Users\\chadc\\Documents\\git-projects\\infusion\\dist\\src\\plugin-query-service\\infrastructure\\local-file-reader.js","statementMap":{"0":{"start":{"line":2,"column":0},"end":{"line":2,"column":62}},"1":{"start":{"line":3,"column":11},"end":{"line":3,"column":24}},"2":{"start":{"line":6,"column":8},"end":{"line":6,"column":23}},"3":{"start":{"line":9,"column":8},"end":{"line":9,"column":45}},"4":{"start":{"line":12,"column":0},"end":{"line":12,"column":42}}},"fnMap":{"0":{"name":"(anonymous_0)","decl":{"start":{"line":5,"column":4},"end":{"line":5,"column":5}},"loc":{"start":{"line":5,"column":21},"end":{"line":7,"column":5}},"line":5},"1":{"name":"(anonymous_1)","decl":{"start":{"line":8,"column":4},"end":{"line":8,"column":5}},"loc":{"start":{"line":8,"column":15},"end":{"line":10,"column":5}},"line":8}},"branchMap":{},"s":{"0":1,"1":1,"2":1,"3":0,"4":1},"f":{"0":1,"1":0},"b":{},"_coverageSchema":"332fd63041d2c1bcb487cc26dd0d5f7d97098a6c","hash":"80f1c9d49a4809e2a504da9115c2b290eed5321b","contentHash":"27b15a7e61b1291a88e295764840c4de_11.1.0"},"C:\\Users\\chadc\\Documents\\git-projects\\infusion\\dist\\src\\plugin-query-service\\infrastructure\\local-file-enumerator.js":{"path":"C:\\Users\\chadc\\Documents\\git-projects\\infusion\\dist\\src\\plugin-query-service\\infrastructure\\local-file-enumerator.js","statementMap":{"0":{"start":{"line":2,"column":0},"end":{"line":2,"column":62}},"1":{"start":{"line":3,"column":11},"end":{"line":3,"column":24}},"2":{"start":{"line":6,"column":8},"end":{"line":6,"column":23}},"3":{"start":{"line":9,"column":8},"end":{"line":9,"column":38}},"4":{"start":{"line":12,"column":0},"end":{"line":12,"column":50}}},"fnMap":{"0":{"name":"(anonymous_0)","decl":{"start":{"line":5,"column":4},"end":{"line":5,"column":5}},"loc":{"start":{"line":5,"column":21},"end":{"line":7,"column":5}},"line":5},"1":{"name":"(anonymous_1)","decl":{"start":{"line":8,"column":4},"end":{"line":8,"column":5}},"loc":{"start":{"line":8,"column":22},"end":{"line":10,"column":5}},"line":8}},"branchMap":{},"s":{"0":1,"1":1,"2":1,"3":0,"4":1},"f":{"0":1,"1":0},"b":{},"_coverageSchema":"332fd63041d2c1bcb487cc26dd0d5f7d97098a6c","hash":"0d56b18849b253256febab22cdcd2574d8637a8e","contentHash":"6e16dab1b1df23d696194bb33eacdac4_11.1.0"},"C:\\Users\\chadc\\Documents\\git-projects\\infusion\\dist\\src\\plugin-query-service\\query-service.js":{"path":"C:\\Users\\chadc\\Documents\\git-projects\\infusion\\dist\\src\\plugin-query-service\\query-service.js","statementMap":{"0":{"start":{"line":2,"column":0},"end":{"line":2,"column":62}},"1":{"start":{"line":3,"column":16},"end":{"line":3,"column":34}},"2":{"start":{"line":6,"column":8},"end":{"line":6,"column":29}},"3":{"start":{"line":7,"column":8},"end":{"line":7,"column":23}},"4":{"start":{"line":8,"column":8},"end":{"line":8,"column":49}},"5":{"start":{"line":9,"column":8},"end":{"line":9,"column":37}},"6":{"start":{"line":10,"column":8},"end":{"line":10,"column":39}},"7":{"start":{"line":11,"column":8},"end":{"line":11,"column":54}},"8":{"start":{"line":14,"column":8},"end":{"line":18,"column":11}},"9":{"start":{"line":15,"column":30},"end":{"line":15,"column":66}},"10":{"start":{"line":16,"column":12},"end":{"line":16,"column":62}},"11":{"start":{"line":17,"column":12},"end":{"line":17,"column":50}},"12":{"start":{"line":19,"column":8},"end":{"line":25,"column":11}},"13":{"start":{"line":20,"column":22},"end":{"line":20,"column":35}},"14":{"start":{"line":21,"column":12},"end":{"line":24,"column":13}},"15":{"start":{"line":22,"column":36},"end":{"line":22,"column":98}},"16":{"start":{"line":23,"column":16},"end":{"line":23,"column":56}},"17":{"start":{"line":26,"column":8},"end":{"line":26,"column":30}},"18":{"start":{"line":27,"column":8},"end":{"line":27,"column":72}},"19":{"start":{"line":30,"column":0},"end":{"line":30,"column":36}}},"fnMap":{"0":{"name":"(anonymous_0)","decl":{"start":{"line":5,"column":4},"end":{"line":5,"column":5}},"loc":{"start":{"line":5,"column":70},"end":{"line":12,"column":5}},"line":5},"1":{"name":"(anonymous_1)","decl":{"start":{"line":13,"column":4},"end":{"line":13,"column":5}},"loc":{"start":{"line":13,"column":17},"end":{"line":28,"column":5}},"line":13},"2":{"name":"(anonymous_2)","decl":{"start":{"line":14,"column":33},"end":{"line":14,"column":34}},"loc":{"start":{"line":14,"column":47},"end":{"line":18,"column":9}},"line":14},"3":{"name":"(anonymous_3)","decl":{"start":{"line":19,"column":39},"end":{"line":19,"column":40}},"loc":{"start":{"line":19,"column":53},"end":{"line":25,"column":9}},"line":19}},"branchMap":{"0":{"loc":{"start":{"line":21,"column":12},"end":{"line":24,"column":13}},"type":"if","locations":[{"start":{"line":21,"column":12},"end":{"line":24,"column":13}},{"start":{"line":21,"column":12},"end":{"line":24,"column":13}}],"line":21}},"s":{"0":1,"1":1,"2":1,"3":1,"4":1,"5":1,"6":1,"7":1,"8":1,"9":0,"10":0,"11":0,"12":1,"13":0,"14":0,"15":0,"16":0,"17":1,"18":1,"19":1},"f":{"0":1,"1":1,"2":0,"3":0},"b":{"0":[0,0]},"_coverageSchema":"332fd63041d2c1bcb487cc26dd0d5f7d97098a6c","hash":"e7faf49bf468d75f2f6e93b372b64d8254b04485","contentHash":"d2ad4963dad5c933d4d54502fd32f600_11.1.0"},"C:\\Users\\chadc\\Documents\\git-projects\\infusion\\dist\\src\\session-writer-service\\session-writer-service.js":{"path":"C:\\Users\\chadc\\Documents\\git-projects\\infusion\\dist\\src\\session-writer-service\\session-writer-service.js","statementMap":{"0":{"start":{"line":2,"column":0},"end":{"line":2,"column":62}},"1":{"start":{"line":3,"column":25},"end":{"line":3,"column":52}},"2":{"start":{"line":4,"column":36},"end":{"line":4,"column":74}},"3":{"start":{"line":5,"column":16},"end":{"line":5,"column":34}},"4":{"start":{"line":6,"column":19},"end":{"line":6,"column":41}},"5":{"start":{"line":9,"column":8},"end":{"line":9,"column":23}},"6":{"start":{"line":10,"column":8},"end":{"line":10,"column":29}},"7":{"start":{"line":11,"column":8},"end":{"line":14,"column":12}},"8":{"start":{"line":15,"column":24},"end":{"line":15,"column":83}},"9":{"start":{"line":16,"column":21},"end":{"line":16,"column":73}},"10":{"start":{"line":17,"column":8},"end":{"line":17,"column":28}},"11":{"start":{"line":18,"column":8},"end":{"line":18,"column":40}},"12":{"start":{"line":19,"column":8},"end":{"line":23,"column":11}},"13":{"start":{"line":20,"column":29},"end":{"line":20,"column":56}},"14":{"start":{"line":21,"column":12},"end":{"line":21,"column":37}},"15":{"start":{"line":22,"column":12},"end":{"line":22,"column":27}},"16":{"start":{"line":26,"column":8},"end":{"line":26,"column":30}},"17":{"start":{"line":27,"column":8},"end":{"line":27,"column":74}},"18":{"start":{"line":30,"column":0},"end":{"line":30,"column":52}}},"fnMap":{"0":{"name":"(anonymous_0)","decl":{"start":{"line":8,"column":4},"end":{"line":8,"column":5}},"loc":{"start":{"line":8,"column":29},"end":{"line":24,"column":5}},"line":8},"1":{"name":"(anonymous_1)","decl":{"start":{"line":19,"column":27},"end":{"line":19,"column":28}},"loc":{"start":{"line":19,"column":41},"end":{"line":23,"column":9}},"line":19},"2":{"name":"(anonymous_2)","decl":{"start":{"line":25,"column":4},"end":{"line":25,"column":5}},"loc":{"start":{"line":25,"column":17},"end":{"line":28,"column":5}},"line":25}},"branchMap":{},"s":{"0":1,"1":1,"2":1,"3":1,"4":1,"5":1,"6":1,"7":1,"8":1,"9":1,"10":1,"11":1,"12":1,"13":0,"14":0,"15":0,"16":1,"17":1,"18":1},"f":{"0":1,"1":0,"2":1},"b":{},"_coverageSchema":"332fd63041d2c1bcb487cc26dd0d5f7d97098a6c","hash":"9cc0998138b7bde3bbc75eab8f9f7298bdb18c68","contentHash":"532168758413a04c852f32373b995425_11.1.0"},"C:\\Users\\chadc\\Documents\\git-projects\\infusion\\dist\\src\\session-writer-service\\session-writer.js":{"path":"C:\\Users\\chadc\\Documents\\git-projects\\infusion\\dist\\src\\session-writer-service\\session-writer.js","statementMap":{"0":{"start":{"line":2,"column":16},"end":{"line":9,"column":1}},"1":{"start":{"line":3,"column":4},"end":{"line":8,"column":7}},"2":{"start":{"line":4,"column":36},"end":{"line":4,"column":97}},"3":{"start":{"line":4,"column":42},"end":{"line":4,"column":70}},"4":{"start":{"line":4,"column":85},"end":{"line":4,"column":95}},"5":{"start":{"line":5,"column":35},"end":{"line":5,"column":100}},"6":{"start":{"line":5,"column":41},"end":{"line":5,"column":73}},"7":{"start":{"line":5,"column":88},"end":{"line":5,"column":98}},"8":{"start":{"line":6,"column":32},"end":{"line":6,"column":149}},"9":{"start":{"line":6,"column":97},"end":{"line":6,"column":119}},"10":{"start":{"line":7,"column":8},"end":{"line":7,"column":78}},"11":{"start":{"line":10,"column":0},"end":{"line":10,"column":62}},"12":{"start":{"line":11,"column":12},"end":{"line":11,"column":28}},"13":{"start":{"line":14,"column":8},"end":{"line":18,"column":10}},"14":{"start":{"line":21,"column":0},"end":{"line":21,"column":76}},"15":{"start":{"line":24,"column":8},"end":{"line":24,"column":23}},"16":{"start":{"line":25,"column":8},"end":{"line":25,"column":29}},"17":{"start":{"line":28,"column":8},"end":{"line":99,"column":11}},"18":{"start":{"line":29,"column":12},"end":{"line":31,"column":13}},"19":{"start":{"line":30,"column":16},"end":{"line":30,"column":23}},"20":{"start":{"line":32,"column":12},"end":{"line":35,"column":13}},"21":{"start":{"line":33,"column":16},"end":{"line":33,"column":43}},"22":{"start":{"line":34,"column":16},"end":{"line":34,"column":23}},"23":{"start":{"line":36,"column":25},"end":{"line":36,"column":60}},"24":{"start":{"line":37,"column":12},"end":{"line":39,"column":15}},"25":{"start":{"line":38,"column":16},"end":{"line":38,"column":53}},"26":{"start":{"line":40,"column":12},"end":{"line":40,"column":44}},"27":{"start":{"line":41,"column":12},"end":{"line":98,"column":13}},"28":{"start":{"line":42,"column":29},"end":{"line":90,"column":11}},"29":{"start":{"line":93,"column":16},"end":{"line":93,"column":36}},"30":{"start":{"line":94,"column":16},"end":{"line":94,"column":36}},"31":{"start":{"line":97,"column":16},"end":{"line":97,"column":29}},"32":{"start":{"line":102,"column":8},"end":{"line":136,"column":11}},"33":{"start":{"line":103,"column":12},"end":{"line":135,"column":13}},"34":{"start":{"line":104,"column":27},"end":{"line":104,"column":57}},"35":{"start":{"line":105,"column":16},"end":{"line":107,"column":17}},"36":{"start":{"line":106,"column":20},"end":{"line":106,"column":55}},"37":{"start":{"line":108,"column":29},"end":{"line":131,"column":12}},"38":{"start":{"line":134,"column":16},"end":{"line":134,"column":54}},"39":{"start":{"line":139,"column":8},"end":{"line":141,"column":12}},"40":{"start":{"line":140,"column":12},"end":{"line":140,"column":68}},"41":{"start":{"line":144,"column":8},"end":{"line":146,"column":9}},"42":{"start":{"line":145,"column":12},"end":{"line":145,"column":25}},"43":{"start":{"line":147,"column":8},"end":{"line":154,"column":11}},"44":{"start":{"line":148,"column":30},"end":{"line":148,"column":69}},"45":{"start":{"line":149,"column":12},"end":{"line":153,"column":13}},"46":{"start":{"line":150,"column":16},"end":{"line":152,"column":17}},"47":{"start":{"line":151,"column":20},"end":{"line":151,"column":32}},"48":{"start":{"line":155,"column":8},"end":{"line":155,"column":21}},"49":{"start":{"line":158,"column":0},"end":{"line":158,"column":38}}},"fnMap":{"0":{"name":"(anonymous_0)","decl":{"start":{"line":2,"column":44},"end":{"line":2,"column":45}},"loc":{"start":{"line":2,"column":89},"end":{"line":9,"column":1}},"line":2},"1":{"name":"(anonymous_1)","decl":{"start":{"line":3,"column":36},"end":{"line":3,"column":37}},"loc":{"start":{"line":3,"column":63},"end":{"line":8,"column":5}},"line":3},"2":{"name":"fulfilled","decl":{"start":{"line":4,"column":17},"end":{"line":4,"column":26}},"loc":{"start":{"line":4,"column":34},"end":{"line":4,"column":99}},"line":4},"3":{"name":"rejected","decl":{"start":{"line":5,"column":17},"end":{"line":5,"column":25}},"loc":{"start":{"line":5,"column":33},"end":{"line":5,"column":102}},"line":5},"4":{"name":"step","decl":{"start":{"line":6,"column":17},"end":{"line":6,"column":21}},"loc":{"start":{"line":6,"column":30},"end":{"line":6,"column":151}},"line":6},"5":{"name":"(anonymous_5)","decl":{"start":{"line":6,"column":76},"end":{"line":6,"column":77}},"loc":{"start":{"line":6,"column":95},"end":{"line":6,"column":121}},"line":6},"6":{"name":"(anonymous_6)","decl":{"start":{"line":13,"column":4},"end":{"line":13,"column":5}},"loc":{"start":{"line":13,"column":50},"end":{"line":19,"column":5}},"line":13},"7":{"name":"(anonymous_7)","decl":{"start":{"line":23,"column":4},"end":{"line":23,"column":5}},"loc":{"start":{"line":23,"column":29},"end":{"line":26,"column":5}},"line":23},"8":{"name":"(anonymous_8)","decl":{"start":{"line":27,"column":4},"end":{"line":27,"column":5}},"loc":{"start":{"line":27,"column":19},"end":{"line":100,"column":5}},"line":27},"9":{"name":"(anonymous_9)","decl":{"start":{"line":28,"column":47},"end":{"line":28,"column":48}},"loc":{"start":{"line":28,"column":60},"end":{"line":99,"column":9}},"line":28},"10":{"name":"(anonymous_10)","decl":{"start":{"line":37,"column":29},"end":{"line":37,"column":30}},"loc":{"start":{"line":37,"column":36},"end":{"line":39,"column":13}},"line":37},"11":{"name":"(anonymous_11)","decl":{"start":{"line":101,"column":4},"end":{"line":101,"column":5}},"loc":{"start":{"line":101,"column":17},"end":{"line":137,"column":5}},"line":101},"12":{"name":"(anonymous_12)","decl":{"start":{"line":102,"column":47},"end":{"line":102,"column":48}},"loc":{"start":{"line":102,"column":60},"end":{"line":136,"column":9}},"line":102},"13":{"name":"(anonymous_13)","decl":{"start":{"line":138,"column":4},"end":{"line":138,"column":5}},"loc":{"start":{"line":138,"column":29},"end":{"line":142,"column":5}},"line":138},"14":{"name":"(anonymous_14)","decl":{"start":{"line":139,"column":57},"end":{"line":139,"column":58}},"loc":{"start":{"line":139,"column":64},"end":{"line":141,"column":9}},"line":139},"15":{"name":"(anonymous_15)","decl":{"start":{"line":143,"column":4},"end":{"line":143,"column":5}},"loc":{"start":{"line":143,"column":39},"end":{"line":156,"column":5}},"line":143},"16":{"name":"(anonymous_16)","decl":{"start":{"line":147,"column":59},"end":{"line":147,"column":60}},"loc":{"start":{"line":147,"column":72},"end":{"line":154,"column":9}},"line":147}},"branchMap":{"0":{"loc":{"start":{"line":2,"column":16},"end":{"line":9,"column":1}},"type":"binary-expr","locations":[{"start":{"line":2,"column":17},"end":{"line":2,"column":21}},{"start":{"line":2,"column":25},"end":{"line":2,"column":39}},{"start":{"line":2,"column":44},"end":{"line":9,"column":1}}],"line":2},"1":{"loc":{"start":{"line":3,"column":16},"end":{"line":3,"column":34}},"type":"binary-expr","locations":[{"start":{"line":3,"column":16},"end":{"line":3,"column":17}},{"start":{"line":3,"column":22},"end":{"line":3,"column":33}}],"line":3},"2":{"loc":{"start":{"line":6,"column":32},"end":{"line":6,"column":148}},"type":"cond-expr","locations":[{"start":{"line":6,"column":46},"end":{"line":6,"column":67}},{"start":{"line":6,"column":70},"end":{"line":6,"column":148}}],"line":6},"3":{"loc":{"start":{"line":7,"column":51},"end":{"line":7,"column":67}},"type":"binary-expr","locations":[{"start":{"line":7,"column":51},"end":{"line":7,"column":61}},{"start":{"line":7,"column":65},"end":{"line":7,"column":67}}],"line":7},"4":{"loc":{"start":{"line":29,"column":12},"end":{"line":31,"column":13}},"type":"if","locations":[{"start":{"line":29,"column":12},"end":{"line":31,"column":13}},{"start":{"line":29,"column":12},"end":{"line":31,"column":13}}],"line":29},"5":{"loc":{"start":{"line":32,"column":12},"end":{"line":35,"column":13}},"type":"if","locations":[{"start":{"line":32,"column":12},"end":{"line":35,"column":13}},{"start":{"line":32,"column":12},"end":{"line":35,"column":13}}],"line":32},"6":{"loc":{"start":{"line":105,"column":16},"end":{"line":107,"column":17}},"type":"if","locations":[{"start":{"line":105,"column":16},"end":{"line":107,"column":17}},{"start":{"line":105,"column":16},"end":{"line":107,"column":17}}],"line":105},"7":{"loc":{"start":{"line":144,"column":8},"end":{"line":146,"column":9}},"type":"if","locations":[{"start":{"line":144,"column":8},"end":{"line":146,"column":9}},{"start":{"line":144,"column":8},"end":{"line":146,"column":9}}],"line":144},"8":{"loc":{"start":{"line":149,"column":12},"end":{"line":153,"column":13}},"type":"if","locations":[{"start":{"line":149,"column":12},"end":{"line":153,"column":13}},{"start":{"line":149,"column":12},"end":{"line":153,"column":13}}],"line":149},"9":{"loc":{"start":{"line":150,"column":16},"end":{"line":152,"column":17}},"type":"if","locations":[{"start":{"line":150,"column":16},"end":{"line":152,"column":17}},{"start":{"line":150,"column":16},"end":{"line":152,"column":17}}],"line":150}},"s":{"0":1,"1":1,"2":2,"3":2,"4":0,"5":0,"6":0,"7":0,"8":3,"9":2,"10":1,"11":1,"12":1,"13":0,"14":1,"15":1,"16":1,"17":0,"18":0,"19":0,"20":0,"21":0,"22":0,"23":0,"24":0,"25":0,"26":0,"27":0,"28":0,"29":0,"30":0,"31":0,"32":1,"33":1,"34":1,"35":1,"36":1,"37":1,"38":0,"39":0,"40":0,"41":0,"42":0,"43":0,"44":0,"45":0,"46":0,"47":0,"48":0,"49":1},"f":{"0":1,"1":1,"2":2,"3":0,"4":3,"5":2,"6":0,"7":1,"8":0,"9":0,"10":0,"11":1,"12":1,"13":0,"14":0,"15":0,"16":0},"b":{"0":[1,1,1],"1":[1,1],"2":[1,2],"3":[1,1],"4":[0,0],"5":[0,0],"6":[1,0],"7":[0,0],"8":[0,0],"9":[0,0]},"_coverageSchema":"332fd63041d2c1bcb487cc26dd0d5f7d97098a6c","hash":"28c23fa579359e8a6b7287311229be5af04cd1ca","contentHash":"4711d5bb31fc8ab98bd6dac0584fb566_11.1.0"},"C:\\Users\\chadc\\Documents\\git-projects\\infusion\\dist\\src\\session-writer-service\\requestToSessionConverter.js":{"path":"C:\\Users\\chadc\\Documents\\git-projects\\infusion\\dist\\src\\session-writer-service\\requestToSessionConverter.js","statementMap":{"0":{"start":{"line":2,"column":0},"end":{"line":2,"column":62}},"1":{"start":{"line":3,"column":18},"end":{"line":3,"column":62}},"2":{"start":{"line":6,"column":21},"end":{"line":6,"column":44}},"3":{"start":{"line":7,"column":8},"end":{"line":7,"column":51}},"4":{"start":{"line":8,"column":8},"end":{"line":8,"column":57}},"5":{"start":{"line":9,"column":8},"end":{"line":9,"column":63}},"6":{"start":{"line":10,"column":8},"end":{"line":10,"column":49}},"7":{"start":{"line":11,"column":8},"end":{"line":11,"column":55}},"8":{"start":{"line":12,"column":8},"end":{"line":12,"column":47}},"9":{"start":{"line":13,"column":8},"end":{"line":13,"column":57}},"10":{"start":{"line":14,"column":8},"end":{"line":14,"column":49}},"11":{"start":{"line":15,"column":8},"end":{"line":15,"column":53}},"12":{"start":{"line":16,"column":8},"end":{"line":16,"column":81}},"13":{"start":{"line":17,"column":8},"end":{"line":17,"column":53}},"14":{"start":{"line":18,"column":8},"end":{"line":18,"column":49}},"15":{"start":{"line":19,"column":8},"end":{"line":19,"column":37}},"16":{"start":{"line":20,"column":8},"end":{"line":20,"column":39}},"17":{"start":{"line":21,"column":8},"end":{"line":21,"column":22}},"18":{"start":{"line":24,"column":0},"end":{"line":24,"column":62}}},"fnMap":{"0":{"name":"(anonymous_0)","decl":{"start":{"line":5,"column":4},"end":{"line":5,"column":5}},"loc":{"start":{"line":5,"column":21},"end":{"line":22,"column":5}},"line":5}},"branchMap":{},"s":{"0":1,"1":1,"2":0,"3":0,"4":0,"5":0,"6":0,"7":0,"8":0,"9":0,"10":0,"11":0,"12":0,"13":0,"14":0,"15":0,"16":0,"17":0,"18":1},"f":{"0":0},"b":{},"_coverageSchema":"332fd63041d2c1bcb487cc26dd0d5f7d97098a6c","hash":"0b06a1e06a1c3877255eb05b653a1ae36158b226","contentHash":"ce77cc7c5c15b9225a0145b4825026cf_11.1.0"},"C:\\Users\\chadc\\Documents\\git-projects\\infusion\\dist\\src\\session-writer-service\\session.js":{"path":"C:\\Users\\chadc\\Documents\\git-projects\\infusion\\dist\\src\\session-writer-service\\session.js","statementMap":{"0":{"start":{"line":2,"column":0},"end":{"line":2,"column":62}},"1":{"start":{"line":5,"column":0},"end":{"line":5,"column":26}}},"fnMap":{},"branchMap":{},"s":{"0":1,"1":1},"f":{},"b":{},"_coverageSchema":"332fd63041d2c1bcb487cc26dd0d5f7d97098a6c","hash":"26cc517b8ab4bb6f5f1adf4024ad8014bda527f0","contentHash":"02c529b474870bfaf80a0cf6f94e9683_11.1.0"},"C:\\Users\\chadc\\Documents\\git-projects\\infusion\\dist\\src\\session-writer-service\\session-writer-configuration.js":{"path":"C:\\Users\\chadc\\Documents\\git-projects\\infusion\\dist\\src\\session-writer-service\\session-writer-configuration.js","statementMap":{"0":{"start":{"line":2,"column":0},"end":{"line":2,"column":62}},"1":{"start":{"line":5,"column":8},"end":{"line":5,"column":51}},"2":{"start":{"line":6,"column":8},"end":{"line":6,"column":58}},"3":{"start":{"line":7,"column":8},"end":{"line":7,"column":58}},"4":{"start":{"line":8,"column":8},"end":{"line":13,"column":10}},"5":{"start":{"line":16,"column":0},"end":{"line":16,"column":64}}},"fnMap":{"0":{"name":"(anonymous_0)","decl":{"start":{"line":4,"column":4},"end":{"line":4,"column":5}},"loc":{"start":{"line":4,"column":18},"end":{"line":14,"column":5}},"line":4}},"branchMap":{},"s":{"0":1,"1":1,"2":1,"3":1,"4":1,"5":1},"f":{"0":1},"b":{},"_coverageSchema":"332fd63041d2c1bcb487cc26dd0d5f7d97098a6c","hash":"7dd71925a679fec43908e2535be5d8c016b2bcc3","contentHash":"6caa6a1a2d9c2acbc1f36b71cc33ac1e_11.1.0"},"C:\\Users\\chadc\\Documents\\git-projects\\infusion\\dist\\src\\proxy-service\\application-services\\markup-modifier.js":{"path":"C:\\Users\\chadc\\Documents\\git-projects\\infusion\\dist\\src\\proxy-service\\application-services\\markup-modifier.js","statementMap":{"0":{"start":{"line":2,"column":0},"end":{"line":2,"column":62}},"1":{"start":{"line":5,"column":8},"end":{"line":5,"column":23}},"2":{"start":{"line":8,"column":8},"end":{"line":8,"column":47}},"3":{"start":{"line":9,"column":22},"end":{"line":9,"column":33}},"4":{"start":{"line":10,"column":35},"end":{"line":10,"column":52}},"5":{"start":{"line":11,"column":19},"end":{"line":11,"column":113}},"6":{"start":{"line":12,"column":8},"end":{"line":12,"column":34}},"7":{"start":{"line":15,"column":21},"end":{"line":15,"column":32}},"8":{"start":{"line":16,"column":8},"end":{"line":22,"column":11}},"9":{"start":{"line":17,"column":12},"end":{"line":21,"column":13}},"10":{"start":{"line":18,"column":16},"end":{"line":18,"column":67}},"11":{"start":{"line":23,"column":8},"end":{"line":23,"column":22}},"12":{"start":{"line":26,"column":0},"end":{"line":26,"column":40}}},"fnMap":{"0":{"name":"(anonymous_0)","decl":{"start":{"line":4,"column":4},"end":{"line":4,"column":5}},"loc":{"start":{"line":4,"column":21},"end":{"line":6,"column":5}},"line":4},"1":{"name":"(anonymous_1)","decl":{"start":{"line":7,"column":4},"end":{"line":7,"column":5}},"loc":{"start":{"line":7,"column":35},"end":{"line":13,"column":5}},"line":7},"2":{"name":"(anonymous_2)","decl":{"start":{"line":12,"column":23},"end":{"line":12,"column":24}},"loc":{"start":{"line":12,"column":29},"end":{"line":12,"column":32}},"line":12},"3":{"name":"(anonymous_3)","decl":{"start":{"line":14,"column":4},"end":{"line":14,"column":5}},"loc":{"start":{"line":14,"column":48},"end":{"line":24,"column":5}},"line":14},"4":{"name":"(anonymous_4)","decl":{"start":{"line":16,"column":45},"end":{"line":16,"column":46}},"loc":{"start":{"line":16,"column":63},"end":{"line":22,"column":9}},"line":16}},"branchMap":{"0":{"loc":{"start":{"line":17,"column":12},"end":{"line":21,"column":13}},"type":"if","locations":[{"start":{"line":17,"column":12},"end":{"line":21,"column":13}},{"start":{"line":17,"column":12},"end":{"line":21,"column":13}}],"line":17}},"s":{"0":1,"1":3,"2":2,"3":2,"4":2,"5":2,"6":2,"7":2,"8":2,"9":4,"10":0,"11":2,"12":1},"f":{"0":3,"1":2,"2":2,"3":2,"4":4},"b":{"0":[0,4]},"_coverageSchema":"332fd63041d2c1bcb487cc26dd0d5f7d97098a6c","hash":"ae60c62cc270b6016b7d95bb89cb7da34612f733","contentHash":"0c9553857a7ce491785c038eda01cd3a_11.1.0"},"C:\\Users\\chadc\\Documents\\git-projects\\infusion\\dist\\src\\proxy-service\\domain\\modification.js":{"path":"C:\\Users\\chadc\\Documents\\git-projects\\infusion\\dist\\src\\proxy-service\\domain\\modification.js","statementMap":{"0":{"start":{"line":2,"column":0},"end":{"line":2,"column":62}},"1":{"start":{"line":4,"column":0},"end":{"line":7,"column":107}},"2":{"start":{"line":5,"column":4},"end":{"line":5,"column":82}},"3":{"start":{"line":6,"column":4},"end":{"line":6,"column":80}},"4":{"start":{"line":10,"column":8},"end":{"line":10,"column":35}},"5":{"start":{"line":11,"column":8},"end":{"line":11,"column":33}},"6":{"start":{"line":12,"column":8},"end":{"line":12,"column":49}},"7":{"start":{"line":13,"column":8},"end":{"line":13,"column":37}},"8":{"start":{"line":16,"column":21},"end":{"line":16,"column":23}},"9":{"start":{"line":17,"column":8},"end":{"line":17,"column":37}},"10":{"start":{"line":27,"column":8},"end":{"line":27,"column":22}},"11":{"start":{"line":46,"column":0},"end":{"line":46,"column":52}}},"fnMap":{"0":{"name":"(anonymous_0)","decl":{"start":{"line":4,"column":1},"end":{"line":4,"column":2}},"loc":{"start":{"line":4,"column":37},"end":{"line":7,"column":1}},"line":4},"1":{"name":"(anonymous_1)","decl":{"start":{"line":9,"column":4},"end":{"line":9,"column":5}},"loc":{"start":{"line":9,"column":67},"end":{"line":14,"column":5}},"line":9},"2":{"name":"(anonymous_2)","decl":{"start":{"line":15,"column":4},"end":{"line":15,"column":5}},"loc":{"start":{"line":15,"column":29},"end":{"line":28,"column":5}},"line":15}},"branchMap":{"0":{"loc":{"start":{"line":7,"column":30},"end":{"line":7,"column":105}},"type":"binary-expr","locations":[{"start":{"line":7,"column":30},"end":{"line":7,"column":62}},{"start":{"line":7,"column":67},"end":{"line":7,"column":104}}],"line":7}},"s":{"0":1,"1":1,"2":1,"3":1,"4":5,"5":5,"6":5,"7":5,"8":0,"9":0,"10":0,"11":1},"f":{"0":1,"1":5,"2":0},"b":{"0":[1,1]},"_coverageSchema":"332fd63041d2c1bcb487cc26dd0d5f7d97098a6c","hash":"a2c81eeea252a620295e545df31227796eff071a","contentHash":"0ad57014ed554761f99a992f38a90254_11.1.0"},"C:\\Users\\chadc\\Documents\\git-projects\\infusion\\dist\\src\\proxy-service\\domain\\configuration.js":{"path":"C:\\Users\\chadc\\Documents\\git-projects\\infusion\\dist\\src\\proxy-service\\domain\\configuration.js","statementMap":{"0":{"start":{"line":2,"column":0},"end":{"line":2,"column":62}},"1":{"start":{"line":7,"column":0},"end":{"line":7,"column":38}}},"fnMap":{"0":{"name":"(anonymous_0)","decl":{"start":{"line":4,"column":4},"end":{"line":4,"column":5}},"loc":{"start":{"line":4,"column":18},"end":{"line":5,"column":5}},"line":4}},"branchMap":{},"s":{"0":1,"1":1},"f":{"0":16},"b":{},"_coverageSchema":"332fd63041d2c1bcb487cc26dd0d5f7d97098a6c","hash":"e6f7e365506353c3ef7bb2725ed061e9e9af63de","contentHash":"0d79105779c9aaddecf36d4667c96a5b_11.1.0"},"C:\\Users\\chadc\\Documents\\git-projects\\infusion\\dist\\src\\proxy-service\\application-services\\service.js":{"path":"C:\\Users\\chadc\\Documents\\git-projects\\infusion\\dist\\src\\proxy-service\\application-services\\service.js","statementMap":{"0":{"start":{"line":2,"column":0},"end":{"line":2,"column":62}},"1":{"start":{"line":3,"column":18},"end":{"line":3,"column":46}},"2":{"start":{"line":4,"column":15},"end":{"line":4,"column":32}},"3":{"start":{"line":5,"column":32},"end":{"line":5,"column":98}},"4":{"start":{"line":6,"column":33},"end":{"line":6,"column":100}},"5":{"start":{"line":7,"column":24},"end":{"line":7,"column":82}},"6":{"start":{"line":8,"column":31},"end":{"line":8,"column":96}},"7":{"start":{"line":9,"column":13},"end":{"line":9,"column":28}},"8":{"start":{"line":10,"column":14},"end":{"line":10,"column":46}},"9":{"start":{"line":11,"column":16},"end":{"line":11,"column":34}},"10":{"start":{"line":64,"column":0},"end":{"line":64,"column":36}}},"fnMap":{},"branchMap":{},"s":{"0":1,"1":1,"2":1,"3":1,"4":1,"5":1,"6":1,"7":1,"8":1,"9":1,"10":1},"f":{},"b":{},"_coverageSchema":"332fd63041d2c1bcb487cc26dd0d5f7d97098a6c","hash":"9aa3776753e48e6aeffe606c3b09adf9638f262f","contentHash":"03520c1876c952c9fa98968d52e34065_11.1.0"},"C:\\Users\\chadc\\Documents\\git-projects\\infusion\\dist\\src\\proxy-service\\domain\\context.js":{"path":"C:\\Users\\chadc\\Documents\\git-projects\\infusion\\dist\\src\\proxy-service\\domain\\context.js","statementMap":{"0":{"start":{"line":2,"column":0},"end":{"line":2,"column":62}},"1":{"start":{"line":3,"column":18},"end":{"line":3,"column":38}},"2":{"start":{"line":4,"column":19},"end":{"line":4,"column":40}},"3":{"start":{"line":6,"column":0},"end":{"line":9,"column":83}},"4":{"start":{"line":7,"column":4},"end":{"line":7,"column":66}},"5":{"start":{"line":8,"column":4},"end":{"line":8,"column":68}},"6":{"start":{"line":12,"column":8},"end":{"line":12,"column":50}},"7":{"start":{"line":13,"column":8},"end":{"line":13,"column":47}},"8":{"start":{"line":14,"column":8},"end":{"line":14,"column":30}},"9":{"start":{"line":15,"column":8},"end":{"line":15,"column":29}},"10":{"start":{"line":16,"column":8},"end":{"line":16,"column":23}},"11":{"start":{"line":19,"column":21},"end":{"line":19,"column":23}},"12":{"start":{"line":20,"column":8},"end":{"line":20,"column":62}},"13":{"start":{"line":21,"column":8},"end":{"line":21,"column":36}},"14":{"start":{"line":27,"column":8},"end":{"line":27,"column":59}},"15":{"start":{"line":28,"column":8},"end":{"line":28,"column":61}},"16":{"start":{"line":29,"column":8},"end":{"line":29,"column":63}},"17":{"start":{"line":30,"column":8},"end":{"line":30,"column":69}},"18":{"start":{"line":31,"column":8},"end":{"line":31,"column":83}},"19":{"start":{"line":32,"column":8},"end":{"line":32,"column":62}},"20":{"start":{"line":33,"column":8},"end":{"line":33,"column":22}},"21":{"start":{"line":36,"column":21},"end":{"line":36,"column":23}},"22":{"start":{"line":37,"column":8},"end":{"line":37,"column":49}},"23":{"start":{"line":38,"column":8},"end":{"line":38,"column":71}},"24":{"start":{"line":39,"column":8},"end":{"line":39,"column":61}},"25":{"start":{"line":40,"column":8},"end":{"line":40,"column":47}},"26":{"start":{"line":41,"column":8},"end":{"line":41,"column":69}},"27":{"start":{"line":42,"column":8},"end":{"line":42,"column":49}},"28":{"start":{"line":43,"column":8},"end":{"line":43,"column":55}},"29":{"start":{"line":44,"column":8},"end":{"line":44,"column":47}},"30":{"start":{"line":45,"column":8},"end":{"line":45,"column":51}},"31":{"start":{"line":46,"column":8},"end":{"line":46,"column":68}},"32":{"start":{"line":47,"column":8},"end":{"line":47,"column":73}},"33":{"start":{"line":48,"column":8},"end":{"line":48,"column":46}},"34":{"start":{"line":49,"column":8},"end":{"line":49,"column":34}},"35":{"start":{"line":50,"column":8},"end":{"line":50,"column":32}},"36":{"start":{"line":51,"column":8},"end":{"line":51,"column":22}},"37":{"start":{"line":54,"column":0},"end":{"line":54,"column":26}}},"fnMap":{"0":{"name":"(anonymous_0)","decl":{"start":{"line":6,"column":1},"end":{"line":6,"column":2}},"loc":{"start":{"line":6,"column":29},"end":{"line":9,"column":1}},"line":6},"1":{"name":"(anonymous_1)","decl":{"start":{"line":11,"column":4},"end":{"line":11,"column":5}},"loc":{"start":{"line":11,"column":29},"end":{"line":17,"column":5}},"line":11},"2":{"name":"(anonymous_2)","decl":{"start":{"line":18,"column":4},"end":{"line":18,"column":5}},"loc":{"start":{"line":18,"column":15},"end":{"line":34,"column":5}},"line":18},"3":{"name":"(anonymous_3)","decl":{"start":{"line":35,"column":4},"end":{"line":35,"column":5}},"loc":{"start":{"line":35,"column":14},"end":{"line":52,"column":5}},"line":35}},"branchMap":{"0":{"loc":{"start":{"line":9,"column":22},"end":{"line":9,"column":81}},"type":"binary-expr","locations":[{"start":{"line":9,"column":22},"end":{"line":9,"column":46}},{"start":{"line":9,"column":51},"end":{"line":9,"column":80}}],"line":9}},"s":{"0":1,"1":1,"2":1,"3":1,"4":1,"5":1,"6":15,"7":15,"8":15,"9":15,"10":15,"11":1,"12":1,"13":1,"14":1,"15":1,"16":1,"17":1,"18":1,"19":1,"20":1,"21":0,"22":0,"23":0,"24":0,"25":0,"26":0,"27":0,"28":0,"29":0,"30":0,"31":0,"32":0,"33":0,"34":0,"35":0,"36":0,"37":1},"f":{"0":1,"1":15,"2":1,"3":0},"b":{"0":[1,1]},"_coverageSchema":"332fd63041d2c1bcb487cc26dd0d5f7d97098a6c","hash":"8204fecee9263481767aaa17d11595e74df19039","contentHash":"8786f90221d3a9a86e30d59d579f21aa_11.1.0"},"C:\\Users\\chadc\\Documents\\git-projects\\infusion\\dist\\src\\proxy-service\\domain\\request.js":{"path":"C:\\Users\\chadc\\Documents\\git-projects\\infusion\\dist\\src\\proxy-service\\domain\\request.js","statementMap":{"0":{"start":{"line":2,"column":0},"end":{"line":2,"column":62}},"1":{"start":{"line":4,"column":20},"end":{"line":4,"column":72}},"2":{"start":{"line":6,"column":0},"end":{"line":6,"column":26}}},"fnMap":{"0":{"name":"(anonymous_0)","decl":{"start":{"line":4,"column":4},"end":{"line":4,"column":5}},"loc":{"start":{"line":4,"column":18},"end":{"line":4,"column":74}},"line":4}},"branchMap":{},"s":{"0":1,"1":3,"2":1},"f":{"0":3},"b":{},"_coverageSchema":"332fd63041d2c1bcb487cc26dd0d5f7d97098a6c","hash":"0665ad8623fecc1c8ec0bf897d2ecd109e037c90","contentHash":"05f73810abf1aa9c0016e2a09b4069b7_11.1.0"},"C:\\Users\\chadc\\Documents\\git-projects\\infusion\\dist\\src\\proxy-service\\domain\\response.js":{"path":"C:\\Users\\chadc\\Documents\\git-projects\\infusion\\dist\\src\\proxy-service\\domain\\response.js","statementMap":{"0":{"start":{"line":2,"column":0},"end":{"line":2,"column":62}},"1":{"start":{"line":5,"column":8},"end":{"line":5,"column":23}},"2":{"start":{"line":8,"column":0},"end":{"line":8,"column":28}}},"fnMap":{"0":{"name":"(anonymous_0)","decl":{"start":{"line":4,"column":4},"end":{"line":4,"column":5}},"loc":{"start":{"line":4,"column":18},"end":{"line":6,"column":5}},"line":4}},"branchMap":{},"s":{"0":1,"1":15,"2":1},"f":{"0":15},"b":{},"_coverageSchema":"332fd63041d2c1bcb487cc26dd0d5f7d97098a6c","hash":"4bec519637222d770b9931d47a12ad75e2a9569d","contentHash":"d2a5bc25b39a3366633c70ea9385a6ef_11.1.0"},"C:\\Users\\chadc\\Documents\\git-projects\\infusion\\dist\\src\\proxy-service\\domain-services\\event-handlers\\proxy-request-handler.js":{"path":"C:\\Users\\chadc\\Documents\\git-projects\\infusion\\dist\\src\\proxy-service\\domain-services\\event-handlers\\proxy-request-handler.js","statementMap":{"0":{"start":{"line":2,"column":0},"end":{"line":2,"column":62}},"1":{"start":{"line":3,"column":18},"end":{"line":3,"column":49}},"2":{"start":{"line":4,"column":26},"end":{"line":4,"column":54}},"3":{"start":{"line":7,"column":8},"end":{"line":7,"column":23}},"4":{"start":{"line":8,"column":8},"end":{"line":8,"column":29}},"5":{"start":{"line":12,"column":22},"end":{"line":12,"column":104}},"6":{"start":{"line":13,"column":8},"end":{"line":13,"column":34}},"7":{"start":{"line":14,"column":8},"end":{"line":14,"column":47}},"8":{"start":{"line":17,"column":25},"end":{"line":17,"column":85}},"9":{"start":{"line":18,"column":8},"end":{"line":18,"column":30}},"10":{"start":{"line":19,"column":8},"end":{"line":19,"column":65}},"11":{"start":{"line":19,"column":36},"end":{"line":19,"column":61}},"12":{"start":{"line":20,"column":8},"end":{"line":20,"column":48}},"13":{"start":{"line":20,"column":28},"end":{"line":20,"column":46}},"14":{"start":{"line":23,"column":0},"end":{"line":23,"column":50}}},"fnMap":{"0":{"name":"(anonymous_0)","decl":{"start":{"line":6,"column":4},"end":{"line":6,"column":5}},"loc":{"start":{"line":6,"column":29},"end":{"line":9,"column":5}},"line":6},"1":{"name":"(anonymous_1)","decl":{"start":{"line":10,"column":4},"end":{"line":10,"column":5}},"loc":{"start":{"line":10,"column":31},"end":{"line":15,"column":5}},"line":10},"2":{"name":"(anonymous_2)","decl":{"start":{"line":16,"column":4},"end":{"line":16,"column":5}},"loc":{"start":{"line":16,"column":38},"end":{"line":21,"column":5}},"line":16},"3":{"name":"(anonymous_3)","decl":{"start":{"line":19,"column":23},"end":{"line":19,"column":24}},"loc":{"start":{"line":19,"column":34},"end":{"line":19,"column":63}},"line":19},"4":{"name":"(anonymous_4)","decl":{"start":{"line":20,"column":22},"end":{"line":20,"column":23}},"loc":{"start":{"line":20,"column":28},"end":{"line":20,"column":46}},"line":20}},"branchMap":{"0":{"loc":{"start":{"line":12,"column":22},"end":{"line":12,"column":104}},"type":"cond-expr","locations":[{"start":{"line":12,"column":46},"end":{"line":12,"column":90}},{"start":{"line":12,"column":93},"end":{"line":12,"column":104}}],"line":12}},"s":{"0":1,"1":1,"2":1,"3":4,"4":4,"5":4,"6":4,"7":4,"8":4,"9":4,"10":4,"11":1,"12":4,"13":1,"14":1},"f":{"0":4,"1":4,"2":4,"3":1,"4":1},"b":{"0":[1,3]},"_coverageSchema":"332fd63041d2c1bcb487cc26dd0d5f7d97098a6c","hash":"463edacd187da0543b71def0a7ec2da54565c51c","contentHash":"77d9b25d28ba7d67e12379d8ac2e79be_11.1.0"},"C:\\Users\\chadc\\Documents\\git-projects\\infusion\\dist\\src\\proxy-service\\domain-services\\event-handlers\\request-handler.js":{"path":"C:\\Users\\chadc\\Documents\\git-projects\\infusion\\dist\\src\\proxy-service\\domain-services\\event-handlers\\request-handler.js","statementMap":{"0":{"start":{"line":2,"column":0},"end":{"line":2,"column":62}},"1":{"start":{"line":5,"column":8},"end":{"line":5,"column":35}},"2":{"start":{"line":6,"column":8},"end":{"line":6,"column":23}},"3":{"start":{"line":7,"column":8},"end":{"line":7,"column":23}},"4":{"start":{"line":8,"column":8},"end":{"line":8,"column":31}},"5":{"start":{"line":9,"column":8},"end":{"line":9,"column":39}},"6":{"start":{"line":12,"column":8},"end":{"line":12,"column":34}},"7":{"start":{"line":13,"column":8},"end":{"line":13,"column":43}},"8":{"start":{"line":16,"column":8},"end":{"line":16,"column":60}},"9":{"start":{"line":19,"column":8},"end":{"line":29,"column":9}},"10":{"start":{"line":20,"column":28},"end":{"line":20,"column":37}},"11":{"start":{"line":21,"column":12},"end":{"line":24,"column":15}},"12":{"start":{"line":22,"column":35},"end":{"line":22,"column":53}},"13":{"start":{"line":23,"column":16},"end":{"line":23,"column":75}},"14":{"start":{"line":25,"column":12},"end":{"line":25,"column":29}},"15":{"start":{"line":28,"column":12},"end":{"line":28,"column":29}},"16":{"start":{"line":32,"column":8},"end":{"line":32,"column":48}},"17":{"start":{"line":33,"column":8},"end":{"line":33,"column":58}},"18":{"start":{"line":34,"column":8},"end":{"line":34,"column":91}},"19":{"start":{"line":35,"column":8},"end":{"line":35,"column":54}},"20":{"start":{"line":36,"column":24},"end":{"line":36,"column":55}},"21":{"start":{"line":37,"column":8},"end":{"line":37,"column":72}},"22":{"start":{"line":40,"column":0},"end":{"line":40,"column":40}}},"fnMap":{"0":{"name":"(anonymous_0)","decl":{"start":{"line":4,"column":4},"end":{"line":4,"column":5}},"loc":{"start":{"line":4,"column":35},"end":{"line":10,"column":5}},"line":4},"1":{"name":"(anonymous_1)","decl":{"start":{"line":11,"column":4},"end":{"line":11,"column":5}},"loc":{"start":{"line":11,"column":18},"end":{"line":14,"column":5}},"line":11},"2":{"name":"(anonymous_2)","decl":{"start":{"line":15,"column":4},"end":{"line":15,"column":5}},"loc":{"start":{"line":15,"column":12},"end":{"line":17,"column":5}},"line":15},"3":{"name":"(anonymous_3)","decl":{"start":{"line":18,"column":4},"end":{"line":18,"column":5}},"loc":{"start":{"line":18,"column":31},"end":{"line":30,"column":5}},"line":18},"4":{"name":"(anonymous_4)","decl":{"start":{"line":21,"column":53},"end":{"line":21,"column":54}},"loc":{"start":{"line":21,"column":64},"end":{"line":24,"column":13}},"line":21},"5":{"name":"(anonymous_5)","decl":{"start":{"line":31,"column":4},"end":{"line":31,"column":5}},"loc":{"start":{"line":31,"column":41},"end":{"line":38,"column":5}},"line":31}},"branchMap":{"0":{"loc":{"start":{"line":34,"column":40},"end":{"line":34,"column":90}},"type":"cond-expr","locations":[{"start":{"line":34,"column":74},"end":{"line":34,"column":81}},{"start":{"line":34,"column":84},"end":{"line":34,"column":90}}],"line":34}},"s":{"0":1,"1":8,"2":8,"3":8,"4":8,"5":8,"6":3,"7":3,"8":4,"9":3,"10":3,"11":3,"12":2,"13":2,"14":1,"15":2,"16":4,"17":4,"18":3,"19":3,"20":3,"21":3,"22":1},"f":{"0":8,"1":3,"2":4,"3":3,"4":2,"5":4},"b":{"0":[1,2]},"_coverageSchema":"332fd63041d2c1bcb487cc26dd0d5f7d97098a6c","hash":"7a981cc510b46284e9c91173b1dc6bc7a0eab139","contentHash":"05a6931af6adb8915b656fc0f3418206_11.1.0"},"C:\\Users\\chadc\\Documents\\git-projects\\infusion\\dist\\src\\proxy-service\\domain-services\\event-handlers\\proxy-response-handler.js":{"path":"C:\\Users\\chadc\\Documents\\git-projects\\infusion\\dist\\src\\proxy-service\\domain-services\\event-handlers\\proxy-response-handler.js","statementMap":{"0":{"start":{"line":2,"column":0},"end":{"line":2,"column":62}},"1":{"start":{"line":3,"column":13},"end":{"line":3,"column":28}},"2":{"start":{"line":4,"column":27},"end":{"line":4,"column":56}},"3":{"start":{"line":7,"column":8},"end":{"line":7,"column":23}},"4":{"start":{"line":10,"column":22},"end":{"line":10,"column":33}},"5":{"start":{"line":12,"column":8},"end":{"line":14,"column":9}},"6":{"start":{"line":13,"column":12},"end":{"line":13,"column":96}},"7":{"start":{"line":15,"column":25},"end":{"line":15,"column":97}},"8":{"start":{"line":16,"column":23},"end":{"line":16,"column":59}},"9":{"start":{"line":28,"column":8},"end":{"line":30,"column":11}},"10":{"start":{"line":29,"column":12},"end":{"line":29,"column":37}},"11":{"start":{"line":31,"column":8},"end":{"line":33,"column":11}},"12":{"start":{"line":32,"column":12},"end":{"line":32,"column":31}},"13":{"start":{"line":36,"column":0},"end":{"line":36,"column":52}}},"fnMap":{"0":{"name":"(anonymous_0)","decl":{"start":{"line":6,"column":4},"end":{"line":6,"column":5}},"loc":{"start":{"line":6,"column":21},"end":{"line":8,"column":5}},"line":6},"1":{"name":"(anonymous_1)","decl":{"start":{"line":9,"column":4},"end":{"line":9,"column":5}},"loc":{"start":{"line":9,"column":31},"end":{"line":34,"column":5}},"line":9},"2":{"name":"(anonymous_2)","decl":{"start":{"line":28,"column":26},"end":{"line":28,"column":27}},"loc":{"start":{"line":28,"column":37},"end":{"line":30,"column":9}},"line":28},"3":{"name":"(anonymous_3)","decl":{"start":{"line":31,"column":25},"end":{"line":31,"column":26}},"loc":{"start":{"line":31,"column":31},"end":{"line":33,"column":9}},"line":31}},"branchMap":{"0":{"loc":{"start":{"line":12,"column":8},"end":{"line":14,"column":9}},"type":"if","locations":[{"start":{"line":12,"column":8},"end":{"line":14,"column":9}},{"start":{"line":12,"column":8},"end":{"line":14,"column":9}}],"line":12}},"s":{"0":1,"1":1,"2":1,"3":3,"4":3,"5":3,"6":1,"7":2,"8":2,"9":2,"10":1,"11":2,"12":1,"13":1},"f":{"0":3,"1":3,"2":1,"3":1},"b":{"0":[1,2]},"_coverageSchema":"332fd63041d2c1bcb487cc26dd0d5f7d97098a6c","hash":"6680b7f324fa0dcd1790f131815d130cda14612e","contentHash":"f8171334c88d31a924501e775ae852de_11.1.0"},"C:\\Users\\chadc\\Documents\\git-projects\\infusion\\dist\\src\\proxy-service\\domain-services\\event-handlers\\response-handler.js":{"path":"C:\\Users\\chadc\\Documents\\git-projects\\infusion\\dist\\src\\proxy-service\\domain-services\\event-handlers\\response-handler.js","statementMap":{"0":{"start":{"line":2,"column":0},"end":{"line":2,"column":62}},"1":{"start":{"line":5,"column":8},"end":{"line":5,"column":23}},"2":{"start":{"line":6,"column":8},"end":{"line":6,"column":31}},"3":{"start":{"line":7,"column":8},"end":{"line":7,"column":33}},"4":{"start":{"line":8,"column":8},"end":{"line":8,"column":40}},"5":{"start":{"line":9,"column":8},"end":{"line":9,"column":23}},"6":{"start":{"line":12,"column":8},"end":{"line":12,"column":61}},"7":{"start":{"line":15,"column":8},"end":{"line":15,"column":68}},"8":{"start":{"line":16,"column":8},"end":{"line":16,"column":62}},"9":{"start":{"line":19,"column":0},"end":{"line":19,"column":42}}},"fnMap":{"0":{"name":"(anonymous_0)","decl":{"start":{"line":4,"column":4},"end":{"line":4,"column":5}},"loc":{"start":{"line":4,"column":45},"end":{"line":10,"column":5}},"line":4},"1":{"name":"(anonymous_1)","decl":{"start":{"line":11,"column":4},"end":{"line":11,"column":5}},"loc":{"start":{"line":11,"column":18},"end":{"line":13,"column":5}},"line":11},"2":{"name":"(anonymous_2)","decl":{"start":{"line":14,"column":4},"end":{"line":14,"column":5}},"loc":{"start":{"line":14,"column":12},"end":{"line":17,"column":5}},"line":14}},"branchMap":{},"s":{"0":1,"1":3,"2":3,"3":3,"4":3,"5":3,"6":1,"7":1,"8":1,"9":1},"f":{"0":3,"1":1,"2":1},"b":{},"_coverageSchema":"332fd63041d2c1bcb487cc26dd0d5f7d97098a6c","hash":"997e4139cf440c93190102c3d2cd5cc6617adaa5","contentHash":"91e16bef48ba1737dce0673c48bb88cd_11.1.0"},"C:\\Users\\chadc\\Documents\\git-projects\\infusion\\dist\\src\\proxy-service\\domain-services\\event-handlers\\error-handler.js":{"path":"C:\\Users\\chadc\\Documents\\git-projects\\infusion\\dist\\src\\proxy-service\\domain-services\\event-handlers\\error-handler.js","statementMap":{"0":{"start":{"line":2,"column":0},"end":{"line":2,"column":62}},"1":{"start":{"line":5,"column":8},"end":{"line":5,"column":23}},"2":{"start":{"line":8,"column":8},"end":{"line":8,"column":61}},"3":{"start":{"line":9,"column":8},"end":{"line":9,"column":48}},"4":{"start":{"line":12,"column":0},"end":{"line":12,"column":36}}},"fnMap":{"0":{"name":"(anonymous_0)","decl":{"start":{"line":4,"column":4},"end":{"line":4,"column":5}},"loc":{"start":{"line":4,"column":21},"end":{"line":6,"column":5}},"line":4},"1":{"name":"(anonymous_1)","decl":{"start":{"line":7,"column":4},"end":{"line":7,"column":5}},"loc":{"start":{"line":7,"column":26},"end":{"line":10,"column":5}},"line":7}},"branchMap":{},"s":{"0":1,"1":1,"2":1,"3":1,"4":1},"f":{"0":1,"1":1},"b":{},"_coverageSchema":"332fd63041d2c1bcb487cc26dd0d5f7d97098a6c","hash":"4d0d4206a23d385c8529987f02ba034785f5672c","contentHash":"8982c37cfcc1b85998c92ace76c4f744_11.1.0"},"C:\\Users\\chadc\\Documents\\git-projects\\infusion\\dist\\src\\proxy-service\\domain-services\\event-handlers\\path-rewrite-handler.js":{"path":"C:\\Users\\chadc\\Documents\\git-projects\\infusion\\dist\\src\\proxy-service\\domain-services\\event-handlers\\path-rewrite-handler.js","statementMap":{"0":{"start":{"line":2,"column":0},"end":{"line":2,"column":62}},"1":{"start":{"line":5,"column":8},"end":{"line":5,"column":23}},"2":{"start":{"line":13,"column":0},"end":{"line":13,"column":48}}},"fnMap":{"0":{"name":"(anonymous_0)","decl":{"start":{"line":4,"column":4},"end":{"line":4,"column":5}},"loc":{"start":{"line":4,"column":21},"end":{"line":6,"column":5}},"line":4}},"branchMap":{},"s":{"0":1,"1":1,"2":1},"f":{"0":1},"b":{},"_coverageSchema":"332fd63041d2c1bcb487cc26dd0d5f7d97098a6c","hash":"ccd338b66fda767f8eae955b651f4982f172a58d","contentHash":"8189bde211b188e1ff0af5bdb33c3261_11.1.0"},"C:\\Users\\chadc\\Documents\\git-projects\\infusion\\dist\\src\\winston-logger.js":{"path":"C:\\Users\\chadc\\Documents\\git-projects\\infusion\\dist\\src\\winston-logger.js","statementMap":{"0":{"start":{"line":2,"column":0},"end":{"line":2,"column":62}},"1":{"start":{"line":3,"column":16},"end":{"line":3,"column":34}},"2":{"start":{"line":43,"column":0},"end":{"line":43,"column":32}}},"fnMap":{},"branchMap":{},"s":{"0":1,"1":1,"2":1},"f":{},"b":{},"_coverageSchema":"332fd63041d2c1bcb487cc26dd0d5f7d97098a6c","hash":"dbd0c972242825fdac3df2c28ec413d833dae335","contentHash":"479be31d3fcb3a231fadb48b9a4935e5_11.1.0"},"C:\\Users\\chadc\\Documents\\git-projects\\infusion\\dist\\src\\logger.js":{"path":"C:\\Users\\chadc\\Documents\\git-projects\\infusion\\dist\\src\\logger.js","statementMap":{"0":{"start":{"line":2,"column":0},"end":{"line":2,"column":62}}},"fnMap":{},"branchMap":{},"s":{"0":1},"f":{},"b":{},"_coverageSchema":"332fd63041d2c1bcb487cc26dd0d5f7d97098a6c","hash":"234080d67699fe7159b0cc15ca04f60a64dc8672","contentHash":"7fae71b341f1fd9a1c9f8e3d1076410a_11.1.0"},"C:\\Users\\chadc\\Documents\\git-projects\\infusion\\dist\\src\\plugin-query-service\\file-enumerator.js":{"path":"C:\\Users\\chadc\\Documents\\git-projects\\infusion\\dist\\src\\plugin-query-service\\file-enumerator.js","statementMap":{"0":{"start":{"line":2,"column":0},"end":{"line":2,"column":62}}},"fnMap":{},"branchMap":{},"s":{"0":1},"f":{},"b":{},"_coverageSchema":"332fd63041d2c1bcb487cc26dd0d5f7d97098a6c","hash":"ee02dc82d29a4fbdb102755a772488fb1476f141","contentHash":"31809c71a9e8273fcf7360b0e43d63fa_11.1.0"},"C:\\Users\\chadc\\Documents\\git-projects\\infusion\\dist\\src\\plugin-query-service\\file-reader.js":{"path":"C:\\Users\\chadc\\Documents\\git-projects\\infusion\\dist\\src\\plugin-query-service\\file-reader.js","statementMap":{"0":{"start":{"line":2,"column":0},"end":{"line":2,"column":62}}},"fnMap":{},"branchMap":{},"s":{"0":1},"f":{},"b":{},"_coverageSchema":"332fd63041d2c1bcb487cc26dd0d5f7d97098a6c","hash":"a1c0707984862a6b57fa2e7eb8ea7e4a82dab966","contentHash":"68848b84405c6293d067c9dd10a6d36c_11.1.0"},"C:\\Users\\chadc\\Documents\\git-projects\\infusion\\dist\\src\\plugin-query-service\\tests\\plugin-enumerator-test.js":{"path":"C:\\Users\\chadc\\Documents\\git-projects\\infusion\\dist\\src\\plugin-query-service\\tests\\plugin-enumerator-test.js","statementMap":{"0":{"start":{"line":2,"column":17},"end":{"line":7,"column":1}},"1":{"start":{"line":3,"column":12},"end":{"line":3,"column":28}},"2":{"start":{"line":3,"column":34},"end":{"line":3,"column":125}},"3":{"start":{"line":4,"column":4},"end":{"line":5,"column":150}},"4":{"start":{"line":4,"column":79},"end":{"line":4,"column":131}},"5":{"start":{"line":5,"column":9},"end":{"line":5,"column":150}},"6":{"start":{"line":5,"column":58},"end":{"line":5,"column":150}},"7":{"start":{"line":5,"column":81},"end":{"line":5,"column":150}},"8":{"start":{"line":6,"column":4},"end":{"line":6,"column":66}},"9":{"start":{"line":8,"column":17},"end":{"line":10,"column":1}},"10":{"start":{"line":9,"column":4},"end":{"line":9,"column":109}},"11":{"start":{"line":9,"column":79},"end":{"line":9,"column":109}},"12":{"start":{"line":11,"column":0},"end":{"line":11,"column":62}},"13":{"start":{"line":12,"column":32},"end":{"line":12,"column":67}},"14":{"start":{"line":13,"column":25},"end":{"line":13,"column":56}},"15":{"start":{"line":14,"column":28},"end":{"line":14,"column":59}},"16":{"start":{"line":15,"column":16},"end":{"line":15,"column":34}},"17":{"start":{"line":16,"column":27},"end":{"line":16,"column":54}},"18":{"start":{"line":17,"column":15},"end":{"line":17,"column":30}},"19":{"start":{"line":18,"column":28},"end":{"line":73,"column":1}},"20":{"start":{"line":20,"column":8},"end":{"line":20,"column":24}},"21":{"start":{"line":21,"column":8},"end":{"line":21,"column":53}},"22":{"start":{"line":22,"column":8},"end":{"line":22,"column":50}},"23":{"start":{"line":23,"column":8},"end":{"line":28,"column":10}},"24":{"start":{"line":31,"column":29},"end":{"line":35,"column":10}},"25":{"start":{"line":36,"column":25},"end":{"line":36,"column":68}},"26":{"start":{"line":37,"column":8},"end":{"line":37,"column":62}},"27":{"start":{"line":40,"column":29},"end":{"line":44,"column":10}},"28":{"start":{"line":45,"column":25},"end":{"line":45,"column":68}},"29":{"start":{"line":46,"column":8},"end":{"line":46,"column":62}},"30":{"start":{"line":47,"column":8},"end":{"line":47,"column":62}},"31":{"start":{"line":48,"column":8},"end":{"line":48,"column":99}},"32":{"start":{"line":48,"column":44},"end":{"line":48,"column":75}},"33":{"start":{"line":51,"column":8},"end":{"line":51,"column":84}},"34":{"start":{"line":52,"column":25},"end":{"line":52,"column":72}},"35":{"start":{"line":53,"column":24},"end":{"line":53,"column":93}},"36":{"start":{"line":54,"column":8},"end":{"line":54,"column":126}},"37":{"start":{"line":57,"column":25},"end":{"line":57,"column":46}},"38":{"start":{"line":58,"column":8},"end":{"line":60,"column":11}},"39":{"start":{"line":58,"column":30},"end":{"line":58,"column":61}},"40":{"start":{"line":59,"column":12},"end":{"line":59,"column":45}},"41":{"start":{"line":61,"column":8},"end":{"line":61,"column":26}},"42":{"start":{"line":64,"column":27},"end":{"line":64,"column":54}},"43":{"start":{"line":65,"column":21},"end":{"line":65,"column":42}},"44":{"start":{"line":66,"column":16},"end":{"line":66,"column":17}},"45":{"start":{"line":67,"column":8},"end":{"line":70,"column":11}},"46":{"start":{"line":67,"column":26},"end":{"line":67,"column":52}},"47":{"start":{"line":68,"column":12},"end":{"line":68,"column":65}},"48":{"start":{"line":69,"column":12},"end":{"line":69,"column":37}},"49":{"start":{"line":71,"column":8},"end":{"line":71,"column":29}},"50":{"start":{"line":74,"column":0},"end":{"line":79,"column":79}},"51":{"start":{"line":80,"column":0},"end":{"line":82,"column":26}}},"fnMap":{"0":{"name":"(anonymous_0)","decl":{"start":{"line":2,"column":46},"end":{"line":2,"column":47}},"loc":{"start":{"line":2,"column":87},"end":{"line":7,"column":1}},"line":2},"1":{"name":"(anonymous_1)","decl":{"start":{"line":8,"column":46},"end":{"line":8,"column":47}},"loc":{"start":{"line":8,"column":62},"end":{"line":10,"column":1}},"line":8},"2":{"name":"(anonymous_2)","decl":{"start":{"line":19,"column":4},"end":{"line":19,"column":5}},"loc":{"start":{"line":19,"column":13},"end":{"line":29,"column":5}},"line":19},"3":{"name":"(anonymous_3)","decl":{"start":{"line":25,"column":17},"end":{"line":25,"column":18}},"loc":{"start":{"line":25,"column":27},"end":{"line":27,"column":13}},"line":25},"4":{"name":"(anonymous_4)","decl":{"start":{"line":30,"column":4},"end":{"line":30,"column":5}},"loc":{"start":{"line":30,"column":40},"end":{"line":38,"column":5}},"line":30},"5":{"name":"(anonymous_5)","decl":{"start":{"line":39,"column":4},"end":{"line":39,"column":5}},"loc":{"start":{"line":39,"column":23},"end":{"line":49,"column":5}},"line":39},"6":{"name":"(anonymous_6)","decl":{"start":{"line":48,"column":39},"end":{"line":48,"column":40}},"loc":{"start":{"line":48,"column":44},"end":{"line":48,"column":75}},"line":48},"7":{"name":"(anonymous_7)","decl":{"start":{"line":50,"column":4},"end":{"line":50,"column":5}},"loc":{"start":{"line":50,"column":43},"end":{"line":55,"column":5}},"line":50},"8":{"name":"(anonymous_8)","decl":{"start":{"line":56,"column":4},"end":{"line":56,"column":5}},"loc":{"start":{"line":56,"column":41},"end":{"line":62,"column":5}},"line":56},"9":{"name":"(anonymous_9)","decl":{"start":{"line":58,"column":25},"end":{"line":58,"column":26}},"loc":{"start":{"line":58,"column":30},"end":{"line":58,"column":61}},"line":58},"10":{"name":"(anonymous_10)","decl":{"start":{"line":58,"column":71},"end":{"line":58,"column":72}},"loc":{"start":{"line":58,"column":77},"end":{"line":60,"column":9}},"line":58},"11":{"name":"(anonymous_11)","decl":{"start":{"line":63,"column":4},"end":{"line":63,"column":5}},"loc":{"start":{"line":63,"column":39},"end":{"line":72,"column":5}},"line":63},"12":{"name":"(anonymous_12)","decl":{"start":{"line":67,"column":21},"end":{"line":67,"column":22}},"loc":{"start":{"line":67,"column":26},"end":{"line":67,"column":52}},"line":67},"13":{"name":"(anonymous_13)","decl":{"start":{"line":67,"column":62},"end":{"line":67,"column":63}},"loc":{"start":{"line":67,"column":72},"end":{"line":70,"column":9}},"line":67}},"branchMap":{"0":{"loc":{"start":{"line":2,"column":17},"end":{"line":7,"column":1}},"type":"binary-expr","locations":[{"start":{"line":2,"column":18},"end":{"line":2,"column":22}},{"start":{"line":2,"column":26},"end":{"line":2,"column":41}},{"start":{"line":2,"column":46},"end":{"line":7,"column":1}}],"line":2},"1":{"loc":{"start":{"line":3,"column":34},"end":{"line":3,"column":125}},"type":"cond-expr","locations":[{"start":{"line":3,"column":42},"end":{"line":3,"column":48}},{"start":{"line":3,"column":51},"end":{"line":3,"column":125}}],"line":3},"2":{"loc":{"start":{"line":3,"column":51},"end":{"line":3,"column":125}},"type":"cond-expr","locations":[{"start":{"line":3,"column":67},"end":{"line":3,"column":118}},{"start":{"line":3,"column":121},"end":{"line":3,"column":125}}],"line":3},"3":{"loc":{"start":{"line":4,"column":4},"end":{"line":5,"column":150}},"type":"if","locations":[{"start":{"line":4,"column":4},"end":{"line":5,"column":150}},{"start":{"line":4,"column":4},"end":{"line":5,"column":150}}],"line":4},"4":{"loc":{"start":{"line":4,"column":8},"end":{"line":4,"column":77}},"type":"binary-expr","locations":[{"start":{"line":4,"column":8},"end":{"line":4,"column":35}},{"start":{"line":4,"column":39},"end":{"line":4,"column":77}}],"line":4},"5":{"loc":{"start":{"line":5,"column":58},"end":{"line":5,"column":150}},"type":"if","locations":[{"start":{"line":5,"column":58},"end":{"line":5,"column":150}},{"start":{"line":5,"column":58},"end":{"line":5,"column":150}}],"line":5},"6":{"loc":{"start":{"line":5,"column":85},"end":{"line":5,"column":149}},"type":"binary-expr","locations":[{"start":{"line":5,"column":86},"end":{"line":5,"column":143}},{"start":{"line":5,"column":148},"end":{"line":5,"column":149}}],"line":5},"7":{"loc":{"start":{"line":5,"column":86},"end":{"line":5,"column":143}},"type":"cond-expr","locations":[{"start":{"line":5,"column":94},"end":{"line":5,"column":98}},{"start":{"line":5,"column":101},"end":{"line":5,"column":143}}],"line":5},"8":{"loc":{"start":{"line":5,"column":101},"end":{"line":5,"column":143}},"type":"cond-expr","locations":[{"start":{"line":5,"column":109},"end":{"line":5,"column":126}},{"start":{"line":5,"column":129},"end":{"line":5,"column":143}}],"line":5},"9":{"loc":{"start":{"line":6,"column":11},"end":{"line":6,"column":62}},"type":"binary-expr","locations":[{"start":{"line":6,"column":11},"end":{"line":6,"column":16}},{"start":{"line":6,"column":20},"end":{"line":6,"column":21}},{"start":{"line":6,"column":25},"end":{"line":6,"column":62}}],"line":6},"10":{"loc":{"start":{"line":8,"column":17},"end":{"line":10,"column":1}},"type":"binary-expr","locations":[{"start":{"line":8,"column":18},"end":{"line":8,"column":22}},{"start":{"line":8,"column":26},"end":{"line":8,"column":41}},{"start":{"line":8,"column":46},"end":{"line":10,"column":1}}],"line":8},"11":{"loc":{"start":{"line":9,"column":4},"end":{"line":9,"column":109}},"type":"if","locations":[{"start":{"line":9,"column":4},"end":{"line":9,"column":109}},{"start":{"line":9,"column":4},"end":{"line":9,"column":109}}],"line":9},"12":{"loc":{"start":{"line":9,"column":8},"end":{"line":9,"column":77}},"type":"binary-expr","locations":[{"start":{"line":9,"column":8},"end":{"line":9,"column":35}},{"start":{"line":9,"column":39},"end":{"line":9,"column":77}}],"line":9}},"s":{"0":1,"1":2,"2":2,"3":2,"4":0,"5":2,"6":5,"7":2,"8":2,"9":1,"10":3,"11":0,"12":1,"13":1,"14":1,"15":1,"16":1,"17":1,"18":1,"19":1,"20":1,"21":1,"22":1,"23":1,"24":1,"25":1,"26":1,"27":0,"28":0,"29":0,"30":0,"31":0,"32":0,"33":1,"34":1,"35":1,"36":1,"37":1,"38":1,"39":1,"40":1,"41":1,"42":1,"43":1,"44":1,"45":1,"46":1,"47":2,"48":2,"49":1,"50":1,"51":1},"f":{"0":2,"1":3,"2":1,"3":2,"4":1,"5":0,"6":0,"7":1,"8":1,"9":1,"10":1,"11":1,"12":1,"13":2},"b":{"0":[1,1,1],"1":[1,1],"2":[1,0],"3":[0,2],"4":[2,2],"5":[2,3],"6":[2,2],"7":[1,1],"8":[1,0],"9":[2,1,1],"10":[1,1,1],"11":[0,3],"12":[3,3]},"_coverageSchema":"332fd63041d2c1bcb487cc26dd0d5f7d97098a6c","hash":"13288e7fb5bc40c26648fdc437cedb90d7941757","contentHash":"31bc4f2f23d3b895f537da5ee16a35e7_11.1.0"},"C:\\Users\\chadc\\Documents\\git-projects\\infusion\\dist\\src\\proxy-service\\application-services\\tests\\markup-modifier-test.js":{"path":"C:\\Users\\chadc\\Documents\\git-projects\\infusion\\dist\\src\\proxy-service\\application-services\\tests\\markup-modifier-test.js","statementMap":{"0":{"start":{"line":2,"column":17},"end":{"line":7,"column":1}},"1":{"start":{"line":3,"column":12},"end":{"line":3,"column":28}},"2":{"start":{"line":3,"column":34},"end":{"line":3,"column":125}},"3":{"start":{"line":4,"column":4},"end":{"line":5,"column":150}},"4":{"start":{"line":4,"column":79},"end":{"line":4,"column":131}},"5":{"start":{"line":5,"column":9},"end":{"line":5,"column":150}},"6":{"start":{"line":5,"column":58},"end":{"line":5,"column":150}},"7":{"start":{"line":5,"column":81},"end":{"line":5,"column":150}},"8":{"start":{"line":6,"column":4},"end":{"line":6,"column":66}},"9":{"start":{"line":8,"column":17},"end":{"line":10,"column":1}},"10":{"start":{"line":9,"column":4},"end":{"line":9,"column":109}},"11":{"start":{"line":9,"column":79},"end":{"line":9,"column":109}},"12":{"start":{"line":11,"column":0},"end":{"line":11,"column":62}},"13":{"start":{"line":12,"column":23},"end":{"line":12,"column":59}},"14":{"start":{"line":13,"column":26},"end":{"line":13,"column":55}},"15":{"start":{"line":14,"column":24},"end":{"line":14,"column":61}},"16":{"start":{"line":15,"column":18},"end":{"line":15,"column":49}},"17":{"start":{"line":16,"column":25},"end":{"line":16,"column":59}},"18":{"start":{"line":17,"column":27},"end":{"line":17,"column":54}},"19":{"start":{"line":18,"column":15},"end":{"line":18,"column":30}},"20":{"start":{"line":19,"column":25},"end":{"line":53,"column":1}},"21":{"start":{"line":21,"column":8},"end":{"line":21,"column":24}},"22":{"start":{"line":22,"column":8},"end":{"line":22,"column":53}},"23":{"start":{"line":23,"column":8},"end":{"line":23,"column":65}},"24":{"start":{"line":24,"column":8},"end":{"line":24,"column":83}},"25":{"start":{"line":25,"column":8},"end":{"line":25,"column":77}},"26":{"start":{"line":26,"column":8},"end":{"line":26,"column":34}},"27":{"start":{"line":27,"column":8},"end":{"line":27,"column":33}},"28":{"start":{"line":28,"column":8},"end":{"line":28,"column":48}},"29":{"start":{"line":29,"column":8},"end":{"line":29,"column":43}},"30":{"start":{"line":32,"column":8},"end":{"line":32,"column":37}},"31":{"start":{"line":33,"column":8},"end":{"line":33,"column":69}},"32":{"start":{"line":36,"column":8},"end":{"line":36,"column":36}},"33":{"start":{"line":37,"column":8},"end":{"line":37,"column":69}},"34":{"start":{"line":40,"column":8},"end":{"line":40,"column":56}},"35":{"start":{"line":41,"column":8},"end":{"line":41,"column":55}},"36":{"start":{"line":42,"column":8},"end":{"line":45,"column":10}},"37":{"start":{"line":48,"column":8},"end":{"line":51,"column":10}},"38":{"start":{"line":54,"column":0},"end":{"line":59,"column":69}},"39":{"start":{"line":60,"column":0},"end":{"line":65,"column":68}},"40":{"start":{"line":66,"column":0},"end":{"line":68,"column":23}}},"fnMap":{"0":{"name":"(anonymous_0)","decl":{"start":{"line":2,"column":46},"end":{"line":2,"column":47}},"loc":{"start":{"line":2,"column":87},"end":{"line":7,"column":1}},"line":2},"1":{"name":"(anonymous_1)","decl":{"start":{"line":8,"column":46},"end":{"line":8,"column":47}},"loc":{"start":{"line":8,"column":62},"end":{"line":10,"column":1}},"line":8},"2":{"name":"(anonymous_2)","decl":{"start":{"line":20,"column":4},"end":{"line":20,"column":5}},"loc":{"start":{"line":20,"column":13},"end":{"line":30,"column":5}},"line":20},"3":{"name":"(anonymous_3)","decl":{"start":{"line":31,"column":4},"end":{"line":31,"column":5}},"loc":{"start":{"line":31,"column":33},"end":{"line":34,"column":5}},"line":31},"4":{"name":"(anonymous_4)","decl":{"start":{"line":35,"column":4},"end":{"line":35,"column":5}},"loc":{"start":{"line":35,"column":32},"end":{"line":38,"column":5}},"line":35},"5":{"name":"(anonymous_5)","decl":{"start":{"line":39,"column":4},"end":{"line":39,"column":5}},"loc":{"start":{"line":39,"column":28},"end":{"line":46,"column":5}},"line":39},"6":{"name":"(anonymous_6)","decl":{"start":{"line":47,"column":4},"end":{"line":47,"column":5}},"loc":{"start":{"line":47,"column":27},"end":{"line":52,"column":5}},"line":47}},"branchMap":{"0":{"loc":{"start":{"line":2,"column":17},"end":{"line":7,"column":1}},"type":"binary-expr","locations":[{"start":{"line":2,"column":18},"end":{"line":2,"column":22}},{"start":{"line":2,"column":26},"end":{"line":2,"column":41}},{"start":{"line":2,"column":46},"end":{"line":7,"column":1}}],"line":2},"1":{"loc":{"start":{"line":3,"column":34},"end":{"line":3,"column":125}},"type":"cond-expr","locations":[{"start":{"line":3,"column":42},"end":{"line":3,"column":48}},{"start":{"line":3,"column":51},"end":{"line":3,"column":125}}],"line":3},"2":{"loc":{"start":{"line":3,"column":51},"end":{"line":3,"column":125}},"type":"cond-expr","locations":[{"start":{"line":3,"column":67},"end":{"line":3,"column":118}},{"start":{"line":3,"column":121},"end":{"line":3,"column":125}}],"line":3},"3":{"loc":{"start":{"line":4,"column":4},"end":{"line":5,"column":150}},"type":"if","locations":[{"start":{"line":4,"column":4},"end":{"line":5,"column":150}},{"start":{"line":4,"column":4},"end":{"line":5,"column":150}}],"line":4},"4":{"loc":{"start":{"line":4,"column":8},"end":{"line":4,"column":77}},"type":"binary-expr","locations":[{"start":{"line":4,"column":8},"end":{"line":4,"column":35}},{"start":{"line":4,"column":39},"end":{"line":4,"column":77}}],"line":4},"5":{"loc":{"start":{"line":5,"column":58},"end":{"line":5,"column":150}},"type":"if","locations":[{"start":{"line":5,"column":58},"end":{"line":5,"column":150}},{"start":{"line":5,"column":58},"end":{"line":5,"column":150}}],"line":5},"6":{"loc":{"start":{"line":5,"column":85},"end":{"line":5,"column":149}},"type":"binary-expr","locations":[{"start":{"line":5,"column":86},"end":{"line":5,"column":143}},{"start":{"line":5,"column":148},"end":{"line":5,"column":149}}],"line":5},"7":{"loc":{"start":{"line":5,"column":86},"end":{"line":5,"column":143}},"type":"cond-expr","locations":[{"start":{"line":5,"column":94},"end":{"line":5,"column":98}},{"start":{"line":5,"column":101},"end":{"line":5,"column":143}}],"line":5},"8":{"loc":{"start":{"line":5,"column":101},"end":{"line":5,"column":143}},"type":"cond-expr","locations":[{"start":{"line":5,"column":109},"end":{"line":5,"column":126}},{"start":{"line":5,"column":129},"end":{"line":5,"column":143}}],"line":5},"9":{"loc":{"start":{"line":6,"column":11},"end":{"line":6,"column":62}},"type":"binary-expr","locations":[{"start":{"line":6,"column":11},"end":{"line":6,"column":16}},{"start":{"line":6,"column":20},"end":{"line":6,"column":21}},{"start":{"line":6,"column":25},"end":{"line":6,"column":62}}],"line":6},"10":{"loc":{"start":{"line":8,"column":17},"end":{"line":10,"column":1}},"type":"binary-expr","locations":[{"start":{"line":8,"column":18},"end":{"line":8,"column":22}},{"start":{"line":8,"column":26},"end":{"line":8,"column":41}},{"start":{"line":8,"column":46},"end":{"line":10,"column":1}}],"line":8},"11":{"loc":{"start":{"line":9,"column":4},"end":{"line":9,"column":109}},"type":"if","locations":[{"start"
[...]
"line":3,"column":125}}],"line":3},"2":{"loc":{"start":{"line":3,"column":51},"end":{"line":3,"column":125}},"type":"cond-expr","locations":[{"start":{"line":3,"column":67},"end":{"line":3,"column":118}},{"start":{"line":3,"column":121},"end":{"line":3,"column":125}}],"line":3},"3":{"loc":{"start":{"line":4,"column":4},"end":{"line":5,"column":150}},"type":"if","locations":[{"start":{"line":4,"column":4},"end":{"line":5,"column":150}},{"start":{"line":4,"column":4},"end":{"line":5,"column":150}}],"line":4},"4":{"loc":{"start":{"line":4,"column":8},"end":{"line":4,"column":77}},"type":"binary-expr","locations":[{"start":{"line":4,"column":8},"end":{"line":4,"column":35}},{"start":{"line":4,"column":39},"end":{"line":4,"column":77}}],"line":4},"5":{"loc":{"start":{"line":5,"column":58},"end":{"line":5,"column":150}},"type":"if","locations":[{"start":{"line":5,"column":58},"end":{"line":5,"column":150}},{"start":{"line":5,"column":58},"end":{"line":5,"column":150}}],"line":5},"6":{"loc":{"start":{"line":5,"column":85},"end":{"line":5,"column":149}},"type":"binary-expr","locations":[{"start":{"line":5,"column":86},"end":{"line":5,"column":143}},{"start":{"line":5,"column":148},"end":{"line":5,"column":149}}],"line":5},"7":{"loc":{"start":{"line":5,"column":86},"end":{"line":5,"column":143}},"type":"cond-expr","locations":[{"start":{"line":5,"column":94},"end":{"line":5,"column":98}},{"start":{"line":5,"column":101},"end":{"line":5,"column":143}}],"line":5},"8":{"loc":{"start":{"line":5,"column":101},"end":{"line":5,"column":143}},"type":"cond-expr","locations":[{"start":{"line":5,"column":109},"end":{"line":5,"column":126}},{"start":{"line":5,"column":129},"end":{"line":5,"column":143}}],"line":5},"9":{"loc":{"start":{"line":6,"column":11},"end":{"line":6,"column":62}},"type":"binary-expr","locations":[{"start":{"line":6,"column":11},"end":{"line":6,"column":16}},{"start":{"line":6,"column":20},"end":{"line":6,"column":21}},{"start":{"line":6,"column":25},"end":{"line":6,"column":62}}],"line":6},"10":{"loc":{"start":{"line":8,"column":17},"end":{"line":10,"column":1}},"type":"binary-expr","locations":[{"start":{"line":8,"column":18},"end":{"line":8,"column":22}},{"start":{"line":8,"column":26},"end":{"line":8,"column":41}},{"start":{"line":8,"column":46},"end":{"line":10,"column":1}}],"line":8},"11":{"loc":{"start":{"line":9,"column":4},"end":{"line":9,"column":109}},"type":"if","locations":[{"start":{"line":9,"column":4},"end":{"line":9,"column":109}},{"start":{"line":9,"column":4},"end":{"line":9,"column":109}}],"line":9},"12":{"loc":{"start":{"line":9,"column":8},"end":{"line":9,"column":77}},"type":"binary-expr","locations":[{"start":{"line":9,"column":8},"end":{"line":9,"column":35}},{"start":{"line":9,"column":39},"end":{"line":9,"column":77}}],"line":9},"13":{"loc":{"start":{"line":34,"column":12},"end":{"line":39,"column":13}},"type":"if","locations":[{"start":{"line":34,"column":12},"end":{"line":39,"column":13}},{"start":{"line":34,"column":12},"end":{"line":39,"column":13}}],"line":34}},"s":{"0":1,"1":4,"2":4,"3":4,"4":0,"5":4,"6":13,"7":4,"8":4,"9":1,"10":9,"11":0,"12":1,"13":1,"14":1,"15":1,"16":1,"17":1,"18":1,"19":1,"20":3,"21":3,"22":3,"23":3,"24":3,"25":3,"26":3,"27":3,"28":3,"29":4,"30":4,"31":2,"32":2,"33":1,"34":1,"35":1,"36":1,"37":1,"38":1,"39":1,"40":1,"41":1,"42":1,"43":1,"44":1,"45":1,"46":1,"47":1,"48":1},"f":{"0":4,"1":9,"2":3,"3":4,"4":1,"5":1,"6":1},"b":{"0":[1,1,1],"1":[1,3],"2":[3,0],"3":[0,4],"4":[4,4],"5":[4,9],"6":[4,4],"7":[1,3],"8":[3,0],"9":[4,3,3],"10":[1,1,1],"11":[0,9],"12":[9,9],"13":[2,2]},"_coverageSchema":"332fd63041d2c1bcb487cc26dd0d5f7d97098a6c","hash":"623465c77723ed821f68e8391c0f1558dbf7232c","contentHash":"c4ce624a4cfbcd4057834b0a6a08ccce_11.1.0"},"C:\\Users\\chadc\\Documents\\git-projects\\infusion\\dist\\src\\proxy-service\\domain-services\\tests\\request-handler-test.js":{"path":"C:\\Users\\chadc\\Documents\\git-projects\\infusion\\dist\\src\\proxy-service\\domain-services\\tests\\request-handler-test.js","statementMap":{"0":{"start":{"line":2,"column":17},"end":{"line":7,"column":1}},"1":{"start":{"line":3,"column":12},"end":{"line":3,"column":28}},"2":{"start":{"line":3,"column":34},"end":{"line":3,"column":125}},"3":{"start":{"line":4,"column":4},"end":{"line":5,"column":150}},"4":{"start":{"line":4,"column":79},"end":{"line":4,"column":131}},"5":{"start":{"line":5,"column":9},"end":{"line":5,"column":150}},"6":{"start":{"line":5,"column":58},"end":{"line":5,"column":150}},"7":{"start":{"line":5,"column":81},"end":{"line":5,"column":150}},"8":{"start":{"line":6,"column":4},"end":{"line":6,"column":66}},"9":{"start":{"line":8,"column":17},"end":{"line":10,"column":1}},"10":{"start":{"line":9,"column":4},"end":{"line":9,"column":109}},"11":{"start":{"line":9,"column":79},"end":{"line":9,"column":109}},"12":{"start":{"line":11,"column":0},"end":{"line":11,"column":62}},"13":{"start":{"line":12,"column":26},"end":{"line":12,"column":70}},"14":{"start":{"line":13,"column":24},"end":{"line":13,"column":61}},"15":{"start":{"line":14,"column":18},"end":{"line":14,"column":49}},"16":{"start":{"line":15,"column":25},"end":{"line":15,"column":59}},"17":{"start":{"line":16,"column":27},"end":{"line":16,"column":54}},"18":{"start":{"line":17,"column":15},"end":{"line":17,"column":30}},"19":{"start":{"line":18,"column":33},"end":{"line":59,"column":1}},"20":{"start":{"line":20,"column":8},"end":{"line":20,"column":24}},"21":{"start":{"line":21,"column":8},"end":{"line":21,"column":53}},"22":{"start":{"line":22,"column":8},"end":{"line":22,"column":22}},"23":{"start":{"line":23,"column":8},"end":{"line":23,"column":30}},"24":{"start":{"line":24,"column":8},"end":{"line":24,"column":35}},"25":{"start":{"line":25,"column":8},"end":{"line":25,"column":33}},"26":{"start":{"line":26,"column":8},"end":{"line":26,"column":46}},"27":{"start":{"line":27,"column":8},"end":{"line":27,"column":22}},"28":{"start":{"line":28,"column":8},"end":{"line":28,"column":27}},"29":{"start":{"line":29,"column":8},"end":{"line":29,"column":58}},"30":{"start":{"line":30,"column":8},"end":{"line":30,"column":68}},"31":{"start":{"line":31,"column":8},"end":{"line":31,"column":101}},"32":{"start":{"line":34,"column":8},"end":{"line":34,"column":39}},"33":{"start":{"line":35,"column":8},"end":{"line":35,"column":44}},"34":{"start":{"line":36,"column":8},"end":{"line":36,"column":41}},"35":{"start":{"line":37,"column":8},"end":{"line":37,"column":58}},"36":{"start":{"line":40,"column":8},"end":{"line":40,"column":30}},"37":{"start":{"line":41,"column":8},"end":{"line":41,"column":39}},"38":{"start":{"line":42,"column":8},"end":{"line":42,"column":32}},"39":{"start":{"line":43,"column":8},"end":{"line":43,"column":36}},"40":{"start":{"line":44,"column":8},"end":{"line":44,"column":54}},"41":{"start":{"line":45,"column":8},"end":{"line":45,"column":55}},"42":{"start":{"line":46,"column":8},"end":{"line":46,"column":59}},"43":{"start":{"line":47,"column":8},"end":{"line":47,"column":44}},"44":{"start":{"line":50,"column":8},"end":{"line":50,"column":45}},"45":{"start":{"line":51,"column":8},"end":{"line":51,"column":36}},"46":{"start":{"line":52,"column":8},"end":{"line":52,"column":60}},"47":{"start":{"line":55,"column":8},"end":{"line":55,"column":72}},"48":{"start":{"line":56,"column":8},"end":{"line":56,"column":36}},"49":{"start":{"line":57,"column":8},"end":{"line":57,"column":60}},"50":{"start":{"line":60,"column":0},"end":{"line":65,"column":80}},"51":{"start":{"line":66,"column":0},"end":{"line":71,"column":80}},"52":{"start":{"line":72,"column":0},"end":{"line":77,"column":89}},"53":{"start":{"line":78,"column":0},"end":{"line":83,"column":76}},"54":{"start":{"line":84,"column":0},"end":{"line":86,"column":31}}},"fnMap":{"0":{"name":"(anonymous_0)","decl":{"start":{"line":2,"column":46},"end":{"line":2,"column":47}},"loc":{"start":{"line":2,"column":87},"end":{"line":7,"column":1}},"line":2},"1":{"name":"(anonymous_1)","decl":{"start":{"line":8,"column":46},"end":{"line":8,"column":47}},"loc":{"start":{"line":8,"column":62},"end":{"line":10,"column":1}},"line":8},"2":{"name":"(anonymous_2)","decl":{"start":{"line":19,"column":4},"end":{"line":19,"column":5}},"loc":{"start":{"line":19,"column":13},"end":{"line":32,"column":5}},"line":19},"3":{"name":"(anonymous_3)","decl":{"start":{"line":33,"column":4},"end":{"line":33,"column":5}},"loc":{"start":{"line":33,"column":36},"end":{"line":38,"column":5}},"line":33},"4":{"name":"(anonymous_4)","decl":{"start":{"line":39,"column":4},"end":{"line":39,"column":5}},"loc":{"start":{"line":39,"column":36},"end":{"line":48,"column":5}},"line":39},"5":{"name":"(anonymous_5)","decl":{"start":{"line":49,"column":4},"end":{"line":49,"column":5}},"loc":{"start":{"line":49,"column":45},"end":{"line":53,"column":5}},"line":49},"6":{"name":"(anonymous_6)","decl":{"start":{"line":54,"column":4},"end":{"line":54,"column":5}},"loc":{"start":{"line":54,"column":32},"end":{"line":58,"column":5}},"line":54}},"branchMap":{"0":{"loc":{"start":{"line":2,"column":17},"end":{"line":7,"column":1}},"type":"binary-expr","locations":[{"start":{"line":2,"column":18},"end":{"line":2,"column":22}},{"start":{"line":2,"column":26},"end":{"line":2,"column":41}},{"start":{"line":2,"column":46},"end":{"line":7,"column":1}}],"line":2},"1":{"loc":{"start":{"line":3,"column":34},"end":{"line":3,"column":125}},"type":"cond-expr","locations":[{"start":{"line":3,"column":42},"end":{"line":3,"column":48}},{"start":{"line":3,"column":51},"end":{"line":3,"column":125}}],"line":3},"2":{"loc":{"start":{"line":3,"column":51},"end":{"line":3,"column":125}},"type":"cond-expr","locations":[{"start":{"line":3,"column":67},"end":{"line":3,"column":118}},{"start":{"line":3,"column":121},"end":{"line":3,"column":125}}],"line":3},"3":{"loc":{"start":{"line":4,"column":4},"end":{"line":5,"column":150}},"type":"if","locations":[{"start":{"line":4,"column":4},"end":{"line":5,"column":150}},{"start":{"line":4,"column":4},"end":{"line":5,"column":150}}],"line":4},"4":{"loc":{"start":{"line":4,"column":8},"end":{"line":4,"column":77}},"type":"binary-expr","locations":[{"start":{"line":4,"column":8},"end":{"line":4,"column":35}},{"start":{"line":4,"column":39},"end":{"line":4,"column":77}}],"line":4},"5":{"loc":{"start":{"line":5,"column":58},"end":{"line":5,"column":150}},"type":"if","locations":[{"start":{"line":5,"column":58},"end":{"line":5,"column":150}},{"start":{"line":5,"column":58},"end":{"line":5,"column":150}}],"line":5},"6":{"loc":{"start":{"line":5,"column":85},"end":{"line":5,"column":149}},"type":"binary-expr","locations":[{"start":{"line":5,"column":86},"end":{"line":5,"column":143}},{"start":{"line":5,"column":148},"end":{"line":5,"column":149}}],"line":5},"7":{"loc":{"start":{"line":5,"column":86},"end":{"line":5,"column":143}},"type":"cond-expr","locations":[{"start":{"line":5,"column":94},"end":{"line":5,"column":98}},{"start":{"line":5,"column":101},"end":{"line":5,"column":143}}],"line":5},"8":{"loc":{"start":{"line":5,"column":101},"end":{"line":5,"column":143}},"type":"cond-expr","locations":[{"start":{"line":5,"column":109},"end":{"line":5,"column":126}},{"start":{"line":5,"column":129},"end":{"line":5,"column":143}}],"line":5},"9":{"loc":{"start":{"line":6,"column":11},"end":{"line":6,"column":62}},"type":"binary-expr","locations":[{"start":{"line":6,"column":11},"end":{"line":6,"column":16}},{"start":{"line":6,"column":20},"end":{"line":6,"column":21}},{"start":{"line":6,"column":25},"end":{"line":6,"column":62}}],"line":6},"10":{"loc":{"start":{"line":8,"column":17},"end":{"line":10,"column":1}},"type":"binary-expr","locations":[{"start":{"line":8,"column":18},"end":{"line":8,"column":22}},{"start":{"line":8,"column":26},"end":{"line":8,"column":41}},{"start":{"line":8,"column":46},"end":{"line":10,"column":1}}],"line":8},"11":{"loc":{"start":{"line":9,"column":4},"end":{"line":9,"column":109}},"type":"if","locations":[{"start":{"line":9,"column":4},"end":{"line":9,"column":109}},{"start":{"line":9,"column":4},"end":{"line":9,"column":109}}],"line":9},"12":{"loc":{"start":{"line":9,"column":8},"end":{"line":9,"column":77}},"type":"binary-expr","locations":[{"start":{"line":9,"column":8},"end":{"line":9,"column":35}},{"start":{"line":9,"column":39},"end":{"line":9,"column":77}}],"line":9}},"s":{"0":1,"1":5,"2":5,"3":5,"4":0,"5":5,"6":17,"7":5,"8":5,"9":1,"10":12,"11":0,"12":1,"13":1,"14":1,"15":1,"16":1,"17":1,"18":1,"19":1,"20":4,"21":4,"22":4,"23":4,"24":4,"25":4,"26":4,"27":4,"28":4,"29":4,"30":4,"31":4,"32":1,"33":1,"34":1,"35":1,"36":1,"37":1,"38":1,"39":1,"40":1,"41":1,"42":1,"43":1,"44":1,"45":1,"46":1,"47":1,"48":1,"49":1,"50":1,"51":1,"52":1,"53":1,"54":1},"f":{"0":5,"1":12,"2":4,"3":1,"4":1,"5":1,"6":1},"b":{"0":[1,1,1],"1":[1,4],"2":[4,0],"3":[0,5],"4":[5,5],"5":[5,12],"6":[5,5],"7":[1,4],"8":[4,0],"9":[5,4,4],"10":[1,1,1],"11":[0,12],"12":[12,12]},"_coverageSchema":"332fd63041d2c1bcb487cc26dd0d5f7d97098a6c","hash":"95bd95e05f1025872627885899fa341f63a5d5d3","contentHash":"b9cbe2214778a6f72c829578b4edec72_11.1.0"},"C:\\Users\\chadc\\Documents\\git-projects\\infusion\\dist\\src\\proxy-service\\domain-services\\tests\\response-handler-test.js":{"path":"C:\\Users\\chadc\\Documents\\git-projects\\infusion\\dist\\src\\proxy-service\\domain-services\\tests\\response-handler-test.js","statementMap":{"0":{"start":{"line":2,"column":17},"end":{"line":7,"column":1}},"1":{"start":{"line":3,"column":12},"end":{"line":3,"column":28}},"2":{"start":{"line":3,"column":34},"end":{"line":3,"column":125}},"3":{"start":{"line":4,"column":4},"end":{"line":5,"column":150}},"4":{"start":{"line":4,"column":79},"end":{"line":4,"column":131}},"5":{"start":{"line":5,"column":9},"end":{"line":5,"column":150}},"6":{"start":{"line":5,"column":58},"end":{"line":5,"column":150}},"7":{"start":{"line":5,"column":81},"end":{"line":5,"column":150}},"8":{"start":{"line":6,"column":4},"end":{"line":6,"column":66}},"9":{"start":{"line":8,"column":17},"end":{"line":10,"column":1}},"10":{"start":{"line":9,"column":4},"end":{"line":9,"column":109}},"11":{"start":{"line":9,"column":79},"end":{"line":9,"column":109}},"12":{"start":{"line":11,"column":0},"end":{"line":11,"column":62}},"13":{"start":{"line":12,"column":24},"end":{"line":12,"column":61}},"14":{"start":{"line":13,"column":18},"end":{"line":13,"column":49}},"15":{"start":{"line":14,"column":27},"end":{"line":14,"column":72}},"16":{"start":{"line":15,"column":25},"end":{"line":15,"column":59}},"17":{"start":{"line":16,"column":27},"end":{"line":16,"column":54}},"18":{"start":{"line":17,"column":15},"end":{"line":17,"column":30}},"19":{"start":{"line":18,"column":34},"end":{"line":31,"column":1}},"20":{"start":{"line":20,"column":8},"end":{"line":20,"column":24}},"21":{"start":{"line":21,"column":8},"end":{"line":21,"column":53}},"22":{"start":{"line":22,"column":8},"end":{"line":22,"column":22}},"23":{"start":{"line":23,"column":8},"end":{"line":23,"column":22}},"24":{"start":{"line":24,"column":8},"end":{"line":24,"column":27}},"25":{"start":{"line":25,"column":8},"end":{"line":25,"column":58}},"26":{"start":{"line":26,"column":8},"end":{"line":26,"column":68}},"27":{"start":{"line":27,"column":8},"end":{"line":27,"column":119}},"28":{"start":{"line":32,"column":0},"end":{"line":37,"column":56}},"29":{"start":{"line":38,"column":0},"end":{"line":40,"column":32}}},"fnMap":{"0":{"name":"(anonymous_0)","decl":{"start":{"line":2,"column":46},"end":{"line":2,"column":47}},"loc":{"start":{"line":2,"column":87},"end":{"line":7,"column":1}},"line":2},"1":{"name":"(anonymous_1)","decl":{"start":{"line":8,"column":46},"end":{"line":8,"column":47}},"loc":{"start":{"line":8,"column":62},"end":{"line":10,"column":1}},"line":8},"2":{"name":"(anonymous_2)","decl":{"start":{"line":19,"column":4},"end":{"line":19,"column":5}},"loc":{"start":{"line":19,"column":13},"end":{"line":28,"column":5}},"line":19},"3":{"name":"(anonymous_3)","decl":{"start":{"line":29,"column":4},"end":{"line":29,"column":5}},"loc":{"start":{"line":29,"column":11},"end":{"line":30,"column":5}},"line":29}},"branchMap":{"0":{"loc":{"start":{"line":2,"column":17},"end":{"line":7,"column":1}},"type":"binary-expr","locations":[{"start":{"line":2,"column":18},"end":{"line":2,"column":22}},{"start":{"line":2,"column":26},"end":{"line":2,"column":41}},{"start":{"line":2,"column":46},"end":{"line":7,"column":1}}],"line":2},"1":{"loc":{"start":{"line":3,"column":34},"end":{"line":3,"column":125}},"type":"cond-expr","locations":[{"start":{"line":3,"column":42},"end":{"line":3,"column":48}},{"start":{"line":3,"column":51},"end":{"line":3,"column":125}}],"line":3},"2":{"loc":{"start":{"line":3,"column":51},"end":{"line":3,"column":125}},"type":"cond-expr","locations":[{"start":{"line":3,"column":67},"end":{"line":3,"column":118}},{"start":{"line":3,"column":121},"end":{"line":3,"column":125}}],"line":3},"3":{"loc":{"start":{"line":4,"column":4},"end":{"line":5,"column":150}},"type":"if","locations":[{"start":{"line":4,"column":4},"end":{"line":5,"column":150}},{"start":{"line":4,"column":4},"end":{"line":5,"column":150}}],"line":4},"4":{"loc":{"start":{"line":4,"column":8},"end":{"line":4,"column":77}},"type":"binary-expr","locations":[{"start":{"line":4,"column":8},"end":{"line":4,"column":35}},{"start":{"line":4,"column":39},"end":{"line":4,"column":77}}],"line":4},"5":{"loc":{"start":{"line":5,"column":58},"end":{"line":5,"column":150}},"type":"if","locations":[{"start":{"line":5,"column":58},"end":{"line":5,"column":150}},{"start":{"line":5,"column":58},"end":{"line":5,"column":150}}],"line":5},"6":{"loc":{"start":{"line":5,"column":85},"end":{"line":5,"column":149}},"type":"binary-expr","locations":[{"start":{"line":5,"column":86},"end":{"line":5,"column":143}},{"start":{"line":5,"column":148},"end":{"line":5,"column":149}}],"line":5},"7":{"loc":{"start":{"line":5,"column":86},"end":{"line":5,"column":143}},"type":"cond-expr","locations":[{"start":{"line":5,"column":94},"end":{"line":5,"column":98}},{"start":{"line":5,"column":101},"end":{"line":5,"column":143}}],"line":5},"8":{"loc":{"start":{"line":5,"column":101},"end":{"line":5,"column":143}},"type":"cond-expr","locations":[{"start":{"line":5,"column":109},"end":{"line":5,"column":126}},{"start":{"line":5,"column":129},"end":{"line":5,"column":143}}],"line":5},"9":{"loc":{"start":{"line":6,"column":11},"end":{"line":6,"column":62}},"type":"binary-expr","locations":[{"start":{"line":6,"column":11},"end":{"line":6,"column":16}},{"start":{"line":6,"column":20},"end":{"line":6,"column":21}},{"start":{"line":6,"column":25},"end":{"line":6,"column":62}}],"line":6},"10":{"loc":{"start":{"line":8,"column":17},"end":{"line":10,"column":1}},"type":"binary-expr","locations":[{"start":{"line":8,"column":18},"end":{"line":8,"column":22}},{"start":{"line":8,"column":26},"end":{"line":8,"column":41}},{"start":{"line":8,"column":46},"end":{"line":10,"column":1}}],"line":8},"11":{"loc":{"start":{"line":9,"column":4},"end":{"line":9,"column":109}},"type":"if","locations":[{"start":{"line":9,"column":4},"end":{"line":9,"column":109}},{"start":{"line":9,"column":4},"end":{"line":9,"column":109}}],"line":9},"12":{"loc":{"start":{"line":9,"column":8},"end":{"line":9,"column":77}},"type":"binary-expr","locations":[{"start":{"line":9,"column":8},"end":{"line":9,"column":35}},{"start":{"line":9,"column":39},"end":{"line":9,"column":77}}],"line":9}},"s":{"0":1,"1":2,"2":2,"3":2,"4":0,"5":2,"6":5,"7":2,"8":2,"9":1,"10":3,"11":0,"12":1,"13":1,"14":1,"15":1,"16":1,"17":1,"18":1,"19":1,"20":1,"21":1,"22":1,"23":1,"24":1,"25":1,"26":1,"27":1,"28":1,"29":1},"f":{"0":2,"1":3,"2":1,"3":1},"b":{"0":[1,1,1],"1":[1,1],"2":[1,0],"3":[0,2],"4":[2,2],"5":[2,3],"6":[2,2],"7":[1,1],"8":[1,0],"9":[2,1,1],"10":[1,1,1],"11":[0,3],"12":[3,3]},"_coverageSchema":"332fd63041d2c1bcb487cc26dd0d5f7d97098a6c","hash":"8dbec8bd20d66b56a6cdc3bdaa93a8d4c8cd9308","contentHash":"b6cd8fd2f6d2483908038362d1bade25_11.1.0"}}