{"C:\\Users\\chadc\\Documents\\git-projects\\infusion\\src\\plugin-services\\plugin-query-service\\tests\\plugin-enumerator.test.ts":{"path":"C:\\Users\\chadc\\Documents\\git-projects\\infusion\\src\\plugin-services\\plugin-query-service\\tests\\plugin-enumerator.test.ts","statementMap":{"0":{"start":{"line":2,"column":17},"end":{"line":7,"column":1}},"1":{"start":{"line":3,"column":12},"end":{"line":3,"column":28}},"2":{"start":{"line":3,"column":34},"end":{"line":3,"column":125}},"3":{"start":{"line":4,"column":4},"end":{"line":5,"column":150}},"4":{"start":{"line":4,"column":79},"end":{"line":4,"column":131}},"5":{"start":{"line":5,"column":9},"end":{"line":5,"column":150}},"6":{"start":{"line":5,"column":58},"end":{"line":5,"column":150}},"7":{"start":{"line":5,"column":81},"end":{"line":5,"column":150}},"8":{"start":{"line":6,"column":4},"end":{"line":6,"column":66}},"9":{"start":{"line":8,"column":17},"end":{"line":10,"column":1}},"10":{"start":{"line":9,"column":4},"end":{"line":9,"column":109}},"11":{"start":{"line":9,"column":79},"end":{"line":9,"column":109}},"12":{"start":{"line":11,"column":0},"end":{"line":11,"column":62}},"13":{"start":{"line":12,"column":32},"end":{"line":12,"column":67}},"14":{"start":{"line":13,"column":28},"end":{"line":13,"column":59}},"15":{"start":{"line":14,"column":16},"end":{"line":14,"column":34}},"16":{"start":{"line":15,"column":27},"end":{"line":15,"column":54}},"17":{"start":{"line":16,"column":15},"end":{"line":16,"column":30}},"18":{"start":{"line":17,"column":25},"end":{"line":17,"column":59}},"19":{"start":{"line":18,"column":28},"end":{"line":72,"column":1}},"20":{"start":{"line":20,"column":8},"end":{"line":20,"column":24}},"21":{"start":{"line":21,"column":8},"end":{"line":21,"column":53}},"22":{"start":{"line":22,"column":8},"end":{"line":22,"column":50}},"23":{"start":{"line":23,"column":8},"end":{"line":28,"column":10}},"24":{"start":{"line":31,"column":29},"end":{"line":35,"column":10}},"25":{"start":{"line":36,"column":25},"end":{"line":36,"column":68}},"26":{"start":{"line":37,"column":8},"end":{"line":37,"column":62}},"27":{"start":{"line":40,"column":29},"end":{"line":44,"column":10}},"28":{"start":{"line":45,"column":25},"end":{"line":45,"column":68}},"29":{"start":{"line":46,"column":8},"end":{"line":46,"column":62}},"30":{"start":{"line":47,"column":8},"end":{"line":47,"column":62}},"31":{"start":{"line":48,"column":8},"end":{"line":48,"column":99}},"32":{"start":{"line":48,"column":44},"end":{"line":48,"column":75}},"33":{"start":{"line":51,"column":8},"end":{"line":51,"column":84}},"34":{"start":{"line":52,"column":25},"end":{"line":52,"column":72}},"35":{"start":{"line":53,"column":24},"end":{"line":53,"column":93}},"36":{"start":{"line":54,"column":8},"end":{"line":54,"column":126}},"37":{"start":{"line":57,"column":25},"end":{"line":57,"column":46}},"38":{"start":{"line":58,"column":8},"end":{"line":60,"column":11}},"39":{"start":{"line":58,"column":30},"end":{"line":58,"column":61}},"40":{"start":{"line":59,"column":12},"end":{"line":59,"column":45}},"41":{"start":{"line":61,"column":8},"end":{"line":61,"column":26}},"42":{"start":{"line":64,"column":27},"end":{"line":64,"column":54}},"43":{"start":{"line":65,"column":21},"end":{"line":65,"column":42}},"44":{"start":{"line":66,"column":16},"end":{"line":66,"column":17}},"45":{"start":{"line":67,"column":8},"end":{"line":69,"column":11}},"46":{"start":{"line":67,"column":26},"end":{"line":67,"column":52}},"47":{"start":{"line":68,"column":12},"end":{"line":68,"column":37}},"48":{"start":{"line":70,"column":8},"end":{"line":70,"column":29}},"49":{"start":{"line":73,"column":0},"end":{"line":78,"column":79}},"50":{"start":{"line":79,"column":0},"end":{"line":81,"column":26}}},"fnMap":{"0":{"name":"(anonymous_0)","decl":{"start":{"line":2,"column":46},"end":{"line":2,"column":47}},"loc":{"start":{"line":2,"column":87},"end":{"line":7,"column":1}},"line":2},"1":{"name":"(anonymous_1)","decl":{"start":{"line":8,"column":46},"end":{"line":8,"column":47}},"loc":{"start":{"line":8,"column":62},"end":{"line":10,"column":1}},"line":8},"2":{"name":"(anonymous_2)","decl":{"start":{"line":19,"column":4},"end":{"line":19,"column":5}},"loc":{"start":{"line":19,"column":13},"end":{"line":29,"column":5}},"line":19},"3":{"name":"(anonymous_3)","decl":{"start":{"line":25,"column":17},"end":{"line":25,"column":18}},"loc":{"start":{"line":25,"column":27},"end":{"line":27,"column":13}},"line":25},"4":{"name":"(anonymous_4)","decl":{"start":{"line":30,"column":4},"end":{"line":30,"column":5}},"loc":{"start":{"line":30,"column":40},"end":{"line":38,"column":5}},"line":30},"5":{"name":"(anonymous_5)","decl":{"start":{"line":39,"column":4},"end":{"line":39,"column":5}},"loc":{"start":{"line":39,"column":23},"end":{"line":49,"column":5}},"line":39},"6":{"name":"(anonymous_6)","decl":{"start":{"line":48,"column":39},"end":{"line":48,"column":40}},"loc":{"start":{"line":48,"column":44},"end":{"line":48,"column":75}},"line":48},"7":{"name":"(anonymous_7)","decl":{"start":{"line":50,"column":4},"end":{"line":50,"column":5}},"loc":{"start":{"line":50,"column":43},"end":{"line":55,"column":5}},"line":50},"8":{"name":"(anonymous_8)","decl":{"start":{"line":56,"column":4},"end":{"line":56,"column":5}},"loc":{"start":{"line":56,"column":41},"end":{"line":62,"column":5}},"line":56},"9":{"name":"(anonymous_9)","decl":{"start":{"line":58,"column":25},"end":{"line":58,"column":26}},"loc":{"start":{"line":58,"column":30},"end":{"line":58,"column":61}},"line":58},"10":{"name":"(anonymous_10)","decl":{"start":{"line":58,"column":71},"end":{"line":58,"column":72}},"loc":{"start":{"line":58,"column":77},"end":{"line":60,"column":9}},"line":58},"11":{"name":"(anonymous_11)","decl":{"start":{"line":63,"column":4},"end":{"line":63,"column":5}},"loc":{"start":{"line":63,"column":39},"end":{"line":71,"column":5}},"line":63},"12":{"name":"(anonymous_12)","decl":{"start":{"line":67,"column":21},"end":{"line":67,"column":22}},"loc":{"start":{"line":67,"column":26},"end":{"line":67,"column":52}},"line":67},"13":{"name":"(anonymous_13)","decl":{"start":{"line":67,"column":62},"end":{"line":67,"column":63}},"loc":{"start":{"line":67,"column":72},"end":{"line":69,"column":9}},"line":67}},"branchMap":{"0":{"loc":{"start":{"line":2,"column":17},"end":{"line":7,"column":1}},"type":"binary-expr","locations":[{"start":{"line":2,"column":18},"end":{"line":2,"column":22}},{"start":{"line":2,"column":26},"end":{"line":2,"column":41}},{"start":{"line":2,"column":46},"end":{"line":7,"column":1}}],"line":2},"1":{"loc":{"start":{"line":3,"column":34},"end":{"line":3,"column":125}},"type":"cond-expr","locations":[{"start":{"line":3,"column":42},"end":{"line":3,"column":48}},{"start":{"line":3,"column":51},"end":{"line":3,"column":125}}],"line":3},"2":{"loc":{"start":{"line":3,"column":51},"end":{"line":3,"column":125}},"type":"cond-expr","locations":[{"start":{"line":3,"column":67},"end":{"line":3,"column":118}},{"start":{"line":3,"column":121},"end":{"line":3,"column":125}}],"line":3},"3":{"loc":{"start":{"line":4,"column":4},"end":{"line":5,"column":150}},"type":"if","locations":[{"start":{"line":4,"column":4},"end":{"line":5,"column":150}},{"start":{"line":4,"column":4},"end":{"line":5,"column":150}}],"line":4},"4":{"loc":{"start":{"line":4,"column":8},"end":{"line":4,"column":77}},"type":"binary-expr","locations":[{"start":{"line":4,"column":8},"end":{"line":4,"column":35}},{"start":{"line":4,"column":39},"end":{"line":4,"column":77}}],"line":4},"5":{"loc":{"start":{"line":5,"column":58},"end":{"line":5,"column":150}},"type":"if","locations":[{"start":{"line":5,"column":58},"end":{"line":5,"column":150}},{"start":{"line":5,"column":58},"end":{"line":5,"column":150}}],"line":5},"6":{"loc":{"start":{"line":5,"column":85},"end":{"line":5,"column":149}},"type":"binary-expr","locations":[{"start":{"line":5,"column":86},"end":{"line":5,"column":143}},{"start":{"line":5,"column":148},"end":{"line":5,"column":149}}],"line":5},"7":{"loc":{"start":{"line":5,"column":86},"end":{"line":5,"column":143}},"type":"cond-expr","locations":[{"start":{"line":5,"column":94},"end":{"line":5,"column":98}},{"start":{"line":5,"column":101},"end":{"line":5,"column":143}}],"line":5},"8":{"loc":{"start":{"line":5,"column":101},"end":{"line":5,"column":143}},"type":"cond-expr","locations":[{"start":{"line":5,"column":109},"end":{"line":5,"column":126}},{"start":{"line":5,"column":129},"end":{"line":5,"column":143}}],"line":5},"9":{"loc":{"start":{"line":6,"column":11},"end":{"line":6,"column":62}},"type":"binary-expr","locations":[{"start":{"line":6,"column":11},"end":{"line":6,"column":16}},{"start":{"line":6,"column":20},"end":{"line":6,"column":21}},{"start":{"line":6,"column":25},"end":{"line":6,"column":62}}],"line":6},"10":{"loc":{"start":{"line":8,"column":17},"end":{"line":10,"column":1}},"type":"binary-expr","locations":[{"start":{"line":8,"column":18},"end":{"line":8,"column":22}},{"start":{"line":8,"column":26},"end":{"line":8,"column":41}},{"start":{"line":8,"column":46},"end":{"line":10,"column":1}}],"line":8},"11":{"loc":{"start":{"line":9,"column":4},"end":{"line":9,"column":109}},"type":"if","locations":[{"start":{"line":9,"column":4},"end":{"line":9,"column":109}},{"start":{"line":9,"column":4},"end":{"line":9,"column":109}}],"line":9},"12":{"loc":{"start":{"line":9,"column":8},"end":{"line":9,"column":77}},"type":"binary-expr","locations":[{"start":{"line":9,"column":8},"end":{"line":9,"column":35}},{"start":{"line":9,"column":39},"end":{"line":9,"column":77}}],"line":9}},"s":{"0":1,"1":2,"2":2,"3":2,"4":0,"5":2,"6":5,"7":2,"8":2,"9":1,"10":3,"11":0,"12":1,"13":1,"14":1,"15":1,"16":1,"17":1,"18":1,"19":1,"20":1,"21":1,"22":1,"23":1,"24":1,"25":1,"26":1,"27":0,"28":0,"29":0,"30":0,"31":0,"32":0,"33":1,"34":1,"35":1,"36":1,"37":1,"38":1,"39":1,"40":1,"41":1,"42":1,"43":1,"44":1,"45":1,"46":1,"47":2,"48":1,"49":1,"50":1},"f":{"0":2,"1":3,"2":1,"3":2,"4":1,"5":0,"6":0,"7":1,"8":1,"9":1,"10":1,"11":1,"12":1,"13":2},"b":{"0":[1,1,1],"1":[1,1],"2":[1,0],"3":[0,2],"4":[2,2],"5":[2,3],"6":[2,2],"7":[1,1],"8":[1,0],"9":[2,1,1],"10":[1,1,1],"11":[0,3],"12":[3,3]},"_coverageSchema":"332fd63041d2c1bcb487cc26dd0d5f7d97098a6c","hash":"077338b8774cd15da2ea0ec735460e6e8880304d","contentHash":"0f1474ceeb4e8caee578cd6e9b74ff8d_11.1.0"},"C:\\Users\\chadc\\Documents\\git-projects\\infusion\\src\\plugin-services\\plugin-query-service\\plugin-info-extractor.ts":{"path":"C:\\Users\\chadc\\Documents\\git-projects\\infusion\\src\\plugin-services\\plugin-query-service\\plugin-info-extractor.ts","statementMap":{"0":{"start":{"line":2,"column":0},"end":{"line":2,"column":62}},"1":{"start":{"line":3,"column":22},"end":{"line":3,"column":46}},"2":{"start":{"line":6,"column":8},"end":{"line":6,"column":23}},"3":{"start":{"line":7,"column":8},"end":{"line":7,"column":37}},"4":{"start":{"line":10,"column":28},"end":{"line":10,"column":64}},"5":{"start":{"line":11,"column":19},"end":{"line":11,"column":72}},"6":{"start":{"line":12,"column":22},"end":{"line":12,"column":81}},"7":{"start":{"line":13,"column":8},"end":{"line":13,"column":142}},"8":{"start":{"line":16,"column":21},"end":{"line":16,"column":23}},"9":{"start":{"line":17,"column":28},"end":{"line":17,"column":29}},"10":{"start":{"line":18,"column":8},"end":{"line":25,"column":11}},"11":{"start":{"line":19,"column":22},"end":{"line":19,"column":49}},"12":{"start":{"line":20,"column":12},"end":{"line":23,"column":13}},"13":{"start":{"line":21,"column":16},"end":{"line":21,"column":79}},"14":{"start":{"line":22,"column":16},"end":{"line":22,"column":28}},"15":{"start":{"line":24,"column":12},"end":{"line":24,"column":25}},"16":{"start":{"line":26,"column":8},"end":{"line":26,"column":22}},"17":{"start":{"line":29,"column":0},"end":{"line":29,"column":50}}},"fnMap":{"0":{"name":"(anonymous_0)","decl":{"start":{"line":5,"column":4},"end":{"line":5,"column":5}},"loc":{"start":{"line":5,"column":33},"end":{"line":8,"column":5}},"line":5},"1":{"name":"(anonymous_1)","decl":{"start":{"line":9,"column":4},"end":{"line":9,"column":5}},"loc":{"start":{"line":9,"column":33},"end":{"line":14,"column":5}},"line":9},"2":{"name":"(anonymous_2)","decl":{"start":{"line":15,"column":4},"end":{"line":15,"column":5}},"loc":{"start":{"line":15,"column":53},"end":{"line":27,"column":5}},"line":15},"3":{"name":"(anonymous_3)","decl":{"start":{"line":18,"column":39},"end":{"line":18,"column":40}},"loc":{"start":{"line":18,"column":49},"end":{"line":25,"column":9}},"line":18}},"branchMap":{"0":{"loc":{"start":{"line":20,"column":12},"end":{"line":23,"column":13}},"type":"if","locations":[{"start":{"line":20,"column":12},"end":{"line":23,"column":13}},{"start":{"line":20,"column":12},"end":{"line":23,"column":13}}],"line":20}},"s":{"0":1,"1":1,"2":1,"3":1,"4":2,"5":2,"6":2,"7":2,"8":4,"9":4,"10":4,"11":4,"12":4,"13":0,"14":0,"15":4,"16":4,"17":1},"f":{"0":1,"1":2,"2":4,"3":4},"b":{"0":[0,4]},"_coverageSchema":"332fd63041d2c1bcb487cc26dd0d5f7d97098a6c","hash":"2dcc51dfe1ff09c78e6646f4e2fb07fc12f87ee2","contentHash":"c901f760c2d66b05137e2d63c43ee753_11.1.0"},"C:\\Users\\chadc\\Documents\\git-projects\\infusion\\src\\plugin-services\\plugin-query-service\\plugin-info.ts":{"path":"C:\\Users\\chadc\\Documents\\git-projects\\infusion\\src\\plugin-services\\plugin-query-service\\plugin-info.ts","statementMap":{"0":{"start":{"line":2,"column":0},"end":{"line":2,"column":62}},"1":{"start":{"line":5,"column":8},"end":{"line":5,"column":25}},"2":{"start":{"line":6,"column":8},"end":{"line":6,"column":23}},"3":{"start":{"line":7,"column":8},"end":{"line":7,"column":37}},"4":{"start":{"line":10,"column":0},"end":{"line":10,"column":32}}},"fnMap":{"0":{"name":"(anonymous_0)","decl":{"start":{"line":4,"column":4},"end":{"line":4,"column":5}},"loc":{"start":{"line":4,"column":39},"end":{"line":8,"column":5}},"line":4}},"branchMap":{},"s":{"0":1,"1":2,"2":2,"3":2,"4":1},"f":{"0":2},"b":{},"_coverageSchema":"332fd63041d2c1bcb487cc26dd0d5f7d97098a6c","hash":"ab2c19c2cdee793a63d4410009670c803dfda7e8","contentHash":"a56f0fff954aade63058da78d3a3d95a_11.1.0"},"C:\\Users\\chadc\\Documents\\git-projects\\infusion\\src\\plugin-services\\plugin-query-service\\plugin-enumerator.ts":{"path":"C:\\Users\\chadc\\Documents\\git-projects\\infusion\\src\\plugin-services\\plugin-query-service\\plugin-enumerator.ts","statementMap":{"0":{"start":{"line":2,"column":0},"end":{"line":2,"column":62}},"1":{"start":{"line":5,"column":8},"end":{"line":5,"column":23}},"2":{"start":{"line":6,"column":8},"end":{"line":6,"column":45}},"3":{"start":{"line":7,"column":8},"end":{"line":7,"column":37}},"4":{"start":{"line":8,"column":8},"end":{"line":8,"column":55}},"5":{"start":{"line":9,"column":8},"end":{"line":9,"column":31}},"6":{"start":{"line":12,"column":8},"end":{"line":14,"column":9}},"7":{"start":{"line":13,"column":12},"end":{"line":13,"column":30}},"8":{"start":{"line":15,"column":22},"end":{"line":15,"column":33}},"9":{"start":{"line":17,"column":8},"end":{"line":21,"column":11}},"10":{"start":{"line":18,"column":12},"end":{"line":20,"column":13}},"11":{"start":{"line":19,"column":16},"end":{"line":19,"column":118}},"12":{"start":{"line":22,"column":8},"end":{"line":22,"column":29}},"13":{"start":{"line":23,"column":8},"end":{"line":23,"column":23}},"14":{"start":{"line":26,"column":0},"end":{"line":26,"column":44}}},"fnMap":{"0":{"name":"(anonymous_0)","decl":{"start":{"line":4,"column":4},"end":{"line":4,"column":5}},"loc":{"start":{"line":4,"column":70},"end":{"line":10,"column":5}},"line":4},"1":{"name":"(anonymous_1)","decl":{"start":{"line":11,"column":4},"end":{"line":11,"column":5}},"loc":{"start":{"line":11,"column":19},"end":{"line":24,"column":5}},"line":11},"2":{"name":"(anonymous_2)","decl":{"start":{"line":17,"column":63},"end":{"line":17,"column":64}},"loc":{"start":{"line":17,"column":73},"end":{"line":21,"column":9}},"line":17}},"branchMap":{"0":{"loc":{"start":{"line":12,"column":8},"end":{"line":14,"column":9}},"type":"if","locations":[{"start":{"line":12,"column":8},"end":{"line":14,"column":9}},{"start":{"line":12,"column":8},"end":{"line":14,"column":9}}],"line":12},"1":{"loc":{"start":{"line":18,"column":12},"end":{"line":20,"column":13}},"type":"if","locations":[{"start":{"line":18,"column":12},"end":{"line":20,"column":13}},{"start":{"line":18,"column":12},"end":{"line":20,"column":13}}],"line":18}},"s":{"0":1,"1":1,"2":1,"3":1,"4":1,"5":1,"6":1,"7":0,"8":1,"9":1,"10":3,"11":2,"12":1,"13":1,"14":1},"f":{"0":1,"1":1,"2":3},"b":{"0":[0,1],"1":[2,1]},"_coverageSchema":"332fd63041d2c1bcb487cc26dd0d5f7d97098a6c","hash":"ae3374eaa2f9ed1f7e363d2f6c902f1c54216cfe","contentHash":"663bdf543da408d11360198236674f3d_11.1.0"},"C:\\Users\\chadc\\Documents\\git-projects\\infusion\\src\\winston-logger.ts":{"path":"C:\\Users\\chadc\\Documents\\git-projects\\infusion\\src\\winston-logger.ts","statementMap":{"0":{"start":{"line":2,"column":0},"end":{"line":2,"column":62}},"1":{"start":{"line":3,"column":16},"end":{"line":3,"column":34}},"2":{"start":{"line":43,"column":0},"end":{"line":43,"column":32}}},"fnMap":{},"branchMap":{},"s":{"0":1,"1":1,"2":1},"f":{},"b":{},"_coverageSchema":"332fd63041d2c1bcb487cc26dd0d5f7d97098a6c","hash":"6a2f95020ccadf97e8b42e7443715f4b82d928dc","contentHash":"76c87b0e804a5bd67c9cd4f555037efb_11.1.0"},"C:\\Users\\chadc\\Documents\\git-projects\\infusion\\src\\proxy-services\\proxy-service\\application-services\\tests\\markup-modifier.test.ts":{"path":"C:\\Users\\chadc\\Documents\\git-projects\\infusion\\src\\proxy-services\\proxy-service\\application-services\\tests\\markup-modifier.test.ts","statementMap":{"0":{"start":{"line":2,"column":17},"end":{"line":7,"column":1}},"1":{"start":{"line":3,"column":12},"end":{"line":3,"column":28}},"2":{"start":{"line":3,"column":34},"end":{"line":3,"column":125}},"3":{"start":{"line":4,"column":4},"end":{"line":5,"column":150}},"4":{"start":{"line":4,"column":79},"end":{"line":4,"column":131}},"5":{"start":{"line":5,"column":9},"end":{"line":5,"column":150}},"6":{"start":{"line":5,"column":58},"end":{"line":5,"column":150}},"7":{"start":{"line":5,"column":81},"end":{"line":5,"column":150}},"8":{"start":{"line":6,"column":4},"end":{"line":6,"column":66}},"9":{"start":{"line":8,"column":17},"end":{"line":10,"column":1}},"10":{"start":{"line":9,"column":4},"end":{"line":9,"column":109}},"11":{"start":{"line":9,"column":79},"end":{"line":9,"column":109}},"12":{"start":{"line":11,"column":0},"end":{"line":11,"column":62}},"13":{"start":{"line":12,"column":25},"end":{"line":12,"column":62}},"14":{"start":{"line":13,"column":23},"end":{"line":13,"column":59}},"15":{"start":{"line":14,"column":26},"end":{"line":14,"column":55}},"16":{"start":{"line":15,"column":24},"end":{"line":15,"column":61}},"17":{"start":{"line":16,"column":18},"end":{"line":16,"column":49}},"18":{"start":{"line":17,"column":27},"end":{"line":17,"column":54}},"19":{"start":{"line":18,"column":15},"end":{"line":18,"column":30}},"20":{"start":{"line":19,"column":25},"end":{"line":53,"column":1}},"21":{"start":{"line":21,"column":8},"end":{"line":21,"column":24}},"22":{"start":{"line":22,"column":8},"end":{"line":22,"column":53}},"23":{"start":{"line":23,"column":8},"end":{"line":23,"column":65}},"24":{"start":{"line":24,"column":8},"end":{"line":24,"column":83}},"25":{"start":{"line":25,"column":8},"end":{"line":25,"column":77}},"26":{"start":{"line":26,"column":8},"end":{"line":26,"column":34}},"27":{"start":{"line":27,"column":8},"end":{"line":27,"column":33}},"28":{"start":{"line":28,"column":8},"end":{"line":28,"column":48}},"29":{"start":{"line":29,"column":8},"end":{"line":29,"column":43}},"30":{"start":{"line":32,"column":8},"end":{"line":32,"column":37}},"31":{"start":{"line":33,"column":8},"end":{"line":33,"column":69}},"32":{"start":{"line":36,"column":8},"end":{"line":36,"column":36}},"33":{"start":{"line":37,"column":8},"end":{"line":37,"column":69}},"34":{"start":{"line":40,"column":8},"end":{"line":40,"column":56}},"35":{"start":{"line":41,"column":8},"end":{"line":41,"column":55}},"36":{"start":{"line":42,"column":8},"end":{"line":45,"column":10}},"37":{"start":{"line":48,"column":8},"end":{"line":51,"column":10}},"38":{"start":{"line":54,"column":0},"end":{"line":59,"column":69}},"39":{"start":{"line":60,"column":0},"end":{"line":65,"column":68}},"40":{"start":{"line":66,"column":0},"end":{"line":68,"column":23}}},"fnMap":{"0":{"name":"(anonymous_0)","decl":{"start":{"line":2,"column":46},"end":{"line":2,"column":47}},"loc":{"start":{"line":2,"column":87},"end":{"line":7,"column":1}},"line":2},"1":{"name":"(anonymous_1)","decl":{"start":{"line":8,"column":46},"end":{"line":8,"column":47}},"loc":{"start":{"line":8,"column":62},"end":{"line":10,"column":1}},"line":8},"2":{"name":"(anonymous_2)","decl":{"start":{"line":20,"column":4},"end":{"line":20,"column":5}},"loc":{"start":{"line":20,"column":13},"end":{"line":30,"column":5}},"line":20},"3":{"name":"(anonymous_3)","decl":{"start":{"line":31,"column":4},"end":{"line":31,"column":5}},"loc":{"start":{"line":31,"column":33},"end":{"line":34,"column":5}},"line":31},"4":{"name":"(anonymous_4)","decl":{"start":{"line":35,"column":4},"end":{"line":35,"column":5}},"loc":{"start":{"line":35,"column":32},"end":{"line":38,"column":5}},"line":35},"5":{"name":"(anonymous_5)","decl":{"start":{"line":39,"column":4},"end":{"line":39,"column":5}},"loc":{"start":{"line":39,"column":28},"end":{"line":46,"column":5}},"line":39},"6":{"name":"(anonymous_6)","decl":{"start":{"line":47,"column":4},"end":{"line":47,"column":5}},"loc":{"start":{"line":47,"column":27},"end":{"line":52,"column":5}},"line":47}},"branchMap":{"0":{"loc":{"start":{"line":2,"column":17},"end":{"line":7,"column":1}},"type":"binary-expr","locations":[{"start":{"line":2,"column":18},"end":{"line":2,"column":22}},{"start":{"line":2,"column":26},"end":{"line":2,"column":41}},{"start":{"line":2,"column":46},"end":{"line":7,"column":1}}],"line":2},"1":{"loc":{"start":{"line":3,"column":34},"end":{"line":3,"column":125}},"type":"cond-expr","locations":[{"start":{"line":3,"column":42},"end":{"line":3,"column":48}},{"start":{"line":3,"column":51},"end":{"line":3,"column":125}}],"line":3},"2":{"loc":{"start":{"line":3,"column":51},"end":{"line":3,"column":125}},"type":"cond-expr","locations":[{"start":{"line":3,"column":67},"end":{"line":3,"column":118}},{"start":{"line":3,"column":121},"end":{"line":3,"column":125}}],"line":3},"3":{"loc":{"start":{"line":4,"column":4},"end":{"line":5,"column":150}},"type":"if","locations":[{"start":{"line":4,"column":4},"end":{"line":5,"column":150}},{"start":{"line":4,"column":4},"end":{"line":5,"column":150}}],"line":4},"4":{"loc":{"start":{"line":4,"column":8},"end":{"line":4,"column":77}},"type":"binary-expr","locations":[{"start":{"line":4,"column":8},"end":{"line":4,"column":35}},{"start":{"line":4,"column":39},"end":{"line":4,"column":77}}],"line":4},"5":{"loc":{"start":{"line":5,"column":58},"end":{"line":5,"column":150}},"type":"if","locations":[{"start":{"line":5,"column":58},"end":{"line":5,"column":150}},{"start":{"line":5,"column":58},"end":{"line":5,"column":150}}],"line":5},"6":{"loc":{"start":{"line":5,"column":85},"end":{"line":5,"column":149}},"type":"binary-expr","locations":[{"start":{"line":5,"column":86},"end":{"line":5,"column":143}},{"start":{"line":5,"column":148},"end":{"line":5,"column":149}}],"line":5},"7":{"loc":{"start":{"line":5,"column":86},"end":{"line":5,"column":143}},"type":"cond-expr","locations":[{"start":{"line":5,"column":94},"end":{"line":5,"column":98}},{"start":{"line":5,"column":101},"end":{"line":5,"column":143}}],"line":5},"8":{"loc":{"start":{"line":5,"column":101},"end":{"line":5,"column":143}},"type":"cond-expr","locations":[{"start":{"line":5,"column":109},"end":{"line":5,"column":126}},{"start":{"line":5,"column":129},"end":{"line":5,"column":143}}],"line":5},"9":{"loc":{"start":{"line":6,"column":11},"end":{"line":6,"column":62}},"type":"binary-expr","locations":[{"start":{"line":6,"column":11},"end":{"line":6,"column":16}},{"start":{"line":6,"column":20},"end":{"line":6,"column":21}},{"start":{"line":6,"column":25},"end":{"line":6,"column":62}}],"line":6},"10":{"loc":{"start":{"line":8,"column":17},"end":{"line":10,"column":1}},"type":"binary-expr","locations":[{"start":{"line":8,"column":18},"end":{"line":8,"column":22}},{"start":{"line":8,"column":26},"end":{"line":8,"column":41}},{"start":{"line":8,"column":46},"end":{"line":10,"column":1}}],"line":8},"11":{"loc":{"start":{"line":9,"column":4},"end":{"line":9,"column":109}},"type":"if","locations":[{"start":{"line":9,"column":4},"end":{"line":9,"column":109}},{"start":{"line":9,"column":4},"end":{"line":9,"column":109}}],"line":9},"12":{"loc":{"start":{"line":9,"column":8},"end":{"line":9,"column":77}},"type":"binary-expr","locations":[{"start":{"line":9,"column":8},"end":{"line":9,"column":35}},{"start":{"line":9,"column":39},"end":{"line":9,"column":77}}],"line":9}},"s":{"0":1,"1":3,"2":3,"3":3,"4":0,"5":3,"6":9,"7":3,"8":3,"9":1,"10":6,"11":0,"12":1,"13":1,"14":1,"15":1,"16":1,"17":1,"18":1,"19":1,"20":1,"21":2,"22":2,"23":2,"24":2,"25":2,"26":2,"27":2,"28":2,"29":2,"30":1,"31":1,"32":1,"33":1,"34":1,"35":1,"36":1,"37":1,"38":1,"39":1,"40":1},"f":{"0":3,"1":6,"2":2,"3":1,"4":1,"5":1,"6":1},"b":{"0":[1,1,1],"1":[1,2],"2":[2,0],"3":[0,3],"4":[3,3],"5":[3,6],"6":[3,3],"7":[1,2],"8":[2,0],"9":[3,2,2],"10":[1,1,1],"11":[0,6],"12":[6,6]},"_coverageSchema":"332fd63041d2c1bcb487cc26dd0d5f7d97098a6c","hash":"58db6cafcef9596711f7a3b96509f824ac3f6aa7","contentHash":"cffa4e20e45c7445f4c653342e6c0044_11.1.0"},"C:\\Users\\chadc\\Documents\\git-projects\\infusion\\src\\proxy-services\\proxy-service\\domain\\modification.ts":{"path":"C:\\Users\\chadc\\Documents\\git-projects\\infusion\\src\\proxy-services\\proxy-service\\domain\\modification.ts","statementMap":{"0":{"start":{"line":2,"column":0},"end":{"line":2,"column":62}},"1":{"start":{"line":4,"column":0},"end":{"line":7,"column":107}},"2":{"start":{"line":5,"column":4},"end":{"line":5,"column":82}},"3":{"start":{"line":6,"column":4},"end":{"line":6,"column":80}},"4":{"start":{"line":10,"column":8},"end":{"line":10,"column":35}},"5":{"start":{"line":11,"column":8},"end":{"line":11,"column":33}},"6":{"start":{"line":12,"column":8},"end":{"line":12,"column":49}},"7":{"start":{"line":13,"column":8},"end":{"line":13,"column":37}},"8":{"start":{"line":16,"column":21},"end":{"line":16,"column":23}},"9":{"start":{"line":17,"column":8},"end":{"line":17,"column":37}},"10":{"start":{"line":27,"column":8},"end":{"line":27,"column":22}},"11":{"start":{"line":46,"column":0},"end":{"line":46,"column":52}}},"fnMap":{"0":{"name":"(anonymous_0)","decl":{"start":{"line":4,"column":1},"end":{"line":4,"column":2}},"loc":{"start":{"line":4,"column":37},"end":{"line":7,"column":1}},"line":4},"1":{"name":"(anonymous_1)","decl":{"start":{"line":9,"column":4},"end":{"line":9,"column":5}},"loc":{"start":{"line":9,"column":67},"end":{"line":14,"column":5}},"line":9},"2":{"name":"(anonymous_2)","decl":{"start":{"line":15,"column":4},"end":{"line":15,"column":5}},"loc":{"start":{"line":15,"column":29},"end":{"line":28,"column":5}},"line":15}},"branchMap":{"0":{"loc":{"start":{"line":7,"column":30},"end":{"line":7,"column":105}},"type":"binary-expr","locations":[{"start":{"line":7,"column":30},"end":{"line":7,"column":62}},{"start":{"line":7,"column":67},"end":{"line":7,"column":104}}],"line":7}},"s":{"0":1,"1":1,"2":1,"3":1,"4":4,"5":4,"6":4,"7":4,"8":0,"9":0,"10":0,"11":1},"f":{"0":1,"1":4,"2":0},"b":{"0":[1,1]},"_coverageSchema":"332fd63041d2c1bcb487cc26dd0d5f7d97098a6c","hash":"9bf2058e2b98b51cf48b51c796eec4d382e21142","contentHash":"39f305f87cd01967c9c5109155c2ef44_11.1.0"},"C:\\Users\\chadc\\Documents\\git-projects\\infusion\\src\\proxy-services\\proxy-service\\application-services\\markup-modifier.ts":{"path":"C:\\Users\\chadc\\Documents\\git-projects\\infusion\\src\\proxy-services\\proxy-service\\application-services\\markup-modifier.ts","statementMap":{"0":{"start":{"line":2,"column":0},"end":{"line":2,"column":62}},"1":{"start":{"line":5,"column":8},"end":{"line":5,"column":23}},"2":{"start":{"line":8,"column":8},"end":{"line":8,"column":47}},"3":{"start":{"line":9,"column":22},"end":{"line":9,"column":33}},"4":{"start":{"line":10,"column":35},"end":{"line":10,"column":52}},"5":{"start":{"line":11,"column":19},"end":{"line":11,"column":113}},"6":{"start":{"line":12,"column":8},"end":{"line":12,"column":34}},"7":{"start":{"line":15,"column":21},"end":{"line":15,"column":32}},"8":{"start":{"line":16,"column":8},"end":{"line":22,"column":11}},"9":{"start":{"line":17,"column":12},"end":{"line":21,"column":13}},"10":{"start":{"line":18,"column":16},"end":{"line":18,"column":67}},"11":{"start":{"line":23,"column":8},"end":{"line":23,"column":22}},"12":{"start":{"line":26,"column":0},"end":{"line":26,"column":40}}},"fnMap":{"0":{"name":"(anonymous_0)","decl":{"start":{"line":4,"column":4},"end":{"line":4,"column":5}},"loc":{"start":{"line":4,"column":21},"end":{"line":6,"column":5}},"line":4},"1":{"name":"(anonymous_1)","decl":{"start":{"line":7,"column":4},"end":{"line":7,"column":5}},"loc":{"start":{"line":7,"column":35},"end":{"line":13,"column":5}},"line":7},"2":{"name":"(anonymous_2)","decl":{"start":{"line":12,"column":23},"end":{"line":12,"column":24}},"loc":{"start":{"line":12,"column":29},"end":{"line":12,"column":32}},"line":12},"3":{"name":"(anonymous_3)","decl":{"start":{"line":14,"column":4},"end":{"line":14,"column":5}},"loc":{"start":{"line":14,"column":48},"end":{"line":24,"column":5}},"line":14},"4":{"name":"(anonymous_4)","decl":{"start":{"line":16,"column":45},"end":{"line":16,"column":46}},"loc":{"start":{"line":16,"column":63},"end":{"line":22,"column":9}},"line":16}},"branchMap":{"0":{"loc":{"start":{"line":17,"column":12},"end":{"line":21,"column":13}},"type":"if","locations":[{"start":{"line":17,"column":12},"end":{"line":21,"column":13}},{"start":{"line":17,"column":12},"end":{"line":21,"column":13}}],"line":17}},"s":{"0":1,"1":2,"2":2,"3":2,"4":2,"5":2,"6":2,"7":2,"8":2,"9":4,"10":0,"11":2,"12":1},"f":{"0":2,"1":2,"2":2,"3":2,"4":4},"b":{"0":[0,4]},"_coverageSchema":"332fd63041d2c1bcb487cc26dd0d5f7d97098a6c","hash":"c266f17a2209f3b70b5f6b6e190dcec9ca9d9e26","contentHash":"eba6b59db3798cc19d7ae5c094b46bc8_11.1.0"},"C:\\Users\\chadc\\Documents\\git-projects\\infusion\\src\\proxy-services\\proxy-service\\domain\\configuration.ts":{"path":"C:\\Users\\chadc\\Documents\\git-projects\\infusion\\src\\proxy-services\\proxy-service\\domain\\configuration.ts","statementMap":{"0":{"start":{"line":2,"column":0},"end":{"line":2,"column":62}},"1":{"start":{"line":7,"column":0},"end":{"line":7,"column":38}}},"fnMap":{"0":{"name":"(anonymous_0)","decl":{"start":{"line":4,"column":4},"end":{"line":4,"column":5}},"loc":{"start":{"line":4,"column":18},"end":{"line":5,"column":5}},"line":4}},"branchMap":{},"s":{"0":1,"1":1},"f":{"0":15},"b":{},"_coverageSchema":"332fd63041d2c1bcb487cc26dd0d5f7d97098a6c","hash":"e4ea1ed37e3c03b4343046c86c7d270c2bea2a35","contentHash":"5e38e5449671717eaba98dcd08935eb8_11.1.0"},"C:\\Users\\chadc\\Documents\\git-projects\\infusion\\src\\proxy-services\\proxy-service\\domain\\context.ts":{"path":"C:\\Users\\chadc\\Documents\\git-projects\\infusion\\src\\proxy-services\\proxy-service\\domain\\context.ts","statementMap":{"0":{"start":{"line":2,"column":0},"end":{"line":2,"column":62}},"1":{"start":{"line":3,"column":18},"end":{"line":3,"column":38}},"2":{"start":{"line":4,"column":19},"end":{"line":4,"column":40}},"3":{"start":{"line":6,"column":0},"end":{"line":9,"column":83}},"4":{"start":{"line":7,"column":4},"end":{"line":7,"column":66}},"5":{"start":{"line":8,"column":4},"end":{"line":8,"column":68}},"6":{"start":{"line":12,"column":8},"end":{"line":12,"column":50}},"7":{"start":{"line":13,"column":8},"end":{"line":13,"column":47}},"8":{"start":{"line":14,"column":8},"end":{"line":14,"column":30}},"9":{"start":{"line":15,"column":8},"end":{"line":15,"column":29}},"10":{"start":{"line":16,"column":8},"end":{"line":16,"column":23}},"11":{"start":{"line":19,"column":21},"end":{"line":19,"column":23}},"12":{"start":{"line":20,"column":8},"end":{"line":20,"column":62}},"13":{"start":{"line":21,"column":8},"end":{"line":21,"column":36}},"14":{"start":{"line":27,"column":8},"end":{"line":27,"column":59}},"15":{"start":{"line":28,"column":8},"end":{"line":28,"column":61}},"16":{"start":{"line":29,"column":8},"end":{"line":29,"column":63}},"17":{"start":{"line":30,"column":8},"end":{"line":30,"column":69}},"18":{"start":{"line":31,"column":8},"end":{"line":31,"column":83}},"19":{"start":{"line":32,"column":8},"end":{"line":32,"column":62}},"20":{"start":{"line":33,"column":8},"end":{"line":33,"column":22}},"21":{"start":{"line":36,"column":21},"end":{"line":36,"column":23}},"22":{"start":{"line":37,"column":8},"end":{"line":37,"column":49}},"23":{"start":{"line":38,"column":8},"end":{"line":38,"column":71}},"24":{"start":{"line":39,"column":8},"end":{"line":39,"column":61}},"25":{"start":{"line":40,"column":8},"end":{"line":40,"column":47}},"26":{"start":{"line":41,"column":8},"end":{"line":41,"column":69}},"27":{"start":{"line":42,"column":8},"end":{"line":42,"column":49}},"28":{"start":{"line":43,"column":8},"end":{"line":43,"column":55}},"29":{"start":{"line":44,"column":8},"end":{"line":44,"column":47}},"30":{"start":{"line":45,"column":8},"end":{"line":45,"column":51}},"31":{"start":{"line":46,"column":8},"end":{"line":46,"column":68}},"32":{"start":{"line":47,"column":8},"end":{"line":47,"column":73}},"33":{"start":{"line":48,"column":8},"end":{"line":48,"column":46}},"34":{"start":{"line":49,"column":8},"end":{"line":49,"column":34}},"35":{"start":{"line":50,"column":8},"end":{"line":50,"column":32}},"36":{"start":{"line":51,"column":8},"end":{"line":51,"column":22}},"37":{"start":{"line":54,"column":0},"end":{"line":54,"column":26}}},"fnMap":{"0":{"name":"(anonymous_0)","decl":{"start":{"line":6,"column":1},"end":{"line":6,"column":2}},"loc":{"start":{"line":6,"column":29},"end":{"line":9,"column":1}},"line":6},"1":{"name":"(anonymous_1)","decl":{"start":{"line":11,"column":4},"end":{"line":11,"column":5}},"loc":{"start":{"line":11,"column":29},"end":{"line":17,"column":5}},"line":11},"2":{"name":"(anonymous_2)","decl":{"start":{"line":18,"column":4},"end":{"line":18,"column":5}},"loc":{"start":{"line":18,"column":15},"end":{"line":34,"column":5}},"line":18},"3":{"name":"(anonymous_3)","decl":{"start":{"line":35,"column":4},"end":{"line":35,"column":5}},"loc":{"start":{"line":35,"column":14},"end":{"line":52,"column":5}},"line":35}},"branchMap":{"0":{"loc":{"start":{"line":9,"column":22},"end":{"line":9,"column":81}},"type":"binary-expr","locations":[{"start":{"line":9,"column":22},"end":{"line":9,"column":46}},{"start":{"line":9,"column":51},"end":{"line":9,"column":80}}],"line":9}},"s":{"0":1,"1":1,"2":1,"3":1,"4":1,"5":1,"6":15,"7":15,"8":15,"9":15,"10":15,"11":1,"12":1,"13":1,"14":1,"15":1,"16":1,"17":1,"18":1,"19":1,"20":1,"21":0,"22":0,"23":0,"24":0,"25":0,"26":0,"27":0,"28":0,"29":0,"30":0,"31":0,"32":0,"33":0,"34":0,"35":0,"36":0,"37":1},"f":{"0":1,"1":15,"2":1,"3":0},"b":{"0":[1,1]},"_coverageSchema":"332fd63041d2c1bcb487cc26dd0d5f7d97098a6c","hash":"deea1a8415e622ce73746f0b4f6ef7a9a9450ca1","contentHash":"70147afc81029653f819984758b467be_11.1.0"},"C:\\Users\\chadc\\Documents\\git-projects\\infusion\\src\\proxy-services\\proxy-service\\domain\\request.ts":{"path":"C:\\Users\\chadc\\Documents\\git-projects\\infusion\\src\\proxy-services\\proxy-service\\domain\\request.ts","statementMap":{"0":{"start":{"line":2,"column":0},"end":{"line":2,"column":62}},"1":{"start":{"line":4,"column":20},"end":{"line":4,"column":72}},"2":{"start":{"line":6,"column":0},"end":{"line":6,"column":26}}},"fnMap":{"0":{"name":"(anonymous_0)","decl":{"start":{"line":4,"column":4},"end":{"line":4,"column":5}},"loc":{"start":{"line":4,"column":18},"end":{"line":4,"column":74}},"line":4}},"branchMap":{},"s":{"0":1,"1":3,"2":1},"f":{"0":3},"b":{},"_coverageSchema":"332fd63041d2c1bcb487cc26dd0d5f7d97098a6c","hash":"74a1c156f94c42708ec372fa24311011ca5a0679","contentHash":"93c751bbc817536b8958bf88ffb8d918_11.1.0"},"C:\\Users\\chadc\\Documents\\git-projects\\infusion\\src\\proxy-services\\proxy-service\\domain\\response.ts":{"path":"C:\\Users\\chadc\\Documents\\git-projects\\infusion\\src\\proxy-services\\proxy-service\\domain\\response.ts","statementMap":{"0":{"start":{"line":2,"column":0},"end":{"line":2,"column":62}},"1":{"start":{"line":5,"column":8},"end":{"line":5,"column":23}},"2":{"start":{"line":8,"column":0},"end":{"line":8,"column":28}}},"fnMap":{"0":{"name":"(anonymous_0)","decl":{"start":{"line":4,"column":4},"end":{"line":4,"column":5}},"loc":{"start":{"line":4,"column":18},"end":{"line":6,"column":5}},"line":4}},"branchMap":{},"s":{"0":1,"1":15,"2":1},"f":{"0":15},"b":{},"_coverageSchema":"332fd63041d2c1bcb487cc26dd0d5f7d97098a6c","hash":"d81e4bb253def48fdc4f1fdfd763537f58d529fa","contentHash":"cd77d322678e3b7347117fa4b113cfc3_11.1.0"},"C:\\Users\\chadc\\Documents\\git-projects\\infusion\\src\\proxy-services\\proxy-service\\domain-services\\tests\\error-handler.test.ts":{"path":"C:\\Users\\chadc\\Documents\\git-projects\\infusion\\src\\proxy-services\\proxy-service\\domain-services\\tests\\error-handler.test.ts","statementMap":{"0":{"start":{"line":2,"column":17},"end":{"line":7,"column":1}},"1":{"start":{"line":3,"column":12},"end":{"line":3,"column":28}},"2":{"start":{"line":3,"column":34},"end":{"line":3,"column":125}},"3":{"start":{"line":4,"column":4},"end":{"line":5,"column":150}},"4":{"start":{"line":4,"column":79},"end":{"line":4,"column":131}},"5":{"start":{"line":5,"column":9},"end":{"line":5,"column":150}},"6":{"start":{"line":5,"column":58},"end":{"line":5,"column":150}},"7":{"start":{"line":5,"column":81},"end":{"line":5,"column":150}},"8":{"start":{"line":6,"column":4},"end":{"line":6,"column":66}},"9":{"start":{"line":8,"column":17},"end":{"line":10,"column":1}},"10":{"start":{"line":9,"column":4},"end":{"line":9,"column":109}},"11":{"start":{"line":9,"column":79},"end":{"line":9,"column":109}},"12":{"start":{"line":11,"column":0},"end":{"line":11,"column":62}},"13":{"start":{"line":12,"column":25},"end":{"line":12,"column":62}},"14":{"start":{"line":13,"column":24},"end":{"line":13,"column":66}},"15":{"start":{"line":14,"column":27},"end":{"line":14,"column":54}},"16":{"start":{"line":15,"column":15},"end":{"line":15,"column":30}},"17":{"start":{"line":16,"column":31},"end":{"line":37,"column":1}},"18":{"start":{"line":18,"column":8},"end":{"line":18,"column":24}},"19":{"start":{"line":19,"column":8},"end":{"line":19,"column":53}},"20":{"start":{"line":20,"column":8},"end":{"line":20,"column":71}},"21":{"start":{"line":21,"column":8},"end":{"line":21,"column":45}},"22":{"start":{"line":22,"column":8},"end":{"line":22,"column":22}},"23":{"start":{"line":23,"column":8},"end":{"line":23,"column":22}},"24":{"start":{"line":26,"column":29},"end":{"line":26,"column":30}},"25":{"start":{"line":27,"column":30},"end":{"line":27,"column":32}},"26":{"start":{"line":28,"column":8},"end":{"line":28,"column":44}},"27":{"start":{"line":29,"column":8},"end":{"line":32,"column":10}},"28":{"start":{"line":30,"column":12},"end":{"line":30,"column":40}},"29":{"start":{"line":31,"column":12},"end":{"line":31,"column":42}},"30":{"start":{"line":33,"column":8},"end":{"line":33,"column":63}},"31":{"start":{"line":34,"column":8},"end":{"line":34,"column":41}},"32":{"start":{"line":35,"column":8},"end":{"line":35,"column":67}},"33":{"start":{"line":38,"column":0},"end":{"line":43,"column":72}},"34":{"start":{"line":44,"column":0},"end":{"line":46,"column":29}}},"fnMap":{"0":{"name":"(anonymous_0)","decl":{"start":{"line":2,"column":46},"end":{"line":2,"column":47}},"loc":{"start":{"line":2,"column":87},"end":{"line":7,"column":1}},"line":2},"1":{"name":"(anonymous_1)","decl":{"start":{"line":8,"column":46},"end":{"line":8,"column":47}},"loc":{"start":{"line":8,"column":62},"end":{"line":10,"column":1}},"line":8},"2":{"name":"(anonymous_2)","decl":{"start":{"line":17,"column":4},"end":{"line":17,"column":5}},"loc":{"start":{"line":17,"column":13},"end":{"line":24,"column":5}},"line":17},"3":{"name":"(anonymous_3)","decl":{"start":{"line":25,"column":4},"end":{"line":25,"column":5}},"loc":{"start":{"line":25,"column":30},"end":{"line":36,"column":5}},"line":25},"4":{"name":"(anonymous_4)","decl":{"start":{"line":28,"column":23},"end":{"line":28,"column":24}},"loc":{"start":{"line":28,"column":40},"end":{"line":28,"column":43}},"line":28},"5":{"name":"(anonymous_5)","decl":{"start":{"line":29,"column":29},"end":{"line":29,"column":30}},"loc":{"start":{"line":29,"column":58},"end":{"line":32,"column":9}},"line":29}},"branchMap":{"0":{"loc":{"start":{"line":2,"column":17},"end":{"line":7,"column":1}},"type":"binary-expr","locations":[{"start":{"line":2,"column":18},"end":{"line":2,"column":22}},{"start":{"line":2,"column":26},"end":{"line":2,"column":41}},{"start":{"line":2,"column":46},"end":{"line":7,"column":1}}],"line":2},"1":{"loc":{"start":{"line":3,"column":34},"end":{"line":3,"column":125}},"type":"cond-expr","locations":[{"start":{"line":3,"column":42},"end":{"line":3,"column":48}},{"start":{"line":3,"column":51},"end":{"line":3,"column":125}}],"line":3},"2":{"loc":{"start":{"line":3,"column":51},"end":{"line":3,"column":125}},"type":"cond-expr","locations":[{"start":{"line":3,"column":67},"end":{"line":3,"column":118}},{"start":{"line":3,"column":121},"end":{"line":3,"column":125}}],"line":3},"3":{"loc":{"start":{"line":4,"column":4},"end":{"line":5,"column":150}},"type":"if","locations":[{"start":{"line":4,"column":4},"end":{"line":5,"column":150}},{"start":{"line":4,"column":4},"end":{"line":5,"column":150}}],"line":4},"4":{"loc":{"start":{"line":4,"column":8},"end":{"line":4,"column":77}},"type":"binary-expr","locations":[{"start":{"line":4,"column":8},"end":{"line":4,"column":35}},{"start":{"line":4,"column":39},"end":{"line":4,"column":77}}],"line":4},"5":{"loc":{"start":{"line":5,"column":58},"end":{"line":5,"column":150}},"type":"if","locations":[{"start":{"line":5,"column":58},"end":{"line":5,"column":150}},{"start":{"line":5,"column":58},"end":{"line":5,"column":150}}],"line":5},"6":{"loc":{"start":{"line":5,"column":85},"end":{"line":5,"column":149}},"type":"binary-expr","locations":[{"start":{"line":5,"column":86},"end":{"line":5,"column":143}},{"start":{"line":5,"column":148},"end":{"line":5,"column":149}}],"line":5},"7":{"loc":{"start":{"line":5,"column":86},"end":{"line":5,"column":143}},"type":"cond-expr","locations":[{"start":{"line":5,"column":94},"end":{"line":5,"column":98}},{"start":{"line":5,"column":101},"end":{"line":5,"column":143}}],"line":5},"8":{"loc":{"start":{"line":5,"column":101},"end":{"line":5,"column":143}},"type":"cond-expr","locations":[{"start":{"line":5,"column":109},"end":{"line":5,"column":126}},{"start":{"line":5,"column":129},"end":{"line":5,"column":143}}],"line":5},"9":{"loc":{"start":{"line":6,"column":11},"end":{"line":6,"column":62}},"type":"binary-expr","locations":[{"start":{"line":6,"column":11},"end":{"line":6,"column":16}},{"start":{"line":6,"column":20},"end":{"line":6,"column":21}},{"start":{"line":6,"column":25},"end":{"line":6,"column":62}}],"line":6},"10":{"loc":{"start":{"line":8,"column":17},"end":{"line":10,"column":1}},"type":"binary-expr","locations":[{"start":{"line":8,"column":18},"end":{"line":8,"column":22}},{"start":{"line":8,"column":26},"end":{"line":8,"column":41}},{"start":{"line":8,"column":46},"end":{"line":10,"column":1}}],"line":8},"11":{"loc":{"start":{"line":9,"column":4},"end":{"line":9,"column":109}},"type":"if","locations":[{"start":{"line":9,"column":4},"end":{"line":9,"column":109}},{"start":{"line":9,"column":4},"end":{"line":9,"column":109}}],"line":9},"12":{"loc":{"start":{"line":9,"column":8},"end":{"line":9,"column":77}},"type":"binary-expr","locations":[{"start":{"line":9,"column":8},"end":{"line":9,"column":35}},{"start":{"line":9,"column":39},"end":{"line":9,"column":77}}],"line":9}},"s":{"0":1,"1":2,"2":2,"3":2,"4":0,"5":2,"6":5,"7":2,"8":2,"9":1,"10":3,"11":0,"12":1,"13":1,"14":1,"15":1,"16":1,"17":1,"18":1,"19":1,"20":1,"21":1,"22":1,"23":1,"24":1,"25":1,"26":1,"27":1,"28":1,"29":1,"30":1,"31":1,"32":1,"33":1,"34":1},"f":{"0":2,"1":3,"2":1,"3":1,"4":1,"5":1},"b":{"0":[1,1,1],"1":[1,1],"2":[1,0],"3":[0,2],"4":[2,2],"5":[2,3],"6":[2,2],"7":[1,1],"8":[1,0],"9":[2,1,1],"10":[1,1,1],"11":[0,3],"12":[3,3]},"_coverageSchema":"332fd63041d2c1bcb487cc26dd0d5f7d97098a6c","hash":"74f0a204eedda1701ab613f04014bae5d56a9c01","contentHash":"9342ff512a47d6f2b4554db7ae00e3dc_11.1.0"},"C:\\Users\\chadc\\Documents\\git-projects\\infusion\\src\\proxy-services\\proxy-service\\domain-services\\event-handlers\\error-handler.ts":{"path":"C:\\Users\\chadc\\Documents\\git-projects\\infusion\\src\\proxy-services\\proxy-service\\domain-services\\event-handlers\\error-handler.ts","statementMap":{"0":{"start":{"line":2,"column":0},"end":{"line":2,"column":62}},"1":{"start":{"line":5,"column":8},"end":{"line":5,"column":23}},"2":{"start":{"line":8,"column":8},"end":{"line":8,"column":61}},"3":{"start":{"line":9,"column":8},"end":{"line":9,"column":48}},"4":{"start":{"line":12,"column":0},"end":{"line":12,"column":36}}},"fnMap":{"0":{"name":"(anonymous_0)","decl":{"start":{"line":4,"column":4},"end":{"line":4,"column":5}},"loc":{"start":{"line":4,"column":21},"end":{"line":6,"column":5}},"line":4},"1":{"name":"(anonymous_1)","decl":{"start":{"line":7,"column":4},"end":{"line":7,"column":5}},"loc":{"start":{"line":7,"column":26},"end":{"line":10,"column":5}},"line":7}},"branchMap":{},"s":{"0":1,"1":1,"2":1,"3":1,"4":1},"f":{"0":1,"1":1},"b":{},"_coverageSchema":"332fd63041d2c1bcb487cc26dd0d5f7d97098a6c","hash":"0b65828cd23c1e9ca6db6103b2b82791a6b54df4","contentHash":"572e6c112a16081469b0b6ec8000e84d_11.1.0"},"C:\\Users\\chadc\\Documents\\git-projects\\infusion\\src\\proxy-services\\proxy-service\\domain-services\\tests\\path-rewrite-handler.test.ts":{"path":"C:\\Users\\chadc\\Documents\\git-projects\\infusion\\src\\proxy-services\\proxy-service\\domain-services\\tests\\path-rewrite-handler.test.ts","statementMap":{"0":{"start":{"line":2,"column":17},"end":{"line":7,"column":1}},"1":{"start":{"line":3,"column":12},"end":{"line":3,"column":28}},"2":{"start":{"line":3,"column":34},"end":{"line":3,"column":125}},"3":{"start":{"line":4,"column":4},"end":{"line":5,"column":150}},"4":{"start":{"line":4,"column":79},"end":{"line":4,"column":131}},"5":{"start":{"line":5,"column":9},"end":{"line":5,"column":150}},"6":{"start":{"line":5,"column":58},"end":{"line":5,"column":150}},"7":{"start":{"line":5,"column":81},"end":{"line":5,"column":150}},"8":{"start":{"line":6,"column":4},"end":{"line":6,"column":66}},"9":{"start":{"line":8,"column":17},"end":{"line":10,"column":1}},"10":{"start":{"line":9,"column":4},"end":{"line":9,"column":109}},"11":{"start":{"line":9,"column":79},"end":{"line":9,"column":109}},"12":{"start":{"line":11,"column":0},"end":{"line":11,"column":62}},"13":{"start":{"line":12,"column":25},"end":{"line":12,"column":62}},"14":{"start":{"line":13,"column":31},"end":{"line":13,"column":80}},"15":{"start":{"line":14,"column":27},"end":{"line":14,"column":54}},"16":{"start":{"line":15,"column":15},"end":{"line":15,"column":30}},"17":{"start":{"line":16,"column":37},"end":{"line":27,"column":1}},"18":{"start":{"line":18,"column":8},"end":{"line":18,"column":24}},"19":{"start":{"line":19,"column":8},"end":{"line":19,"column":53}},"20":{"start":{"line":20,"column":8},"end":{"line":20,"column":90}},"21":{"start":{"line":21,"column":8},"end":{"line":21,"column":22}},"22":{"start":{"line":22,"column":8},"end":{"line":22,"column":22}},"23":{"start":{"line":25,"column":8},"end":{"line":25,"column":53}},"24":{"start":{"line":28,"column":0},"end":{"line":33,"column":59}},"25":{"start":{"line":34,"column":0},"end":{"line":36,"column":35}}},"fnMap":{"0":{"name":"(anonymous_0)","decl":{"start":{"line":2,"column":46},"end":{"line":2,"column":47}},"loc":{"start":{"line":2,"column":87},"end":{"line":7,"column":1}},"line":2},"1":{"name":"(anonymous_1)","decl":{"start":{"line":8,"column":46},"end":{"line":8,"column":47}},"loc":{"start":{"line":8,"column":62},"end":{"line":10,"column":1}},"line":8},"2":{"name":"(anonymous_2)","decl":{"start":{"line":17,"column":4},"end":{"line":17,"column":5}},"loc":{"start":{"line":17,"column":13},"end":{"line":23,"column":5}},"line":17},"3":{"name":"(anonymous_3)","decl":{"start":{"line":24,"column":4},"end":{"line":24,"column":5}},"loc":{"start":{"line":24,"column":11},"end":{"line":26,"column":5}},"line":24}},"branchMap":{"0":{"loc":{"start":{"line":2,"column":17},"end":{"line":7,"column":1}},"type":"binary-expr","locations":[{"start":{"line":2,"column":18},"end":{"line":2,"column":22}},{"start":{"line":2,"column":26},"end":{"line":2,"column":41}},{"start":{"line":2,"column":46},"end":{"line":7,"column":1}}],"line":2},"1":{"loc":{"start":{"line":3,"column":34},"end":{"line":3,"column":125}},"type":"cond-expr","locations":[{"start":{"line":3,"column":42},"end":{"line":3,"column":48}},{"start":{"line":3,"column":51},"end":{"line":3,"column":125}}],"line":3},"2":{"loc":{"start":{"line":3,"column":51},"end":{"line":3,"column":125}},"type":"cond-expr","locations":[{"start":{"line":3,"column":67},"end":{"line":3,"column":118}},{"start":{"line":3,"column":121},"end":{"line":3,"column":125}}],"line":3},"3":{"loc":{"start":{"line":4,"column":4},"end":{"line":5,"column":150}},"type":"if","locations":[{"start":{"line":4,"column":4},"end":{"line":5,"column":150}},{"start":{"line":4,"column":4},"end":{"line":5,"column":150}}],"line":4},"4":{"loc":{"start":{"line":4,"column":8},"end":{"line":4,"column":77}},"type":"binary-expr","locations":[{"start":{"line":4,"column":8},"end":{"line":4,"column":35}},{"start":{"line":4,"column":39},"end":{"line":4,"column":77}}],"line":4},"5":{"loc":{"start":{"line":5,"column":58},"end":{"line":5,"column":150}},"type":"if","locations":[{"start":{"line":5,"column":58},"end":{"line":5,"column":150}},{"start":{"line":5,"column":58},"end":{"line":5,"column":150}}],"line":5},"6":{"loc":{"start":{"line":5,"column":85},"end":{"line":5,"column":149}},"type":"binary-expr","locations":[{"start":{"line":5,"column":86},"end":{"line":5,"column":143}},{"start":{"line":5,"column":148},"end":{"line":5,"column":149}}],"line":5},"7":{"loc":{"start":{"line":5,"column":86},"end":{"line":5,"column":143}},"type":"cond-expr","locations":[{"start":{"line":5,"column":94},"end":{"line":5,"column":98}},{"start":{"line":5,"column":101},"end":{"line":5,"column":143}}],"line":5},"8":{"loc":{"start":{"line":5,"column":101},"end":{"line":5,"column":143}},"type":"cond-expr","locations":[{"start":{"line":5,"column":109},"end":{"line":5,"column":126}},{"start":{"line":5,"column":129},"end":{"line":5,"column":143}}],"line":5},"9":{"loc":{"start":{"line":6,"column":11},"end":{"line":6,"column":62}},"type":"binary-expr","locations":[{"start":{"line":6,"column":11},"end":{"line":6,"column":16}},{"start":{"line":6,"column":20},"end":{"line":6,"column":21}},{"start":{"line":6,"column":25},"end":{"line":6,"column":62}}],"line":6},"10":{"loc":{"start":{"line":8,"column":17},"end":{"line":10,"column":1}},"type":"binary-expr","locations":[{"start":{"line":8,"column":18},"end":{"line":8,"column":22}},{"start":{"line":8,"column":26},"end":{"line":8,"column":41}},{"start":{"line":8,"column":46},"end":{"line":10,"column":1}}],"line":8},"11":{"loc":{"start":{"line":9,"column":4},"end":{"line":9,"column":109}},"type":"if","locations":[{"start":{"line":9,"column":4},"end":{"line":9,"column":109}},{"start":{"line":9,"column":4},"end":{"line":9,"column":109}}],"line":9},"12":{"loc":{"start":{"line":9,"column":8},"end":{"line":9,"column":77}},"type":"binary-expr","locations":[{"start":{"line":9,"column":8},"end":{"line":9,"column":35}},{"start":{"line":9,"column":39},"end":{"line":9,"column":77}}],"line":9}},"s":{"0":1,"1":2,"2":2,"3":2,"4":0,"5":2,"6":5,"7":2,"8":2,"9":1,"10":3,"11":0,"12":1,"13":1,"14":1,"15":1,"16":1,"17":1,"18":1,"19":1,"20":1,"21":1,"22":1,"23":1,"24":1,"25":1},"f":{"0":2,"1":3,"2":1,"3":1},"b":{"0":[1,1,1],"1":[1,1],"2":[1,0],"3":[0,2],"4":[2,2],"5":[2,3],"6":[2,2],"7":[1,1],"8":[1,0],"9":[2,1,1],"10":[1,1,1],"11":[0,3],"12":[3,3]},"_coverageSchema":"332fd63041d2c1bcb487cc26dd0d5f7d97098a6c","hash":"5b33dfcaedbc77873e5edb588174729756c97c97","contentHash":"57f68342685631224e33d99819052fa0_11.1.0"},"C:\\Users\\chadc\\Documents\\git-projects\\infusion\\src\\proxy-services\\proxy-service\\domain-services\\event-handlers\\path-rewrite-handler.ts":{"path":"C:\\Users\\chadc\\Documents\\git-projects\\infusion\\src\\proxy-services\\proxy-service\\domain-services\\event-handlers\\path-rewrite-handler.ts","statementMap":{"0":{"start":{"line":2,"column":0},"end":{"line":2,"column":62}},"1":{"start":{"line":5,"column":8},"end":{"line":5,"column":23}},"2":{"start":{"line":13,"column":0},"end":{"line":13,"column":48}}},"fnMap":{"0":{"name":"(anonymous_0)","decl":{"start":{"line":4,"column":4},"end":{"line":4,"column":5}},"loc":{"start":{"line":4,"column":21},"end":{"line":6,"column":5}},"line":4}},"branchMap":{},"s":{"0":1,"1":1,"2":1},"f":{"0":1},"b":{},"_coverageSchema":"332fd63041d2c1bcb487cc26dd0d5f7d97098a6c","hash":"f7f63c66512e82391e8b9e0950000dec5e8ab7dc","contentHash":"1c19353bde69333ad0bc42db56d14cb1_11.1.0"},"C:\\Users\\chadc\\Documents\\git-projects\\infusion\\src\\proxy-services\\proxy-service\\domain-services\\tests\\proxy-request-handler.test.ts":{"path":"C:\\Users\\chadc\\Documents\\git-projects\\infusion\\src\\proxy-services\\proxy-service\\domain-services\\tests\\proxy-request-handler.test.ts","statementMap":{"0":{"start":{"line":2,"column":17},"end":{"line":7,"column":1}},"1":{"start":{"line":3,"column":12},"end":{"line":3,"column":28}},"2":{"start":{"line":3,"column":34},"end":{"line":3,"column":125}},"3":{"start":{"line":4,"column":4},"end":{"line":5,"column":150}},"4":{"start":{"line":4,"column":79},"end":{"line":4,"column":131}},"5":{"start":{"line":5,"column":9},"end":{"line":5,"column":150}},"6":{"start":{"line":5,"column":58},"end":{"line":5,"column":150}},"7":{"start":{"line":5,"column":81},"end":{"line":5,"column":150}},"8":{"start":{"line":6,"column":4},"end":{"line":6,"column":66}},"9":{"start":{"line":8,"column":17},"end":{"line":10,"column":1}},"10":{"start":{"line":9,"column":4},"end":{"line":9,"column":109}},"11":{"start":{"line":9,"column":79},"end":{"line":9,"column":109}},"12":{"start":{"line":11,"column":0},"end":{"line":11,"column":62}},"13":{"start":{"line":12,"column":25},"end":{"line":12,"column":62}},"14":{"start":{"line":13,"column":18},"end":{"line":13,"column":49}},"15":{"start":{"line":14,"column":24},"end":{"line":14,"column":61}},"16":{"start":{"line":15,"column":32},"end":{"line":15,"column":82}},"17":{"start":{"line":16,"column":27},"end":{"line":16,"column":54}},"18":{"start":{"line":17,"column":15},"end":{"line":17,"column":30}},"19":{"start":{"line":18,"column":38},"end":{"line":67,"column":1}},"20":{"start":{"line":20,"column":8},"end":{"line":20,"column":24}},"21":{"start":{"line":21,"column":8},"end":{"line":21,"column":53}},"22":{"start":{"line":22,"column":8},"end":{"line":22,"column":58}},"23":{"start":{"line":23,"column":8},"end":{"line":23,"column":106}},"24":{"start":{"line":24,"column":8},"end":{"line":24,"column":27}},"25":{"start":{"line":25,"column":8},"end":{"line":25,"column":22}},"26":{"start":{"line":26,"column":8},"end":{"line":26,"column":22}},"27":{"start":{"line":27,"column":8},"end":{"line":35,"column":10}},"28":{"start":{"line":28,"column":12},"end":{"line":28,"column":37}},"29":{"start":{"line":29,"column":12},"end":{"line":34,"column":13}},"30":{"start":{"line":30,"column":16},"end":{"line":30,"column":50}},"31":{"start":{"line":33,"column":16},"end":{"line":33,"column":49}},"32":{"start":{"line":38,"column":8},"end":{"line":38,"column":32}},"33":{"start":{"line":39,"column":8},"end":{"line":39,"column":75}},"34":{"start":{"line":40,"column":8},"end":{"line":40,"column":59}},"35":{"start":{"line":43,"column":8},"end":{"line":43,"column":72}},"36":{"start":{"line":44,"column":26},"end":{"line":44,"column":42}},"37":{"start":{"line":45,"column":8},"end":{"line":45,"column":75}},"38":{"start":{"line":46,"column":8},"end":{"line":46,"column":62}},"39":{"start":{"line":49,"column":8},"end":{"line":49,"column":72}},"40":{"start":{"line":50,"column":26},"end":{"line":50,"column":42}},"41":{"start":{"line":51,"column":8},"end":{"line":51,"column":75}},"42":{"start":{"line":52,"column":8},"end":{"line":52,"column":65}},"43":{"start":{"line":53,"column":8},"end":{"line":53,"column":39}},"44":{"start":{"line":56,"column":8},"end":{"line":56,"column":72}},"45":{"start":{"line":57,"column":26},"end":{"line":57,"column":42}},"46":{"start":{"line":58,"column":8},"end":{"line":58,"column":75}},"47":{"start":{"line":59,"column":8},"end":{"line":59,"column":64}},"48":{"start":{"line":60,"column":8},"end":{"line":65,"column":9}},"49":{"start":{"line":61,"column":12},"end":{"line":61,"column":36}},"50":{"start":{"line":68,"column":0},"end":{"line":73,"column":100}},"51":{"start":{"line":74,"column":0},"end":{"line":79,"column":95}},"52":{"start":{"line":80,"column":0},"end":{"line":85,"column":94}},"53":{"start":{"line":86,"column":0},"end":{"line":91,"column":93}},"54":{"start":{"line":92,"column":0},"end":{"line":94,"column":36}}},"fnMap":{"0":{"name":"(anonymous_0)","decl":{"start":{"line":2,"column":46},"end":{"line":2,"column":47}},"loc":{"start":{"line":2,"column":87},"end":{"line":7,"column":1}},"line":2},"1":{"name":"(anonymous_1)","decl":{"start":{"line":8,"column":46},"end":{"line":8,"column":47}},"loc":{"start":{"line":8,"column":62},"end":{"line":10,"column":1}},"line":8},"2":{"name":"(anonymous_2)","decl":{"start":{"line":19,"column":4},"end":{"line":19,"column":5}},"loc":{"start":{"line":19,"column":13},"end":{"line":36,"column":5}},"line":19},"3":{"name":"(anonymous_3)","decl":{"start":{"line":27,"column":22},"end":{"line":27,"column":23}},"loc":{"start":{"line":27,"column":43},"end":{"line":35,"column":9}},"line":27},"4":{"name":"(anonymous_4)","decl":{"start":{"line":37,"column":4},"end":{"line":37,"column":5}},"loc":{"start":{"line":37,"column":51},"end":{"line":41,"column":5}},"line":37},"5":{"name":"(anonymous_5)","decl":{"start":{"line":42,"column":4},"end":{"line":42,"column":5}},"loc":{"start":{"line":42,"column":46},"end":{"line":47,"column":5}},"line":42},"6":{"name":"(anonymous_6)","decl":{"start":{"line":48,"column":4},"end":{"line":48,"column":5}},"loc":{"start":{"line":48,"column":45},"end":{"line":54,"column":5}},"line":48},"7":{"name":"(anonymous_7)","decl":{"start":{"line":55,"column":4},"end":{"line":55,"column":5}},"loc":{"start":{"line":55,"column":44},"end":{"line":66,"column":5}},"line":55}},"branchMap":{"0":{"loc":{"start":{"line":2,"column":17},"end":{"line":7,"column":1}},"type":"binary-expr","locations":[{"start":{"line":2,"column":18},"end":{"line":2,"column":22}},{"start":{"line":2,"column":26},"end":{"line":2,"column":41}},{"start":{"line":2,"column":46},"end":{"line":7,"column":1}}],"line":2},"1":{"loc":{"start":{"line":3,"column":34},"end":{"line":3,"column":125}},"type":"cond-expr","locations":[{"start":{"line":3,"column":42},"end":{"line":3,"column":48}},{"start":{"line":3,"column":51},"end":{"line":3,"column":125}}],"line":3},"2":{"loc":{"start":{"line":3,"column":51},"end":{"line":3,"column":125}},"type":"cond-expr","locations":[{"start":{"line":3,"column":67},"end":{"line":3,"column":118}},{"start":{"line":3,"column":121},"end":{"line":3,"column":125}}],"line":3},"3":{"loc":{"start":{"line":4,"column":4},"end":{"line":5,"column":150}},"type":"if","locations":[{"start":{"line":4,"column":4},"end":{"line":5,"column":150}},{"start":{"line":4,"column":4},"end":{"line":5,"column":150}}],"line":4},"4":{"loc":{"start":{"line":4,"column":8},"end":{"line":4,"column":77}},"type":"binary-expr","locations":[{"start":{"line":4,"column":8},"end":{"line":4,"column":35}},{"start":{"line":4,"column":39},"end":{"line":4,"column":77}}],"line":4},"5":{"loc":{"start":{"line":5,"column":58},"end":{"line":5,"column":150}},"type":"if","locations":[{"start":{"line":5,"column":58},"end":{"line":5,"column":150}},{"start":{"line":5,"column":58},"end":{"line":5,"column":150}}],"line":5},"6":{"loc":{"start":{"line":5,"column":85},"end":{"line":5,"column":149}},"type":"binary-expr","locations":[{"start":{"line":5,"column":86},"end":{"line":5,"column":143}},{"start":{"line":5,"column":148},"end":{"line":5,"column":149}}],"line":5},"7":{"loc":{"start":{"line":5,"column":86},"end":{"line":5,"column":143}},"type":"cond-expr","locations":[{"start":{"line":5,"column":94},"end":{"line":5,"column":98}},{"start":{"line":5,"column":101},"end":{"line":5,"column":143}}],"line":5},"8":{"loc":{"start":{"line":5,"column":101},"end":{"line":5,"column":143}},"type":"cond-expr","locations":[{"start":{"line":5,"column":109},"end":{"line":5,"column":126}},{"start":{"line":5,"column":129},"end":{"line":5,"column":143}}],"line":5},"9":{"loc":{"start":{"line":6,"column":11},"end":{"line":6,"column":62}},"type":"binary-expr","locations":[{"start":{"line":6,"column":11},"end":{"line":6,"column":16}},{"start":{"line":6,"column":20},"end":{"line":6,"column":21}},{"start":{"line":6,"column":25},"end":{"line":6,"column":62}}],"line":6},"10":{"loc":{"start":{"line":8,"column":17},"end":{"line":10,"column":1}},"type":"binary-expr","locations":[{"start":{"line":8,"column":18},"end":{"line":8,"column":22}},{"start":{"line":8,"column":26},"end":{"line":8,"column":41}},{"start":{"line":8,"column":46},"end":{"line":10,"column":1}}],"line":8},"11":{"loc":{"start":{"line":9,"column":4},"end":{"line":9,"column":109}},"type":"if","locations":[{"start":{"line":9,"column":4},"end":{"line":9,"column":109}},{"start":{"line":9,"column":4},"end":{"line":9,"column":109}}],"line":9},"12":{"loc":{"start":{"line":9,"column":8},"end":{"line":9,"column":77}},"type":"binary-expr","locations":[{"start":{"line":9,"column":8},"end":{"line":9,"column":35}},{"start":{"line":9,"column":39},"end":{"line":9,"column":77}}],"line":9},"13":{"loc":{"start":{"line":29,"column":12},"end":{"line":34,"column":13}},"type":"if","locations":[{"start":{"line":29,"column":12},"end":{"line":34,"column":13}},{"start":{"line":29,"column":12},"end":{"line":34,"column":13}}],"line":29}},"s":{"0":1,"1":5,"2":5,"3":5,"4":0,"5":5,"6":17,"7":5,"8":5,"9":1,"10":12,"11":0,"12":1,"13":1,"14":1,"15":1,"16":1,"17":1,"18":1,"19":1,"20":4,"21":4,"22":4,"23":4,"24":4,"25":4,"26":4,"27":4,"28":8,"29":8,"30":4,"31":4,"32":1,"33":1,"34":1,"35":1,"36":1,"37":1,"38":1,"39":1,"40":1,"41":1,"42":1,"43":1,"44":1,"45":1,"46":1,"47":1,"48":1,"49":1,"50":1,"51":1,"52":1,"53":1,"54":1},"f":{"0":5,"1":12,"2":4,"3":8,"4":1,"5":1,"6":1,"7":1},"b":{"0":[1,1,1],"1":[1,4],"2":[4,0],"3":[0,5],"4":[5,5],"5":[5,12],"6":[5,5],"7":[1,4],"8":[4,0],"9":[5,4,4],"10":[1,1,1],"11":[0,12],"12":[12,12],"13":[4,4]},"_coverageSchema":"332fd63041d2c1bcb487cc26dd0d5f7d97098a6c","hash":"52a05df40e261ac9aad72b9e49d6435a2d97870d","contentHash":"1514b4b232dba6a70bbe35f96ab7d52c_11.1.0"},"C:\\Users\\chadc\\Documents\\git-projects\\infusion\\src\\proxy-services\\proxy-service\\domain-services\\event-handlers\\proxy-request-handler.ts":{"path":"C:\\Users\\chadc\\Documents\\git-projects\\infusion\\src\\proxy-services\\proxy-service\\domain-services\\event-handlers\\proxy-request-handler.ts","statementMap":{"0":{"start":{"line":2,"column":0},"end":{"line":2,"column":62}},"1":{"start":{"line":3,"column":18},"end":{"line":3,"column":49}},"2":{"start":{"line":4,"column":26},"end":{"line":4,"column":54}},"3":{"start":{"line":7,"column":8},"end":{"line":7,"column":23}},"4":{"start":{"line":8,"column":8},"end":{"line":8,"column":29}},"5":{"start":{"line":12,"column":22},"end":{"line":12,"column":104}},"6":{"start":{"line":13,"column":8},"end":{"line":13,"column":34}},"7":{"start":{"line":14,"column":8},"end":{"line":14,"column":47}},"8":{"start":{"line":17,"column":25},"end":{"line":17,"column":85}},"9":{"start":{"line":18,"column":8},"end":{"line":18,"column":30}},"10":{"start":{"line":19,"column":8},"end":{"line":19,"column":65}},"11":{"start":{"line":19,"column":36},"end":{"line":19,"column":61}},"12":{"start":{"line":20,"column":8},"end":{"line":20,"column":48}},"13":{"start":{"line":20,"column":28},"end":{"line":20,"column":46}},"14":{"start":{"line":23,"column":0},"end":{"line":23,"column":50}}},"fnMap":{"0":{"name":"(anonymous_0)","decl":{"start":{"line":6,"column":4},"end":{"line":6,"column":5}},"loc":{"start":{"line":6,"column":29},"end":{"line":9,"column":5}},"line":6},"1":{"name":"(anonymous_1)","decl":{"start":{"line":10,"column":4},"end":{"line":10,"column":5}},"loc":{"start":{"line":10,"column":31},"end":{"line":15,"column":5}},"line":10},"2":{"name":"(anonymous_2)","decl":{"start":{"line":16,"column":4},"end":{"line":16,"column":5}},"loc":{"start":{"line":16,"column":38},"end":{"line":21,"column":5}},"line":16},"3":{"name":"(anonymous_3)","decl":{"start":{"line":19,"column":23},"end":{"line":19,"column":24}},"loc":{"start":{"line":19,"column":34},"end":{"line":19,"column":63}},"line":19},"4":{"name":"(anonymous_4)","decl":{"start":{"line":20,"column":22},"end":{"line":20,"column":23}},"loc":{"start":{"line":20,"column":28},"end":{"line":20,"column":46}},"line":20}},"branchMap":{"0":{"loc":{"start":{"line":12,"column":22},"end":{"line":12,"column":104}},"type":"cond-expr","locations":[{"start":{"line":12,"column":46},"end":{"line":12,"column":90}},{"start":{"line":12,"column":93},"end":{"line":12,"column":104}}],"line":12}},"s":{"0":1,"1":1,"2":1,"3":4,"4":4,"5":4,"6":4,"7":4,"8":4,"9":4,"10":4,"11":1,"12":4,"13":1,"14":1},"f":{"0":4,"1":4,"2":4,"3":1,"4":1},"b":{"0":[1,3]},"_coverageSchema":"332fd63041d2c1bcb487cc26dd0d5f7d97098a6c","hash":"0e1ea7a2d639a729ea10b1bd8b2a21c11a3f09df","contentHash":"fc37643c388762574f425b566090da85_11.1.0"},"C:\\Users\\chadc\\Documents\\git-projects\\infusion\\src\\proxy-services\\proxy-service\\domain-services\\event-handlers\\request-handler.ts":{"path":"C:\\Users\\chadc\\Documents\\git-projects\\infusion\\src\\proxy-services\\proxy-service\\domain-services\\event-handlers\\request-handler.ts","statementMap":{"0":{"start":{"line":2,"column":0},"end":{"line":2,"column":62}},"1":{"start":{"line":5,"column":8},"end":{"line":5,"column":35}},"2":{"start":{"line":6,"column":8},"end":{"line":6,"column":23}},"3":{"start":{"line":7,"column":8},"end":{"line":7,"column":23}},"4":{"start":{"line":8,"column":8},"end":{"line":8,"column":31}},"5":{"start":{"line":9,"column":8},"end":{"line":9,"column":39}},"6":{"start":{"line":12,"column":8},"end":{"line":12,"column":34}},"7":{"start":{"line":13,"column":8},"end":{"line":13,"column":43}},"8":{"start":{"line":16,"column":8},"end":{"line":16,"column":60}},"9":{"start":{"line":19,"column":8},"end":{"line":29,"column":9}},"10":{"start":{"line":20,"column":28},"end":{"line":20,"column":37}},"11":{"start":{"line":21,"column":12},"end":{"line":24,"column":15}},"12":{"start":{"line":22,"column":35},"end":{"line":22,"column":53}},"13":{"start":{"line":23,"column":16},"end":{"line":23,"column":75}},"14":{"start":{"line":25,"column":12},"end":{"line":25,"column":29}},"15":{"start":{"line":28,"column":12},"end":{"line":28,"column":29}},"16":{"start":{"line":32,"column":8},"end":{"line":32,"column":48}},"17":{"start":{"line":33,"column":8},"end":{"line":33,"column":58}},"18":{"start":{"line":34,"column":8},"end":{"line":34,"column":91}},"19":{"start":{"line":35,"column":8},"end":{"line":35,"column":54}},"20":{"start":{"line":36,"column":24},"end":{"line":36,"column":55}},"21":{"start":{"line":37,"column":8},"end":{"line":37,"column":72}},"22":{"start":{"line":40,"column":0},"end":{"line":40,"column":40}}},"fnMap":{"0":{"name":"(anonymous_0)","decl":{"start":{"line":4,"column":4},"end":{"line":4,"column":5}},"loc":{"start":{"line":4,"column":35},"end":{"line":10,"column":5}},"line":4},"1":{"name":"(anonymous_1)","decl":{"start":{"line":11,"column":4},"end":{"line":11,"column":5}},"loc":{"start":{"line":11,"column":18},"end":{"line":14,"column":5}},"line":11},"2":{"name":"(anonymous_2)","decl":{"start":{"line":15,"column":4},"end":{"line":15,"column":5}},"loc":{"start":{"line":15,"column":12},"end":{"line":17,"column":5}},"line":15},"3":{"name":"(anonymous_3)","decl":{"start":{"line":18,"column":4},"end":{"line":18,"column":5}},"loc":{"start":{"line":18,"column":31},"end":{"line":30,"column":5}},"line":18},"4":{"name":"(anonymous_4)","decl":{"start":{"line":21,"column":53},"end":{"line":21,"column":54}},"loc":{"start":{"line":21,"column":64},"end":{"line":24,"column":13}},"line":21},"5":{"name":"(anonymous_5)","decl":{"start":{"line":31,"column":4},"end":{"line":31,"column":5}},"loc":{"start":{"line":31,"column":41},"end":{"line":38,"column":5}},"line":31}},"branchMap":{"0":{"loc":{"start":{"line":34,"column":40},"end":{"line":34,"column":90}},"type":"cond-expr","locations":[{"start":{"line":34,"column":74},"end":{"line":34,"column":81}},{"start":{"line":34,"column":84},"end":{"line":34,"column":90}}],"line":34}},"s":{"0":1,"1":8,"2":8,"3":8,"4":8,"5":8,"6":3,"7":3,"8":4,"9":3,"10":3,"11":3,"12":2,"13":2,"14":1,"15":2,"16":4,"17":4,"18":3,"19":3,"20":3,"21":3,"22":1},"f":{"0":8,"1":3,"2":4,"3":3,"4":2,"5":4},"b":{"0":[1,2]},"_coverageSchema":"332fd63041d2c1bcb487cc26dd0d5f7d97098a6c","hash":"354d72783cf2fe55657b9dfbde6a9c855335d7aa","contentHash":"c9e32248aaa1fe7ce938cd3ab7713d39_11.1.0"},"C:\\Users\\chadc\\Documents\\git-projects\\infusion\\src\\proxy-services\\proxy-service\\domain-services\\tests\\proxy-response-handler.test.ts":{"path":"C:\\Users\\chadc\\Documents\\git-projects\\infusion\\src\\proxy-services\\proxy-service\\domain-services\\tests\\proxy-response-handler.test.ts","statementMap":{"0":{"start":{"line":2,"column":17},"end":{"line":7,"column":1}},"1":{"start":{"line":3,"column":12},"end":{"line":3,"column":28}},"2":{"start":{"line":3,"column":34},"end":{"line":3,"column":125}},"3":{"start":{"line":4,"column":4},"end":{"line":5,"column":150}},"4":{"start":{"line":4,"column":79},"end":{"line":4,"column":131}},"5":{"start":{"line":5,"column":9},"end":{"line":5,"column":150}},"6":{"start":{"line":5,"column":58},"end":{"line":5,"column":150}},"7":{"start":{"line":5,"column":81},"end":{"line":5,"column":150}},"8":{"start":{"line":6,"column":4},"end":{"line":6,"column":66}},"9":{"start":{"line":8,"column":17},"end":{"line":10,"column":1}},"10":{"start":{"line":9,"column":4},"end":{"line":9,"column":109}},"11":{"start":{"line":9,"column":79},"end":{"line":9,"column":109}},"12":{"start":{"line":11,"column":0},"end":{"line":11,"column":62}},"13":{"start":{"line":12,"column":25},"end":{"line":12,"column":62}},"14":{"start":{"line":13,"column":24},"end":{"line":13,"column":61}},"15":{"start":{"line":14,"column":18},"end":{"line":14,"column":49}},"16":{"start":{"line":15,"column":33},"end":{"line":15,"column":84}},"17":{"start":{"line":16,"column":27},"end":{"line":16,"column":54}},"18":{"start":{"line":17,"column":15},"end":{"line":17,"column":30}},"19":{"start":{"line":18,"column":39},"end":{"line":63,"column":1}},"20":{"start":{"line":20,"column":8},"end":{"line":20,"column":24}},"21":{"start":{"line":21,"column":8},"end":{"line":21,"column":53}},"22":{"start":{"line":22,"column":8},"end":{"line":22,"column":96}},"23":{"start":{"line":23,"column":8},"end":{"line":27,"column":10}},"24":{"start":{"line":28,"column":8},"end":{"line":28,"column":22}},"25":{"start":{"line":29,"column":8},"end":{"line":29,"column":22}},"26":{"start":{"line":30,"column":8},"end":{"line":30,"column":58}},"27":{"start":{"line":31,"column":8},"end":{"line":31,"column":72}},"28":{"start":{"line":32,"column":8},"end":{"line":40,"column":10}},"29":{"start":{"line":33,"column":12},"end":{"line":33,"column":37}},"30":{"start":{"line":34,"column":12},"end":{"line":39,"column":13}},"31":{"start":{"line":35,"column":16},"end":{"line":35,"column":50}},"32":{"start":{"line":38,"column":16},"end":{"line":38,"column":49}},"33":{"start":{"line":43,"column":8},"end":{"line":43,"column":32}},"34":{"start":{"line":44,"column":24},"end":{"line":44,"column":29}},"35":{"start":{"line":45,"column":8},"end":{"line":50,"column":9}},"36":{"start":{"line":46,"column":12},"end":{"line":46,"column":80}},"37":{"start":{"line":49,"column":12},"end":{"line":49,"column":29}},"38":{"start":{"line":51,"column":8},"end":{"line":51,"column":37}},"39":{"start":{"line":54,"column":8},"end":{"line":54,"column":76}},"40":{"start":{"line":55,"column":8},"end":{"line":55,"column":65}},"41":{"start":{"line":56,"column":8},"end":{"line":56,"column":39}},"42":{"start":{"line":59,"column":8},"end":{"line":59,"column":76}},"43":{"start":{"line":60,"column":8},"end":{"line":60,"column":64}},"44":{"start":{"line":61,"column":8},"end":{"line":61,"column":32}},"45":{"start":{"line":64,"column":0},"end":{"line":69,"column":99}},"46":{"start":{"line":70,"column":0},"end":{"line":75,"column":96}},"47":{"start":{"line":76,"column":0},"end":{"line":81,"column":95}},"48":{"start":{"line":82,"column":0},"end":{"line":84,"column":37}}},"fnMap":{"0":{"name":"(anonymous_0)","decl":{"start":{"line":2,"column":46},"end":{"line":2,"column":47}},"loc":{"start":{"line":2,"column":87},"end":{"line":7,"column":1}},"line":2},"1":{"name":"(anonymous_1)","decl":{"start":{"line":8,"column":46},"end":{"line":8,"column":47}},"loc":{"start":{"line":8,"column":62},"end":{"line":10,"column":1}},"line":8},"2":{"name":"(anonymous_2)","decl":{"start":{"line":19,"column":4},"end":{"line":19,"column":5}},"loc":{"start":{"line":19,"column":13},"end":{"line":41,"column":5}},"line":19},"3":{"name":"(anonymous_3)","decl":{"start":{"line":32,"column":27},"end":{"line":32,"column":28}},"loc":{"start":{"line":32,"column":48},"end":{"line":40,"column":9}},"line":32},"4":{"name":"(anonymous_4)","decl":{"start":{"line":42,"column":4},"end":{"line":42,"column":5}},"loc":{"start":{"line":42,"column":49},"end":{"line":52,"column":5}},"line":42},"5":{"name":"(anonymous_5)","decl":{"start":{"line":53,"column":4},"end":{"line":53,"column":5}},"loc":{"start":{"line":53,"column":46},"end":{"line":57,"column":5}},"line":53},"6":{"name":"(anonymous_6)","decl":{"start":{"line":58,"column":4},"end":{"line":58,"column":5}},"loc":{"start":{"line":58,"column":45},"end":{"line":62,"column":5}},"line":58}},"branchMap":{"0":{"loc":{"start":{"line":2,"column":17},"end":{"line":7,"column":1}},"type":"binary-expr","locations":[{"start":{"line":2,"column":18},"end":{"line":2,"column":22}},{"start":{"line":2,"column":26},"end":{"line":2,"column":41}},{"start":{"line":2,"column":46},"end":{"line":7,"column":1}}],"line":2},"1":{"loc":{"start":{"line":3,"column":34},"end":{"line":3,"column":125}},"type":"cond-expr","locations":[{"start":{"line":3,"column":42},"end":{"line":3,"column":48}},{"start":{"line":3,"column":51},"end":{"line":3,"column":125}}],"line":3},"2":{"loc":{"start":{"line":3,"column":51},"end":{"line":3,"column":125}},"type":"cond-expr","locations":[{"start":{"line":3,"column":67},"end":{"line":3,"column":118}},{"start":{"line":3,"column":121},"end":{"line":3,"column":125}}],"line":3},"3":{"loc":{"start":{"line":4,"column":4},"end":{"line":5,"column":150}},"type":"if","locations":[{"start":{"line":4,"column":4},"end":{"line":5,"column":150}},{"start":{"line":4,"column":4},"end":{"line":5,"column":150}}],"line":4},"4":{"loc":{"start":{"line":4,"column":8},"end":{"line":4,"column":77}},"type":"binary-expr","locations":[{"start":{"line":4,"column":8},"end":{"line":4,"column":35}},{"start":{"line":4,"column":39},"end":{"line":4,"column":77}}],"line":4},"5":{"loc":{"start":{"line":5,"column":58},"end":{"line":5,"column":150}},"type":"if","locations":[{"start":{"line":5,"column":58},"end":{"line":5,"column":150}},{"start":{"line":5,"column":58},"end":{"line":5,"column":150}}],"line":5},"6":{"loc":{"start":{"line":5,"column":85},"end":{"line":5,"column":149}},"type":"binary-expr","locations":[{"start":{"line":5,"column":86},"end":{"line":5,"column":143}},{"start":{"line":5,"column":148},"end":{"line":5,"column":149}}],"line":5},"7":{"loc":{"start":{"line":5,"column":86},"end":{"line":5,"column":143}},"type":"cond-expr","locations":[{"start":{"line":5,"column":94},"end":{"line":5,"column":98}},{"start":{"line":5,"column":101},"end":{"line":5,"column":143}}],"line":5},"8":{"loc":{"start":{"line":5,"column":101},"end":{"line":5,"column":143}},"type":"cond-expr","locations":[{"start":{"line":5,"column":109},"end":{"line":5,"column":126}},{"start":{"line":5,"column":129},"end":{"line":5,"column":143}}],"line":5},"9":{"loc":{"start":{"line":6,"column":11},"end":{"line":6,"column":62}},"type":"binary-expr","locations":[{"start":{"line":6,"column":11},"end":{"line":6,"column":16}},{"start":{"line":6,"column":20},"end":{"line":6,"column":21}},{"start":{"line":6,"column":25},"end":{"line":6,"column":62}}],"line":6},"10":{"loc":{"start":{"line":8,"column":17},"end":{"line":10,"column":1}},"type":"binary-expr","locations":[{"start":{"line":8,"column":18},"end":{"line":8,"column":22}},{"start":{"line":8,"column":26},"end":{"line":8,"column":41}},{"start":{"line":8,"column":46},"end":{"line":10,"column":1}}],"line":8},"11":{"loc":{"start":{"line":9,"column":4},"end":{"line":9,"column":109}},"type":"if","locations":[{"start":{"line":9,"column":4},"end":{"line":9,"column":109}},{"start":{"line":9,"column":4},"end":{"line":9,"column":109}}],"line":9},"12":{"loc":{"start":{"line":9,"column":8},"end":{"line":9,"column":77}},"type":"binary-expr","locations":[{"start":{"line":9,"column":8},"end":{"line":9,"column":35}},{"start":{"line":9,"column":39},"end":{"line":9,"column":77}}],"line":9},"13":{"loc":{"start":{"line":34,"column":12},"end":{"line":39,"column":13}},"type":"if","locations":[{"start":{"line":34,"column":12},"end":{"line":39,"column":13}},{"start":{"line":34,"column":12},"end":{"line":39,"column":13}}],"line":34}},"s":{"0":1,"1":4,"2":4,"3":4,"4":0,"5":4,"6":13,"7":4,"8":4,"9":1,"10":9,"11":0,"12":1,"13":1,"14":1,"15":1,"16":1,"17":1,"18":1,"19":1,"20":3,"21":3,"22":3,"23":3,"24":3,"25":3,"26":3,"27":3,"28":3,"29":4,"30":4,"31":2,"32":2,"33":1,"34":1,"35":1,"36":1,"37":1,"38":1,"39":1,"40":1,"41":1,"42":1,"43":1,"44":1,"45":1,"46":1,"47":1,"48":1},"f":{"0":4,"1":9,"2":3,"3":4,"4":1,"5":1,"6":1},"b":{"0":[1,1,1],"1":[1,3],"2":[3,0],"3":[0,4],"4":[4,4],"5":[4,9],"6":[4,4],"7":[1,3],"8":[3,0],"9":[4,3,3],"10":[1,1,1],"11":[0,9],"12":[9,9],"13":[2,2]},"_coverageSchema":"332fd63041d2c1bcb487cc26dd0d5f7d97098a6c","hash":"9ccd8dc6eb999e0ad78c5e3112aee7acdabd5cea","contentHash":"ccdb24f758f5ce3bab0e691ee51e06fd_11.1.0"},"C:\\Users\\chadc\\Documents\\git-projects\\infusion\\src\\proxy-services\\proxy-service\\domain-services\\event-handlers\\proxy-response-handler.ts":{"path":"C:\\Users\\chadc\\Documents\\git-projects\\infusion\\src\\proxy-services\\proxy-service\\domain-services\\event-handlers\\proxy-response-handler.ts","statementMap":{"0":{"start":{"line":2,"column":0},"end":{"line":2,"column":62}},"1":{"start":{"line":3,"column":13},"end":{"line":3,"column":28}},"2":{"start":{"line":4,"column":27},"end":{"line":4,"column":56}},"3":{"start":{"line":7,"column":8},"end":{"line":7,"column":23}},"4":{"start":{"line":10,"column":22},"end":{"line":10,"column":33}},"5":{"start":{"line":12,"column":8},"end":{"line":14,"column":9}},"6":{"start":{"line":13,"column":12},"end":{"line":13,"column":96}},"7":{"start":{"line":15,"column":25},"end":{"line":15,"column":97}},"8":{"start":{"line":16,"column":23},"end":{"line":16,"column":59}},"9":{"start":{"line":28,"column":8},"end":{"line":30,"column":11}},"10":{
[...]
n":39}},"38":{"start":{"line":42,"column":8},"end":{"line":42,"column":32}},"39":{"start":{"line":43,"column":8},"end":{"line":43,"column":36}},"40":{"start":{"line":44,"column":8},"end":{"line":44,"column":54}},"41":{"start":{"line":45,"column":8},"end":{"line":45,"column":55}},"42":{"start":{"line":46,"column":8},"end":{"line":46,"column":59}},"43":{"start":{"line":47,"column":8},"end":{"line":47,"column":44}},"44":{"start":{"line":50,"column":8},"end":{"line":50,"column":45}},"45":{"start":{"line":51,"column":8},"end":{"line":51,"column":36}},"46":{"start":{"line":52,"column":8},"end":{"line":52,"column":60}},"47":{"start":{"line":55,"column":8},"end":{"line":55,"column":72}},"48":{"start":{"line":56,"column":8},"end":{"line":56,"column":36}},"49":{"start":{"line":57,"column":8},"end":{"line":57,"column":60}},"50":{"start":{"line":60,"column":0},"end":{"line":65,"column":80}},"51":{"start":{"line":66,"column":0},"end":{"line":71,"column":80}},"52":{"start":{"line":72,"column":0},"end":{"line":77,"column":89}},"53":{"start":{"line":78,"column":0},"end":{"line":83,"column":76}},"54":{"start":{"line":84,"column":0},"end":{"line":86,"column":31}}},"fnMap":{"0":{"name":"(anonymous_0)","decl":{"start":{"line":2,"column":46},"end":{"line":2,"column":47}},"loc":{"start":{"line":2,"column":87},"end":{"line":7,"column":1}},"line":2},"1":{"name":"(anonymous_1)","decl":{"start":{"line":8,"column":46},"end":{"line":8,"column":47}},"loc":{"start":{"line":8,"column":62},"end":{"line":10,"column":1}},"line":8},"2":{"name":"(anonymous_2)","decl":{"start":{"line":19,"column":4},"end":{"line":19,"column":5}},"loc":{"start":{"line":19,"column":13},"end":{"line":32,"column":5}},"line":19},"3":{"name":"(anonymous_3)","decl":{"start":{"line":33,"column":4},"end":{"line":33,"column":5}},"loc":{"start":{"line":33,"column":36},"end":{"line":38,"column":5}},"line":33},"4":{"name":"(anonymous_4)","decl":{"start":{"line":39,"column":4},"end":{"line":39,"column":5}},"loc":{"start":{"line":39,"column":36},"end":{"line":48,"column":5}},"line":39},"5":{"name":"(anonymous_5)","decl":{"start":{"line":49,"column":4},"end":{"line":49,"column":5}},"loc":{"start":{"line":49,"column":45},"end":{"line":53,"column":5}},"line":49},"6":{"name":"(anonymous_6)","decl":{"start":{"line":54,"column":4},"end":{"line":54,"column":5}},"loc":{"start":{"line":54,"column":32},"end":{"line":58,"column":5}},"line":54}},"branchMap":{"0":{"loc":{"start":{"line":2,"column":17},"end":{"line":7,"column":1}},"type":"binary-expr","locations":[{"start":{"line":2,"column":18},"end":{"line":2,"column":22}},{"start":{"line":2,"column":26},"end":{"line":2,"column":41}},{"start":{"line":2,"column":46},"end":{"line":7,"column":1}}],"line":2},"1":{"loc":{"start":{"line":3,"column":34},"end":{"line":3,"column":125}},"type":"cond-expr","locations":[{"start":{"line":3,"column":42},"end":{"line":3,"column":48}},{"start":{"line":3,"column":51},"end":{"line":3,"column":125}}],"line":3},"2":{"loc":{"start":{"line":3,"column":51},"end":{"line":3,"column":125}},"type":"cond-expr","locations":[{"start":{"line":3,"column":67},"end":{"line":3,"column":118}},{"start":{"line":3,"column":121},"end":{"line":3,"column":125}}],"line":3},"3":{"loc":{"start":{"line":4,"column":4},"end":{"line":5,"column":150}},"type":"if","locations":[{"start":{"line":4,"column":4},"end":{"line":5,"column":150}},{"start":{"line":4,"column":4},"end":{"line":5,"column":150}}],"line":4},"4":{"loc":{"start":{"line":4,"column":8},"end":{"line":4,"column":77}},"type":"binary-expr","locations":[{"start":{"line":4,"column":8},"end":{"line":4,"column":35}},{"start":{"line":4,"column":39},"end":{"line":4,"column":77}}],"line":4},"5":{"loc":{"start":{"line":5,"column":58},"end":{"line":5,"column":150}},"type":"if","locations":[{"start":{"line":5,"column":58},"end":{"line":5,"column":150}},{"start":{"line":5,"column":58},"end":{"line":5,"column":150}}],"line":5},"6":{"loc":{"start":{"line":5,"column":85},"end":{"line":5,"column":149}},"type":"binary-expr","locations":[{"start":{"line":5,"column":86},"end":{"line":5,"column":143}},{"start":{"line":5,"column":148},"end":{"line":5,"column":149}}],"line":5},"7":{"loc":{"start":{"line":5,"column":86},"end":{"line":5,"column":143}},"type":"cond-expr","locations":[{"start":{"line":5,"column":94},"end":{"line":5,"column":98}},{"start":{"line":5,"column":101},"end":{"line":5,"column":143}}],"line":5},"8":{"loc":{"start":{"line":5,"column":101},"end":{"line":5,"column":143}},"type":"cond-expr","locations":[{"start":{"line":5,"column":109},"end":{"line":5,"column":126}},{"start":{"line":5,"column":129},"end":{"line":5,"column":143}}],"line":5},"9":{"loc":{"start":{"line":6,"column":11},"end":{"line":6,"column":62}},"type":"binary-expr","locations":[{"start":{"line":6,"column":11},"end":{"line":6,"column":16}},{"start":{"line":6,"column":20},"end":{"line":6,"column":21}},{"start":{"line":6,"column":25},"end":{"line":6,"column":62}}],"line":6},"10":{"loc":{"start":{"line":8,"column":17},"end":{"line":10,"column":1}},"type":"binary-expr","locations":[{"start":{"line":8,"column":18},"end":{"line":8,"column":22}},{"start":{"line":8,"column":26},"end":{"line":8,"column":41}},{"start":{"line":8,"column":46},"end":{"line":10,"column":1}}],"line":8},"11":{"loc":{"start":{"line":9,"column":4},"end":{"line":9,"column":109}},"type":"if","locations":[{"start":{"line":9,"column":4},"end":{"line":9,"column":109}},{"start":{"line":9,"column":4},"end":{"line":9,"column":109}}],"line":9},"12":{"loc":{"start":{"line":9,"column":8},"end":{"line":9,"column":77}},"type":"binary-expr","locations":[{"start":{"line":9,"column":8},"end":{"line":9,"column":35}},{"start":{"line":9,"column":39},"end":{"line":9,"column":77}}],"line":9}},"s":{"0":1,"1":5,"2":5,"3":5,"4":0,"5":5,"6":17,"7":5,"8":5,"9":1,"10":12,"11":0,"12":1,"13":1,"14":1,"15":1,"16":1,"17":1,"18":1,"19":1,"20":4,"21":4,"22":4,"23":4,"24":4,"25":4,"26":4,"27":4,"28":4,"29":4,"30":4,"31":4,"32":1,"33":1,"34":1,"35":1,"36":1,"37":1,"38":1,"39":1,"40":1,"41":1,"42":1,"43":1,"44":1,"45":1,"46":1,"47":1,"48":1,"49":1,"50":1,"51":1,"52":1,"53":1,"54":1},"f":{"0":5,"1":12,"2":4,"3":1,"4":1,"5":1,"6":1},"b":{"0":[1,1,1],"1":[1,4],"2":[4,0],"3":[0,5],"4":[5,5],"5":[5,12],"6":[5,5],"7":[1,4],"8":[4,0],"9":[5,4,4],"10":[1,1,1],"11":[0,12],"12":[12,12]},"_coverageSchema":"332fd63041d2c1bcb487cc26dd0d5f7d97098a6c","hash":"febf29f598c6afad26bf60f3ef84db78f8e3f360","contentHash":"9386bed147ef63ab49a0ddeed14e4abc_11.1.0"},"C:\\Users\\chadc\\Documents\\git-projects\\infusion\\src\\proxy-services\\proxy-service\\domain-services\\tests\\response-handler.test.ts":{"path":"C:\\Users\\chadc\\Documents\\git-projects\\infusion\\src\\proxy-services\\proxy-service\\domain-services\\tests\\response-handler.test.ts","statementMap":{"0":{"start":{"line":2,"column":17},"end":{"line":7,"column":1}},"1":{"start":{"line":3,"column":12},"end":{"line":3,"column":28}},"2":{"start":{"line":3,"column":34},"end":{"line":3,"column":125}},"3":{"start":{"line":4,"column":4},"end":{"line":5,"column":150}},"4":{"start":{"line":4,"column":79},"end":{"line":4,"column":131}},"5":{"start":{"line":5,"column":9},"end":{"line":5,"column":150}},"6":{"start":{"line":5,"column":58},"end":{"line":5,"column":150}},"7":{"start":{"line":5,"column":81},"end":{"line":5,"column":150}},"8":{"start":{"line":6,"column":4},"end":{"line":6,"column":66}},"9":{"start":{"line":8,"column":17},"end":{"line":10,"column":1}},"10":{"start":{"line":9,"column":4},"end":{"line":9,"column":109}},"11":{"start":{"line":9,"column":79},"end":{"line":9,"column":109}},"12":{"start":{"line":11,"column":0},"end":{"line":11,"column":62}},"13":{"start":{"line":12,"column":25},"end":{"line":12,"column":62}},"14":{"start":{"line":13,"column":24},"end":{"line":13,"column":61}},"15":{"start":{"line":14,"column":18},"end":{"line":14,"column":49}},"16":{"start":{"line":15,"column":27},"end":{"line":15,"column":72}},"17":{"start":{"line":16,"column":27},"end":{"line":16,"column":54}},"18":{"start":{"line":17,"column":15},"end":{"line":17,"column":30}},"19":{"start":{"line":18,"column":34},"end":{"line":31,"column":1}},"20":{"start":{"line":20,"column":8},"end":{"line":20,"column":24}},"21":{"start":{"line":21,"column":8},"end":{"line":21,"column":53}},"22":{"start":{"line":22,"column":8},"end":{"line":22,"column":22}},"23":{"start":{"line":23,"column":8},"end":{"line":23,"column":22}},"24":{"start":{"line":24,"column":8},"end":{"line":24,"column":27}},"25":{"start":{"line":25,"column":8},"end":{"line":25,"column":58}},"26":{"start":{"line":26,"column":8},"end":{"line":26,"column":68}},"27":{"start":{"line":27,"column":8},"end":{"line":27,"column":119}},"28":{"start":{"line":32,"column":0},"end":{"line":37,"column":56}},"29":{"start":{"line":38,"column":0},"end":{"line":40,"column":32}}},"fnMap":{"0":{"name":"(anonymous_0)","decl":{"start":{"line":2,"column":46},"end":{"line":2,"column":47}},"loc":{"start":{"line":2,"column":87},"end":{"line":7,"column":1}},"line":2},"1":{"name":"(anonymous_1)","decl":{"start":{"line":8,"column":46},"end":{"line":8,"column":47}},"loc":{"start":{"line":8,"column":62},"end":{"line":10,"column":1}},"line":8},"2":{"name":"(anonymous_2)","decl":{"start":{"line":19,"column":4},"end":{"line":19,"column":5}},"loc":{"start":{"line":19,"column":13},"end":{"line":28,"column":5}},"line":19},"3":{"name":"(anonymous_3)","decl":{"start":{"line":29,"column":4},"end":{"line":29,"column":5}},"loc":{"start":{"line":29,"column":11},"end":{"line":30,"column":5}},"line":29}},"branchMap":{"0":{"loc":{"start":{"line":2,"column":17},"end":{"line":7,"column":1}},"type":"binary-expr","locations":[{"start":{"line":2,"column":18},"end":{"line":2,"column":22}},{"start":{"line":2,"column":26},"end":{"line":2,"column":41}},{"start":{"line":2,"column":46},"end":{"line":7,"column":1}}],"line":2},"1":{"loc":{"start":{"line":3,"column":34},"end":{"line":3,"column":125}},"type":"cond-expr","locations":[{"start":{"line":3,"column":42},"end":{"line":3,"column":48}},{"start":{"line":3,"column":51},"end":{"line":3,"column":125}}],"line":3},"2":{"loc":{"start":{"line":3,"column":51},"end":{"line":3,"column":125}},"type":"cond-expr","locations":[{"start":{"line":3,"column":67},"end":{"line":3,"column":118}},{"start":{"line":3,"column":121},"end":{"line":3,"column":125}}],"line":3},"3":{"loc":{"start":{"line":4,"column":4},"end":{"line":5,"column":150}},"type":"if","locations":[{"start":{"line":4,"column":4},"end":{"line":5,"column":150}},{"start":{"line":4,"column":4},"end":{"line":5,"column":150}}],"line":4},"4":{"loc":{"start":{"line":4,"column":8},"end":{"line":4,"column":77}},"type":"binary-expr","locations":[{"start":{"line":4,"column":8},"end":{"line":4,"column":35}},{"start":{"line":4,"column":39},"end":{"line":4,"column":77}}],"line":4},"5":{"loc":{"start":{"line":5,"column":58},"end":{"line":5,"column":150}},"type":"if","locations":[{"start":{"line":5,"column":58},"end":{"line":5,"column":150}},{"start":{"line":5,"column":58},"end":{"line":5,"column":150}}],"line":5},"6":{"loc":{"start":{"line":5,"column":85},"end":{"line":5,"column":149}},"type":"binary-expr","locations":[{"start":{"line":5,"column":86},"end":{"line":5,"column":143}},{"start":{"line":5,"column":148},"end":{"line":5,"column":149}}],"line":5},"7":{"loc":{"start":{"line":5,"column":86},"end":{"line":5,"column":143}},"type":"cond-expr","locations":[{"start":{"line":5,"column":94},"end":{"line":5,"column":98}},{"start":{"line":5,"column":101},"end":{"line":5,"column":143}}],"line":5},"8":{"loc":{"start":{"line":5,"column":101},"end":{"line":5,"column":143}},"type":"cond-expr","locations":[{"start":{"line":5,"column":109},"end":{"line":5,"column":126}},{"start":{"line":5,"column":129},"end":{"line":5,"column":143}}],"line":5},"9":{"loc":{"start":{"line":6,"column":11},"end":{"line":6,"column":62}},"type":"binary-expr","locations":[{"start":{"line":6,"column":11},"end":{"line":6,"column":16}},{"start":{"line":6,"column":20},"end":{"line":6,"column":21}},{"start":{"line":6,"column":25},"end":{"line":6,"column":62}}],"line":6},"10":{"loc":{"start":{"line":8,"column":17},"end":{"line":10,"column":1}},"type":"binary-expr","locations":[{"start":{"line":8,"column":18},"end":{"line":8,"column":22}},{"start":{"line":8,"column":26},"end":{"line":8,"column":41}},{"start":{"line":8,"column":46},"end":{"line":10,"column":1}}],"line":8},"11":{"loc":{"start":{"line":9,"column":4},"end":{"line":9,"column":109}},"type":"if","locations":[{"start":{"line":9,"column":4},"end":{"line":9,"column":109}},{"start":{"line":9,"column":4},"end":{"line":9,"column":109}}],"line":9},"12":{"loc":{"start":{"line":9,"column":8},"end":{"line":9,"column":77}},"type":"binary-expr","locations":[{"start":{"line":9,"column":8},"end":{"line":9,"column":35}},{"start":{"line":9,"column":39},"end":{"line":9,"column":77}}],"line":9}},"s":{"0":1,"1":2,"2":2,"3":2,"4":0,"5":2,"6":5,"7":2,"8":2,"9":1,"10":3,"11":0,"12":1,"13":1,"14":1,"15":1,"16":1,"17":1,"18":1,"19":1,"20":1,"21":1,"22":1,"23":1,"24":1,"25":1,"26":1,"27":1,"28":1,"29":1},"f":{"0":2,"1":3,"2":1,"3":1},"b":{"0":[1,1,1],"1":[1,1],"2":[1,0],"3":[0,2],"4":[2,2],"5":[2,3],"6":[2,2],"7":[1,1],"8":[1,0],"9":[2,1,1],"10":[1,1,1],"11":[0,3],"12":[3,3]},"_coverageSchema":"332fd63041d2c1bcb487cc26dd0d5f7d97098a6c","hash":"39dbf3d349b86fcd2bb98fe95f410c5db6924db9","contentHash":"94a76b8ba390a8f72d1a95ebb2a5ac77_11.1.0"},"C:\\Users\\chadc\\Documents\\git-projects\\infusion\\src\\proxy-services\\proxy-service\\domain\\tests\\context.test.ts":{"path":"C:\\Users\\chadc\\Documents\\git-projects\\infusion\\src\\proxy-services\\proxy-service\\domain\\tests\\context.test.ts","statementMap":{"0":{"start":{"line":2,"column":17},"end":{"line":7,"column":1}},"1":{"start":{"line":3,"column":12},"end":{"line":3,"column":28}},"2":{"start":{"line":3,"column":34},"end":{"line":3,"column":125}},"3":{"start":{"line":4,"column":4},"end":{"line":5,"column":150}},"4":{"start":{"line":4,"column":79},"end":{"line":4,"column":131}},"5":{"start":{"line":5,"column":9},"end":{"line":5,"column":150}},"6":{"start":{"line":5,"column":58},"end":{"line":5,"column":150}},"7":{"start":{"line":5,"column":81},"end":{"line":5,"column":150}},"8":{"start":{"line":6,"column":4},"end":{"line":6,"column":66}},"9":{"start":{"line":8,"column":17},"end":{"line":10,"column":1}},"10":{"start":{"line":9,"column":4},"end":{"line":9,"column":109}},"11":{"start":{"line":9,"column":79},"end":{"line":9,"column":109}},"12":{"start":{"line":11,"column":0},"end":{"line":11,"column":62}},"13":{"start":{"line":12,"column":25},"end":{"line":12,"column":62}},"14":{"start":{"line":13,"column":24},"end":{"line":13,"column":51}},"15":{"start":{"line":14,"column":18},"end":{"line":14,"column":39}},"16":{"start":{"line":15,"column":27},"end":{"line":15,"column":54}},"17":{"start":{"line":16,"column":15},"end":{"line":16,"column":30}},"18":{"start":{"line":17,"column":28},"end":{"line":27,"column":1}},"19":{"start":{"line":19,"column":8},"end":{"line":19,"column":24}},"20":{"start":{"line":20,"column":8},"end":{"line":20,"column":53}},"21":{"start":{"line":21,"column":8},"end":{"line":21,"column":65}},"22":{"start":{"line":22,"column":8},"end":{"line":22,"column":83}},"23":{"start":{"line":25,"column":8},"end":{"line":25,"column":40}},"24":{"start":{"line":28,"column":0},"end":{"line":33,"column":81}},"25":{"start":{"line":34,"column":0},"end":{"line":36,"column":26}}},"fnMap":{"0":{"name":"(anonymous_0)","decl":{"start":{"line":2,"column":46},"end":{"line":2,"column":47}},"loc":{"start":{"line":2,"column":87},"end":{"line":7,"column":1}},"line":2},"1":{"name":"(anonymous_1)","decl":{"start":{"line":8,"column":46},"end":{"line":8,"column":47}},"loc":{"start":{"line":8,"column":62},"end":{"line":10,"column":1}},"line":8},"2":{"name":"(anonymous_2)","decl":{"start":{"line":18,"column":4},"end":{"line":18,"column":5}},"loc":{"start":{"line":18,"column":13},"end":{"line":23,"column":5}},"line":18},"3":{"name":"(anonymous_3)","decl":{"start":{"line":24,"column":4},"end":{"line":24,"column":5}},"loc":{"start":{"line":24,"column":42},"end":{"line":26,"column":5}},"line":24}},"branchMap":{"0":{"loc":{"start":{"line":2,"column":17},"end":{"line":7,"column":1}},"type":"binary-expr","locations":[{"start":{"line":2,"column":18},"end":{"line":2,"column":22}},{"start":{"line":2,"column":26},"end":{"line":2,"column":41}},{"start":{"line":2,"column":46},"end":{"line":7,"column":1}}],"line":2},"1":{"loc":{"start":{"line":3,"column":34},"end":{"line":3,"column":125}},"type":"cond-expr","locations":[{"start":{"line":3,"column":42},"end":{"line":3,"column":48}},{"start":{"line":3,"column":51},"end":{"line":3,"column":125}}],"line":3},"2":{"loc":{"start":{"line":3,"column":51},"end":{"line":3,"column":125}},"type":"cond-expr","locations":[{"start":{"line":3,"column":67},"end":{"line":3,"column":118}},{"start":{"line":3,"column":121},"end":{"line":3,"column":125}}],"line":3},"3":{"loc":{"start":{"line":4,"column":4},"end":{"line":5,"column":150}},"type":"if","locations":[{"start":{"line":4,"column":4},"end":{"line":5,"column":150}},{"start":{"line":4,"column":4},"end":{"line":5,"column":150}}],"line":4},"4":{"loc":{"start":{"line":4,"column":8},"end":{"line":4,"column":77}},"type":"binary-expr","locations":[{"start":{"line":4,"column":8},"end":{"line":4,"column":35}},{"start":{"line":4,"column":39},"end":{"line":4,"column":77}}],"line":4},"5":{"loc":{"start":{"line":5,"column":58},"end":{"line":5,"column":150}},"type":"if","locations":[{"start":{"line":5,"column":58},"end":{"line":5,"column":150}},{"start":{"line":5,"column":58},"end":{"line":5,"column":150}}],"line":5},"6":{"loc":{"start":{"line":5,"column":85},"end":{"line":5,"column":149}},"type":"binary-expr","locations":[{"start":{"line":5,"column":86},"end":{"line":5,"column":143}},{"start":{"line":5,"column":148},"end":{"line":5,"column":149}}],"line":5},"7":{"loc":{"start":{"line":5,"column":86},"end":{"line":5,"column":143}},"type":"cond-expr","locations":[{"start":{"line":5,"column":94},"end":{"line":5,"column":98}},{"start":{"line":5,"column":101},"end":{"line":5,"column":143}}],"line":5},"8":{"loc":{"start":{"line":5,"column":101},"end":{"line":5,"column":143}},"type":"cond-expr","locations":[{"start":{"line":5,"column":109},"end":{"line":5,"column":126}},{"start":{"line":5,"column":129},"end":{"line":5,"column":143}}],"line":5},"9":{"loc":{"start":{"line":6,"column":11},"end":{"line":6,"column":62}},"type":"binary-expr","locations":[{"start":{"line":6,"column":11},"end":{"line":6,"column":16}},{"start":{"line":6,"column":20},"end":{"line":6,"column":21}},{"start":{"line":6,"column":25},"end":{"line":6,"column":62}}],"line":6},"10":{"loc":{"start":{"line":8,"column":17},"end":{"line":10,"column":1}},"type":"binary-expr","locations":[{"start":{"line":8,"column":18},"end":{"line":8,"column":22}},{"start":{"line":8,"column":26},"end":{"line":8,"column":41}},{"start":{"line":8,"column":46},"end":{"line":10,"column":1}}],"line":8},"11":{"loc":{"start":{"line":9,"column":4},"end":{"line":9,"column":109}},"type":"if","locations":[{"start":{"line":9,"column":4},"end":{"line":9,"column":109}},{"start":{"line":9,"column":4},"end":{"line":9,"column":109}}],"line":9},"12":{"loc":{"start":{"line":9,"column":8},"end":{"line":9,"column":77}},"type":"binary-expr","locations":[{"start":{"line":9,"column":8},"end":{"line":9,"column":35}},{"start":{"line":9,"column":39},"end":{"line":9,"column":77}}],"line":9}},"s":{"0":1,"1":2,"2":2,"3":2,"4":0,"5":2,"6":5,"7":2,"8":2,"9":1,"10":3,"11":0,"12":1,"13":1,"14":1,"15":1,"16":1,"17":1,"18":1,"19":1,"20":1,"21":1,"22":1,"23":1,"24":1,"25":1},"f":{"0":2,"1":3,"2":1,"3":1},"b":{"0":[1,1,1],"1":[1,1],"2":[1,0],"3":[0,2],"4":[2,2],"5":[2,3],"6":[2,2],"7":[1,1],"8":[1,0],"9":[2,1,1],"10":[1,1,1],"11":[0,3],"12":[3,3]},"_coverageSchema":"332fd63041d2c1bcb487cc26dd0d5f7d97098a6c","hash":"06fdd614414383d32dac676edac1967a5e10685b","contentHash":"5b77845ab484632394d101441cdd8789_11.1.0"}}