{"C:\\Users\\chadc\\Documents\\git-projects\\infusion\\dist\\src\\index.js":{"path":"C:\\Users\\chadc\\Documents\\git-projects\\infusion\\dist\\src\\index.js","statementMap":{"0":{"start":{"line":2,"column":0},"end":{"line":2,"column":62}},"1":{"start":{"line":3,"column":27},"end":{"line":3,"column":62}},"2":{"start":{"line":4,"column":16},"end":{"line":4,"column":34}},"3":{"start":{"line":5,"column":11},"end":{"line":5,"column":15}},"4":{"start":{"line":6,"column":10},"end":{"line":6,"column":19}},"5":{"start":{"line":7,"column":0},"end":{"line":7,"column":65}},"6":{"start":{"line":8,"column":0},"end":{"line":10,"column":3}},"7":{"start":{"line":9,"column":4},"end":{"line":9,"column":59}},"8":{"start":{"line":11,"column":16},"end":{"line":11,"column":55}},"9":{"start":{"line":12,"column":0},"end":{"line":12,"column":22}}},"fnMap":{"0":{"name":"(anonymous_0)","decl":{"start":{"line":8,"column":17},"end":{"line":8,"column":18}},"loc":{"start":{"line":8,"column":29},"end":{"line":10,"column":1}},"line":8}},"branchMap":{},"s":{"0":1,"1":1,"2":1,"3":1,"4":1,"5":1,"6":1,"7":1,"8":1,"9":1},"f":{"0":1},"b":{},"_coverageSchema":"332fd63041d2c1bcb487cc26dd0d5f7d97098a6c","hash":"0af0b9460a1fa5e366aae1404333a33dfc9b3a6f"},"C:\\Users\\chadc\\Documents\\git-projects\\infusion\\dist\\test\\onion-test-setup.js":{"path":"C:\\Users\\chadc\\Documents\\git-projects\\infusion\\dist\\test\\onion-test-setup.js","statementMap":{"0":{"start":{"line":2,"column":0},"end":{"line":2,"column":62}},"1":{"start":{"line":3,"column":40},"end":{"line":3,"column":118}},"2":{"start":{"line":4,"column":26},"end":{"line":4,"column":96}},"3":{"start":{"line":5,"column":32},"end":{"line":5,"column":94}},"4":{"start":{"line":6,"column":33},"end":{"line":6,"column":96}},"5":{"start":{"line":7,"column":24},"end":{"line":7,"column":92}},"6":{"start":{"line":8,"column":25},"end":{"line":8,"column":57}},"7":{"start":{"line":9,"column":13},"end":{"line":9,"column":17}},"8":{"start":{"line":11,"column":15},"end":{"line":11,"column":45}},"9":{"start":{"line":14,"column":8},"end":{"line":14,"column":82}},"10":{"start":{"line":17,"column":8},"end":{"line":17,"column":53}},"11":{"start":{"line":18,"column":8},"end":{"line":18,"column":135}},"12":{"start":{"line":19,"column":8},"end":{"line":19,"column":114}},"13":{"start":{"line":20,"column":8},"end":{"line":20,"column":33}},"14":{"start":{"line":21,"column":8},"end":{"line":28,"column":10}},"15":{"start":{"line":29,"column":8},"end":{"line":34,"column":10}},"16":{"start":{"line":35,"column":8},"end":{"line":37,"column":10}},"17":{"start":{"line":38,"column":8},"end":{"line":38,"column":77}},"18":{"start":{"line":39,"column":8},"end":{"line":39,"column":125}},"19":{"start":{"line":40,"column":8},"end":{"line":40,"column":53}},"20":{"start":{"line":43,"column":0},"end":{"line":43,"column":40}}},"fnMap":{"0":{"name":"(anonymous_0)","decl":{"start":{"line":13,"column":4},"end":{"line":13,"column":5}},"loc":{"start":{"line":13,"column":18},"end":{"line":15,"column":5}},"line":13},"1":{"name":"(anonymous_1)","decl":{"start":{"line":16,"column":4},"end":{"line":16,"column":5}},"loc":{"start":{"line":16,"column":16},"end":{"line":41,"column":5}},"line":16}},"branchMap":{},"s":{"0":1,"1":1,"2":1,"3":1,"4":1,"5":1,"6":1,"7":1,"8":1,"9":1,"10":1,"11":1,"12":1,"13":1,"14":1,"15":1,"16":1,"17":1,"18":1,"19":1,"20":1},"f":{"0":1,"1":1},"b":{},"_coverageSchema":"332fd63041d2c1bcb487cc26dd0d5f7d97098a6c","hash":"9efc93066a94bc37ce5ccab6a5eb8fbcd79e07e9"},"C:\\Users\\chadc\\Documents\\git-projects\\infusion\\dist\\src\\infusion-server\\infrastructure\\infusion-context-mssql-writer.js":{"path":"C:\\Users\\chadc\\Documents\\git-projects\\infusion\\dist\\src\\infusion-server\\infrastructure\\infusion-context-mssql-writer.js","statementMap":{"0":{"start":{"line":2,"column":16},"end":{"line":9,"column":1}},"1":{"start":{"line":3,"column":4},"end":{"line":8,"column":7}},"2":{"start":{"line":4,"column":36},"end":{"line":4,"column":97}},"3":{"start":{"line":4,"column":42},"end":{"line":4,"column":70}},"4":{"start":{"line":4,"column":85},"end":{"line":4,"column":95}},"5":{"start":{"line":5,"column":35},"end":{"line":5,"column":100}},"6":{"start":{"line":5,"column":41},"end":{"line":5,"column":73}},"7":{"start":{"line":5,"column":88},"end":{"line":5,"column":98}},"8":{"start":{"line":6,"column":32},"end":{"line":6,"column":149}},"9":{"start":{"line":6,"column":97},"end":{"line":6,"column":119}},"10":{"start":{"line":7,"column":8},"end":{"line":7,"column":78}},"11":{"start":{"line":10,"column":0},"end":{"line":10,"column":62}},"12":{"start":{"line":11,"column":34},"end":{"line":11,"column":87}},"13":{"start":{"line":12,"column":12},"end":{"line":12,"column":28}},"14":{"start":{"line":15,"column":8},"end":{"line":15,"column":48}},"15":{"start":{"line":16,"column":8},"end":{"line":20,"column":10}},"16":{"start":{"line":23,"column":0},"end":{"line":23,"column":76}},"17":{"start":{"line":26,"column":8},"end":{"line":26,"column":23}},"18":{"start":{"line":27,"column":8},"end":{"line":27,"column":29}},"19":{"start":{"line":30,"column":8},"end":{"line":101,"column":11}},"20":{"start":{"line":31,"column":12},"end":{"line":33,"column":13}},"21":{"start":{"line":32,"column":16},"end":{"line":32,"column":23}},"22":{"start":{"line":34,"column":12},"end":{"line":37,"column":13}},"23":{"start":{"line":35,"column":16},"end":{"line":35,"column":43}},"24":{"start":{"line":36,"column":16},"end":{"line":36,"column":23}},"25":{"start":{"line":38,"column":25},"end":{"line":38,"column":60}},"26":{"start":{"line":39,"column":12},"end":{"line":41,"column":15}},"27":{"start":{"line":40,"column":16},"end":{"line":40,"column":53}},"28":{"start":{"line":42,"column":12},"end":{"line":42,"column":44}},"29":{"start":{"line":43,"column":12},"end":{"line":100,"column":13}},"30":{"start":{"line":44,"column":29},"end":{"line":92,"column":11}},"31":{"start":{"line":95,"column":16},"end":{"line":95,"column":36}},"32":{"start":{"line":96,"column":16},"end":{"line":96,"column":36}},"33":{"start":{"line":99,"column":16},"end":{"line":99,"column":29}},"34":{"start":{"line":104,"column":8},"end":{"line":138,"column":11}},"35":{"start":{"line":105,"column":12},"end":{"line":137,"column":13}},"36":{"start":{"line":106,"column":27},"end":{"line":106,"column":57}},"37":{"start":{"line":107,"column":16},"end":{"line":109,"column":17}},"38":{"start":{"line":108,"column":20},"end":{"line":108,"column":55}},"39":{"start":{"line":110,"column":29},"end":{"line":133,"column":12}},"40":{"start":{"line":136,"column":16},"end":{"line":136,"column":54}},"41":{"start":{"line":141,"column":8},"end":{"line":143,"column":12}},"42":{"start":{"line":142,"column":12},"end":{"line":142,"column":73}},"43":{"start":{"line":146,"column":8},"end":{"line":148,"column":9}},"44":{"start":{"line":147,"column":12},"end":{"line":147,"column":25}},"45":{"start":{"line":149,"column":8},"end":{"line":156,"column":11}},"46":{"start":{"line":150,"column":30},"end":{"line":150,"column":70}},"47":{"start":{"line":151,"column":12},"end":{"line":155,"column":13}},"48":{"start":{"line":152,"column":16},"end":{"line":154,"column":17}},"49":{"start":{"line":153,"column":20},"end":{"line":153,"column":32}},"50":{"start":{"line":157,"column":8},"end":{"line":157,"column":21}},"51":{"start":{"line":160,"column":0},"end":{"line":160,"column":64}}},"fnMap":{"0":{"name":"(anonymous_0)","decl":{"start":{"line":2,"column":44},"end":{"line":2,"column":45}},"loc":{"start":{"line":2,"column":89},"end":{"line":9,"column":1}},"line":2},"1":{"name":"(anonymous_1)","decl":{"start":{"line":3,"column":36},"end":{"line":3,"column":37}},"loc":{"start":{"line":3,"column":63},"end":{"line":8,"column":5}},"line":3},"2":{"name":"fulfilled","decl":{"start":{"line":4,"column":17},"end":{"line":4,"column":26}},"loc":{"start":{"line":4,"column":34},"end":{"line":4,"column":99}},"line":4},"3":{"name":"rejected","decl":{"start":{"line":5,"column":17},"end":{"line":5,"column":25}},"loc":{"start":{"line":5,"column":33},"end":{"line":5,"column":102}},"line":5},"4":{"name":"step","decl":{"start":{"line":6,"column":17},"end":{"line":6,"column":21}},"loc":{"start":{"line":6,"column":30},"end":{"line":6,"column":151}},"line":6},"5":{"name":"(anonymous_5)","decl":{"start":{"line":6,"column":76},"end":{"line":6,"column":77}},"loc":{"start":{"line":6,"column":95},"end":{"line":6,"column":121}},"line":6},"6":{"name":"(anonymous_6)","decl":{"start":{"line":14,"column":4},"end":{"line":14,"column":5}},"loc":{"start":{"line":14,"column":50},"end":{"line":21,"column":5}},"line":14},"7":{"name":"(anonymous_7)","decl":{"start":{"line":25,"column":4},"end":{"line":25,"column":5}},"loc":{"start":{"line":25,"column":29},"end":{"line":28,"column":5}},"line":25},"8":{"name":"(anonymous_8)","decl":{"start":{"line":29,"column":4},"end":{"line":29,"column":5}},"loc":{"start":{"line":29,"column":19},"end":{"line":102,"column":5}},"line":29},"9":{"name":"(anonymous_9)","decl":{"start":{"line":30,"column":47},"end":{"line":30,"column":48}},"loc":{"start":{"line":30,"column":60},"end":{"line":101,"column":9}},"line":30},"10":{"name":"(anonymous_10)","decl":{"start":{"line":39,"column":29},"end":{"line":39,"column":30}},"loc":{"start":{"line":39,"column":36},"end":{"line":41,"column":13}},"line":39},"11":{"name":"(anonymous_11)","decl":{"start":{"line":103,"column":4},"end":{"line":103,"column":5}},"loc":{"start":{"line":103,"column":17},"end":{"line":139,"column":5}},"line":103},"12":{"name":"(anonymous_12)","decl":{"start":{"line":104,"column":47},"end":{"line":104,"column":48}},"loc":{"start":{"line":104,"column":60},"end":{"line":138,"column":9}},"line":104},"13":{"name":"(anonymous_13)","decl":{"start":{"line":140,"column":4},"end":{"line":140,"column":5}},"loc":{"start":{"line":140,"column":29},"end":{"line":144,"column":5}},"line":140},"14":{"name":"(anonymous_14)","decl":{"start":{"line":141,"column":60},"end":{"line":141,"column":61}},"loc":{"start":{"line":141,"column":67},"end":{"line":143,"column":9}},"line":141},"15":{"name":"(anonymous_15)","decl":{"start":{"line":145,"column":4},"end":{"line":145,"column":5}},"loc":{"start":{"line":145,"column":39},"end":{"line":158,"column":5}},"line":145},"16":{"name":"(anonymous_16)","decl":{"start":{"line":149,"column":62},"end":{"line":149,"column":63}},"loc":{"start":{"line":149,"column":75},"end":{"line":156,"column":9}},"line":149}},"branchMap":{"0":{"loc":{"start":{"line":2,"column":16},"end":{"line":9,"column":1}},"type":"binary-expr","locations":[{"start":{"line":2,"column":17},"end":{"line":2,"column":21}},{"start":{"line":2,"column":25},"end":{"line":2,"column":39}},{"start":{"line":2,"column":44},"end":{"line":9,"column":1}}],"line":2},"1":{"loc":{"start":{"line":3,"column":16},"end":{"line":3,"column":34}},"type":"binary-expr","locations":[{"start":{"line":3,"column":16},"end":{"line":3,"column":17}},{"start":{"line":3,"column":22},"end":{"line":3,"column":33}}],"line":3},"2":{"loc":{"start":{"line":6,"column":32},"end":{"line":6,"column":148}},"type":"cond-expr","locations":[{"start":{"line":6,"column":46},"end":{"line":6,"column":67}},{"start":{"line":6,"column":70},"end":{"line":6,"column":148}}],"line":6},"3":{"loc":{"start":{"line":7,"column":51},"end":{"line":7,"column":67}},"type":"binary-expr","locations":[{"start":{"line":7,"column":51},"end":{"line":7,"column":61}},{"start":{"line":7,"column":65},"end":{"line":7,"column":67}}],"line":7},"4":{"loc":{"start":{"line":31,"column":12},"end":{"line":33,"column":13}},"type":"if","locations":[{"start":{"line":31,"column":12},"end":{"line":33,"column":13}},{"start":{"line":31,"column":12},"end":{"line":33,"column":13}}],"line":31},"5":{"loc":{"start":{"line":34,"column":12},"end":{"line":37,"column":13}},"type":"if","locations":[{"start":{"line":34,"column":12},"end":{"line":37,"column":13}},{"start":{"line":34,"column":12},"end":{"line":37,"column":13}}],"line":34},"6":{"loc":{"start":{"line":107,"column":16},"end":{"line":109,"column":17}},"type":"if","locations":[{"start":{"line":107,"column":16},"end":{"line":109,"column":17}},{"start":{"line":107,"column":16},"end":{"line":109,"column":17}}],"line":107},"7":{"loc":{"start":{"line":146,"column":8},"end":{"line":148,"column":9}},"type":"if","locations":[{"start":{"line":146,"column":8},"end":{"line":148,"column":9}},{"start":{"line":146,"column":8},"end":{"line":148,"column":9}}],"line":146},"8":{"loc":{"start":{"line":151,"column":12},"end":{"line":155,"column":13}},"type":"if","locations":[{"start":{"line":151,"column":12},"end":{"line":155,"column":13}},{"start":{"line":151,"column":12},"end":{"line":155,"column":13}}],"line":151},"9":{"loc":{"start":{"line":152,"column":16},"end":{"line":154,"column":17}},"type":"if","locations":[{"start":{"line":152,"column":16},"end":{"line":154,"column":17}},{"start":{"line":152,"column":16},"end":{"line":154,"column":17}}],"line":152}},"s":{"0":1,"1":1,"2":2,"3":2,"4":0,"5":0,"6":0,"7":0,"8":3,"9":2,"10":1,"11":1,"12":1,"13":1,"14":1,"15":1,"16":1,"17":1,"18":1,"19":0,"20":0,"21":0,"22":0,"23":0,"24":0,"25":0,"26":0,"27":0,"28":0,"29":0,"30":0,"31":0,"32":0,"33":0,"34":1,"35":1,"36":1,"37":1,"38":1,"39":1,"40":0,"41":0,"42":0,"43":0,"44":0,"45":0,"46":0,"47":0,"48":0,"49":0,"50":0,"51":1},"f":{"0":1,"1":1,"2":2,"3":0,"4":3,"5":2,"6":1,"7":1,"8":0,"9":0,"10":0,"11":1,"12":1,"13":0,"14":0,"15":0,"16":0},"b":{"0":[1,1,1],"1":[1,1],"2":[1,2],"3":[1,1],"4":[0,0],"5":[0,0],"6":[1,0],"7":[0,0],"8":[0,0],"9":[0,0]},"_coverageSchema":"332fd63041d2c1bcb487cc26dd0d5f7d97098a6c","hash":"dfda4cf7e9215853a6e8321009535b33191d45b8"},"C:\\Users\\chadc\\Documents\\git-projects\\infusion\\dist\\src\\infusion-server\\domain-services\\infusion-context-writer.js":{"path":"C:\\Users\\chadc\\Documents\\git-projects\\infusion\\dist\\src\\infusion-server\\domain-services\\infusion-context-writer.js","statementMap":{"0":{"start":{"line":2,"column":0},"end":{"line":2,"column":62}},"1":{"start":{"line":5,"column":8},"end":{"line":5,"column":25}},"2":{"start":{"line":6,"column":8},"end":{"line":6,"column":33}},"3":{"start":{"line":7,"column":8},"end":{"line":7,"column":29}},"4":{"start":{"line":8,"column":8},"end":{"line":8,"column":33}},"5":{"start":{"line":11,"column":0},"end":{"line":11,"column":80}}},"fnMap":{"0":{"name":"(anonymous_0)","decl":{"start":{"line":4,"column":4},"end":{"line":4,"column":5}},"loc":{"start":{"line":4,"column":50},"end":{"line":9,"column":5}},"line":4}},"branchMap":{},"s":{"0":1,"1":1,"2":1,"3":1,"4":1,"5":1},"f":{"0":1},"b":{},"_coverageSchema":"332fd63041d2c1bcb487cc26dd0d5f7d97098a6c","hash":"12944c24fbf7e461762e1c92dcef2196d76a9e45"},"C:\\Users\\chadc\\Documents\\git-projects\\infusion\\dist\\src\\infusion-server\\application-services\\markup-modifier.js":{"path":"C:\\Users\\chadc\\Documents\\git-projects\\infusion\\dist\\src\\infusion-server\\application-services\\markup-modifier.js","statementMap":{"0":{"start":{"line":2,"column":0},"end":{"line":2,"column":62}},"1":{"start":{"line":5,"column":8},"end":{"line":5,"column":23}},"2":{"start":{"line":8,"column":22},"end":{"line":8,"column":33}},"3":{"start":{"line":9,"column":35},"end":{"line":9,"column":52}},"4":{"start":{"line":10,"column":19},"end":{"line":10,"column":93}},"5":{"start":{"line":11,"column":8},"end":{"line":11,"column":34}},"6":{"start":{"line":14,"column":21},"end":{"line":14,"column":32}},"7":{"start":{"line":15,"column":8},"end":{"line":21,"column":11}},"8":{"start":{"line":16,"column":12},"end":{"line":20,"column":13}},"9":{"start":{"line":17,"column":16},"end":{"line":17,"column":67}},"10":{"start":{"line":22,"column":8},"end":{"line":22,"column":22}},"11":{"start":{"line":25,"column":0},"end":{"line":25,"column":40}}},"fnMap":{"0":{"name":"(anonymous_0)","decl":{"start":{"line":4,"column":4},"end":{"line":4,"column":5}},"loc":{"start":{"line":4,"column":21},"end":{"line":6,"column":5}},"line":4},"1":{"name":"(anonymous_1)","decl":{"start":{"line":7,"column":4},"end":{"line":7,"column":5}},"loc":{"start":{"line":7,"column":40},"end":{"line":12,"column":5}},"line":7},"2":{"name":"(anonymous_2)","decl":{"start":{"line":11,"column":23},"end":{"line":11,"column":24}},"loc":{"start":{"line":11,"column":29},"end":{"line":11,"column":32}},"line":11},"3":{"name":"(anonymous_3)","decl":{"start":{"line":13,"column":4},"end":{"line":13,"column":5}},"loc":{"start":{"line":13,"column":48},"end":{"line":23,"column":5}},"line":13},"4":{"name":"(anonymous_4)","decl":{"start":{"line":15,"column":45},"end":{"line":15,"column":46}},"loc":{"start":{"line":15,"column":63},"end":{"line":21,"column":9}},"line":15}},"branchMap":{"0":{"loc":{"start":{"line":16,"column":12},"end":{"line":20,"column":13}},"type":"if","locations":[{"start":{"line":16,"column":12},"end":{"line":20,"column":13}},{"start":{"line":16,"column":12},"end":{"line":20,"column":13}}],"line":16}},"s":{"0":1,"1":3,"2":2,"3":2,"4":2,"5":2,"6":2,"7":2,"8":4,"9":2,"10":2,"11":1},"f":{"0":3,"1":2,"2":2,"3":2,"4":4},"b":{"0":[2,2]},"_coverageSchema":"332fd63041d2c1bcb487cc26dd0d5f7d97098a6c","hash":"27de412ad2c05eb61e936de86f752dbc5508bb13"},"C:\\Users\\chadc\\Documents\\git-projects\\infusion\\dist\\src\\infusion-server\\domain\\infusion-modification.js":{"path":"C:\\Users\\chadc\\Documents\\git-projects\\infusion\\dist\\src\\infusion-server\\domain\\infusion-modification.js","statementMap":{"0":{"start":{"line":2,"column":0},"end":{"line":2,"column":62}},"1":{"start":{"line":4,"column":0},"end":{"line":7,"column":107}},"2":{"start":{"line":5,"column":4},"end":{"line":5,"column":82}},"3":{"start":{"line":6,"column":4},"end":{"line":6,"column":80}},"4":{"start":{"line":10,"column":8},"end":{"line":10,"column":35}},"5":{"start":{"line":11,"column":8},"end":{"line":11,"column":33}},"6":{"start":{"line":12,"column":8},"end":{"line":12,"column":49}},"7":{"start":{"line":13,"column":8},"end":{"line":13,"column":37}},"8":{"start":{"line":16,"column":21},"end":{"line":16,"column":23}},"9":{"start":{"line":17,"column":8},"end":{"line":17,"column":37}},"10":{"start":{"line":27,"column":8},"end":{"line":27,"column":22}},"11":{"start":{"line":46,"column":0},"end":{"line":46,"column":52}}},"fnMap":{"0":{"name":"(anonymous_0)","decl":{"start":{"line":4,"column":1},"end":{"line":4,"column":2}},"loc":{"start":{"line":4,"column":37},"end":{"line":7,"column":1}},"line":4},"1":{"name":"(anonymous_1)","decl":{"start":{"line":9,"column":4},"end":{"line":9,"column":5}},"loc":{"start":{"line":9,"column":67},"end":{"line":14,"column":5}},"line":9},"2":{"name":"(anonymous_2)","decl":{"start":{"line":15,"column":4},"end":{"line":15,"column":5}},"loc":{"start":{"line":15,"column":29},"end":{"line":28,"column":5}},"line":15}},"branchMap":{"0":{"loc":{"start":{"line":7,"column":30},"end":{"line":7,"column":105}},"type":"binary-expr","locations":[{"start":{"line":7,"column":30},"end":{"line":7,"column":62}},{"start":{"line":7,"column":67},"end":{"line":7,"column":104}}],"line":7}},"s":{"0":1,"1":1,"2":1,"3":1,"4":5,"5":5,"6":5,"7":5,"8":2,"9":2,"10":2,"11":1},"f":{"0":1,"1":5,"2":2},"b":{"0":[1,1]},"_coverageSchema":"332fd63041d2c1bcb487cc26dd0d5f7d97098a6c","hash":"cfc91e81b0100a0a84c6785655a2855da8f96a59"},"C:\\Users\\chadc\\Documents\\git-projects\\infusion\\dist\\src\\infusion-server\\domain\\infusion-configuration.js":{"path":"C:\\Users\\chadc\\Documents\\git-projects\\infusion\\dist\\src\\infusion-server\\domain\\infusion-configuration.js","statementMap":{"0":{"start":{"line":2,"column":0},"end":{"line":2,"column":62}},"1":{"start":{"line":7,"column":0},"end":{"line":7,"column":54}}},"fnMap":{"0":{"name":"(anonymous_0)","decl":{"start":{"line":4,"column":4},"end":{"line":4,"column":5}},"loc":{"start":{"line":4,"column":18},"end":{"line":5,"column":5}},"line":4}},"branchMap":{},"s":{"0":1,"1":1},"f":{"0":16},"b":{},"_coverageSchema":"332fd63041d2c1bcb487cc26dd0d5f7d97098a6c","hash":"bced6c1b00d0f3f96f400f41228642bc813f35f3"},"C:\\Users\\chadc\\Documents\\git-projects\\infusion\\dist\\src\\infusion-server\\application-services\\proxy-service.js":{"path":"C:\\Users\\chadc\\Documents\\git-projects\\infusion\\dist\\src\\infusion-server\\application-services\\proxy-service.js","statementMap":{"0":{"start":{"line":2,"column":0},"end":{"line":2,"column":62}},"1":{"start":{"line":3,"column":27},"end":{"line":3,"column":64}},"2":{"start":{"line":4,"column":15},"end":{"line":4,"column":32}},"3":{"start":{"line":5,"column":41},"end":{"line":5,"column":116}},"4":{"start":{"line":6,"column":42},"end":{"line":6,"column":118}},"5":{"start":{"line":7,"column":33},"end":{"line":7,"column":100}},"6":{"start":{"line":8,"column":40},"end":{"line":8,"column":114}},"7":{"start":{"line":9,"column":13},"end":{"line":9,"column":28}},"8":{"start":{"line":10,"column":14},"end":{"line":10,"column":46}},"9":{"start":{"line":11,"column":16},"end":{"line":11,"column":34}},"10":{"start":{"line":60,"column":0},"end":{"line":60,"column":36}}},"fnMap":{},"branchMap":{},"s":{"0":1,"1":1,"2":1,"3":1,"4":1,"5":1,"6":1,"7":1,"8":1,"9":1,"10":1},"f":{},"b":{},"_coverageSchema":"332fd63041d2c1bcb487cc26dd0d5f7d97098a6c","hash":"786c94f42d6309c5a9c4bdcfe3bafd357267b98e"},"C:\\Users\\chadc\\Documents\\git-projects\\infusion\\dist\\src\\infusion-server\\domain\\infusion-context.js":{"path":"C:\\Users\\chadc\\Documents\\git-projects\\infusion\\dist\\src\\infusion-server\\domain\\infusion-context.js","statementMap":{"0":{"start":{"line":2,"column":0},"end":{"line":2,"column":62}},"1":{"start":{"line":3,"column":27},"end":{"line":3,"column":56}},"2":{"start":{"line":4,"column":28},"end":{"line":4,"column":58}},"3":{"start":{"line":6,"column":0},"end":{"line":9,"column":107}},"4":{"start":{"line":7,"column":4},"end":{"line":7,"column":82}},"5":{"start":{"line":8,"column":4},"end":{"line":8,"column":84}},"6":{"start":{"line":12,"column":8},"end":{"line":12,"column":67}},"7":{"start":{"line":13,"column":8},"end":{"line":13,"column":64}},"8":{"start":{"line":14,"column":8},"end":{"line":14,"column":30}},"9":{"start":{"line":15,"column":8},"end":{"line":15,"column":29}},"10":{"start":{"line":16,"column":8},"end":{"line":16,"column":23}},"11":{"start":{"line":19,"column":21},"end":{"line":19,"column":23}},"12":{"start":{"line":20,"column":8},"end":{"line":20,"column":62}},"13":{"start":{"line":21,"column":8},"end":{"line":21,"column":36}},"14":{"start":{"line":27,"column":8},"end":{"line":27,"column":59}},"15":{"start":{"line":28,"column":8},"end":{"line":28,"column":61}},"16":{"start":{"line":29,"column":8},"end":{"line":29,"column":63}},"17":{"start":{"line":30,"column":8},"end":{"line":30,"column":69}},"18":{"start":{"line":31,"column":8},"end":{"line":31,"column":83}},"19":{"start":{"line":32,"column":8},"end":{"line":32,"column":62}},"20":{"start":{"line":33,"column":8},"end":{"line":33,"column":22}},"21":{"start":{"line":36,"column":0},"end":{"line":36,"column":42}}},"fnMap":{"0":{"name":"(anonymous_0)","decl":{"start":{"line":6,"column":1},"end":{"line":6,"column":2}},"loc":{"start":{"line":6,"column":37},"end":{"line":9,"column":1}},"line":6},"1":{"name":"(anonymous_1)","decl":{"start":{"line":11,"column":4},"end":{"line":11,"column":5}},"loc":{"start":{"line":11,"column":29},"end":{"line":17,"column":5}},"line":11},"2":{"name":"(anonymous_2)","decl":{"start":{"line":18,"column":4},"end":{"line":18,"column":5}},"loc":{"start":{"line":18,"column":15},"end":{"line":34,"column":5}},"line":18}},"branchMap":{"0":{"loc":{"start":{"line":9,"column":30},"end":{"line":9,"column":105}},"type":"binary-expr","locations":[{"start":{"line":9,"column":30},"end":{"line":9,"column":62}},{"start":{"line":9,"column":67},"end":{"line":9,"column":104}}],"line":9}},"s":{"0":1,"1":1,"2":1,"3":1,"4":1,"5":1,"6":15,"7":15,"8":15,"9":15,"10":15,"11":1,"12":1,"13":1,"14":1,"15":1,"16":1,"17":1,"18":1,"19":1,"20":1,"21":1},"f":{"0":1,"1":15,"2":1},"b":{"0":[1,1]},"_coverageSchema":"332fd63041d2c1bcb487cc26dd0d5f7d97098a6c","hash":"c31ec3cf6af3f0013ec8105c74c41057e2044799"},"C:\\Users\\chadc\\Documents\\git-projects\\infusion\\dist\\src\\infusion-server\\domain\\infusion-request.js":{"path":"C:\\Users\\chadc\\Documents\\git-projects\\infusion\\dist\\src\\infusion-server\\domain\\infusion-request.js","statementMap":{"0":{"start":{"line":2,"column":0},"end":{"line":2,"column":62}},"1":{"start":{"line":4,"column":20},"end":{"line":4,"column":72}},"2":{"start":{"line":6,"column":0},"end":{"line":6,"column":42}}},"fnMap":{"0":{"name":"(anonymous_0)","decl":{"start":{"line":4,"column":4},"end":{"line":4,"column":5}},"loc":{"start":{"line":4,"column":18},"end":{"line":4,"column":74}},"line":4}},"branchMap":{},"s":{"0":1,"1":1,"2":1},"f":{"0":1},"b":{},"_coverageSchema":"332fd63041d2c1bcb487cc26dd0d5f7d97098a6c","hash":"549e3afcb900cb884416e40cb196e72f1a5acda5"},"C:\\Users\\chadc\\Documents\\git-projects\\infusion\\dist\\src\\infusion-server\\domain\\infusion-response.js":{"path":"C:\\Users\\chadc\\Documents\\git-projects\\infusion\\dist\\src\\infusion-server\\domain\\infusion-response.js","statementMap":{"0":{"start":{"line":2,"column":0},"end":{"line":2,"column":62}},"1":{"start":{"line":5,"column":8},"end":{"line":5,"column":23}},"2":{"start":{"line":8,"column":0},"end":{"line":8,"column":44}}},"fnMap":{"0":{"name":"(anonymous_0)","decl":{"start":{"line":4,"column":4},"end":{"line":4,"column":5}},"loc":{"start":{"line":4,"column":18},"end":{"line":6,"column":5}},"line":4}},"branchMap":{},"s":{"0":1,"1":15,"2":1},"f":{"0":15},"b":{},"_coverageSchema":"332fd63041d2c1bcb487cc26dd0d5f7d97098a6c","hash":"5c0e2dafabf20365534fa9ce17f491d26500c97c"},"C:\\Users\\chadc\\Documents\\git-projects\\infusion\\dist\\src\\infusion-server\\domain-services\\event-handlers\\infusion-proxy-request-handler.js":{"path":"C:\\Users\\chadc\\Documents\\git-projects\\infusion\\dist\\src\\infusion-server\\domain-services\\event-handlers\\infusion-proxy-request-handler.js","statementMap":{"0":{"start":{"line":2,"column":0},"end":{"line":2,"column":62}},"1":{"start":{"line":3,"column":27},"end":{"line":3,"column":67}},"2":{"start":{"line":4,"column":35},"end":{"line":4,"column":72}},"3":{"start":{"line":7,"column":8},"end":{"line":7,"column":23}},"4":{"start":{"line":8,"column":8},"end":{"line":8,"column":29}},"5":{"start":{"line":12,"column":22},"end":{"line":12,"column":121}},"6":{"start":{"line":13,"column":8},"end":{"line":13,"column":34}},"7":{"start":{"line":14,"column":8},"end":{"line":14,"column":47}},"8":{"start":{"line":17,"column":25},"end":{"line":17,"column":102}},"9":{"start":{"line":18,"column":8},"end":{"line":18,"column":30}},"10":{"start":{"line":19,"column":8},"end":{"line":19,"column":65}},"11":{"start":{"line":19,"column":36},"end":{"line":19,"column":61}},"12":{"start":{"line":20,"column":8},"end":{"line":20,"column":48}},"13":{"start":{"line":20,"column":28},"end":{"line":20,"column":46}},"14":{"start":{"line":23,"column":0},"end":{"line":23,"column":66}}},"fnMap":{"0":{"name":"(anonymous_0)","decl":{"start":{"line":6,"column":4},"end":{"line":6,"column":5}},"loc":{"start":{"line":6,"column":29},"end":{"line":9,"column":5}},"line":6},"1":{"name":"(anonymous_1)","decl":{"start":{"line":10,"column":4},"end":{"line":10,"column":5}},"loc":{"start":{"line":10,"column":31},"end":{"line":15,"column":5}},"line":10},"2":{"name":"(anonymous_2)","decl":{"start":{"line":16,"column":4},"end":{"line":16,"column":5}},"loc":{"start":{"line":16,"column":38},"end":{"line":21,"column":5}},"line":16},"3":{"name":"(anonymous_3)","decl":{"start":{"line":19,"column":23},"end":{"line":19,"column":24}},"loc":{"start":{"line":19,"column":34},"end":{"line":19,"column":63}},"line":19},"4":{"name":"(anonymous_4)","decl":{"start":{"line":20,"column":22},"end":{"line":20,"column":23}},"loc":{"start":{"line":20,"column":28},"end":{"line":20,"column":46}},"line":20}},"branchMap":{"0":{"loc":{"start":{"line":12,"column":22},"end":{"line":12,"column":121}},"type":"cond-expr","locations":[{"start":{"line":12,"column":46},"end":{"line":12,"column":107}},{"start":{"line":12,"column":110},"end":{"line":12,"column":121}}],"line":12}},"s":{"0":1,"1":1,"2":1,"3":4,"4":4,"5":4,"6":4,"7":4,"8":4,"9":4,"10":4,"11":1,"12":4,"13":1,"14":1},"f":{"0":4,"1":4,"2":4,"3":1,"4":1},"b":{"0":[1,3]},"_coverageSchema":"332fd63041d2c1bcb487cc26dd0d5f7d97098a6c","hash":"3cf1792b7a62e4e16cf9514d4daa1d4191d28de8"},"C:\\Users\\chadc\\Documents\\git-projects\\infusion\\dist\\src\\infusion-server\\domain-services\\event-handlers\\infusion-request-handler.js":{"path":"C:\\Users\\chadc\\Documents\\git-projects\\infusion\\dist\\src\\infusion-server\\domain-services\\event-handlers\\infusion-request-handler.js","statementMap":{"0":{"start":{"line":2,"column":0},"end":{"line":2,"column":62}},"1":{"start":{"line":5,"column":8},"end":{"line":5,"column":35}},"2":{"start":{"line":6,"column":8},"end":{"line":6,"column":23}},"3":{"start":{"line":7,"column":8},"end":{"line":7,"column":23}},"4":{"start":{"line":8,"column":8},"end":{"line":8,"column":31}},"5":{"start":{"line":9,"column":8},"end":{"line":9,"column":39}},"6":{"start":{"line":12,"column":8},"end":{"line":12,"column":34}},"7":{"start":{"line":13,"column":8},"end":{"line":13,"column":43}},"8":{"start":{"line":16,"column":8},"end":{"line":16,"column":60}},"9":{"start":{"line":19,"column":8},"end":{"line":29,"column":9}},"10":{"start":{"line":20,"column":28},"end":{"line":20,"column":37}},"11":{"start":{"line":21,"column":12},"end":{"line":24,"column":15}},"12":{"start":{"line":22,"column":35},"end":{"line":22,"column":53}},"13":{"start":{"line":23,"column":16},"end":{"line":23,"column":75}},"14":{"start":{"line":25,"column":12},"end":{"line":25,"column":29}},"15":{"start":{"line":28,"column":12},"end":{"line":28,"column":29}},"16":{"start":{"line":32,"column":8},"end":{"line":32,"column":48}},"17":{"start":{"line":33,"column":8},"end":{"line":33,"column":58}},"18":{"start":{"line":34,"column":8},"end":{"line":34,"column":91}},"19":{"start":{"line":35,"column":8},"end":{"line":35,"column":54}},"20":{"start":{"line":36,"column":24},"end":{"line":36,"column":55}},"21":{"start":{"line":37,"column":8},"end":{"line":37,"column":72}},"22":{"start":{"line":40,"column":0},"end":{"line":40,"column":56}}},"fnMap":{"0":{"name":"(anonymous_0)","decl":{"start":{"line":4,"column":4},"end":{"line":4,"column":5}},"loc":{"start":{"line":4,"column":35},"end":{"line":10,"column":5}},"line":4},"1":{"name":"(anonymous_1)","decl":{"start":{"line":11,"column":4},"end":{"line":11,"column":5}},"loc":{"start":{"line":11,"column":18},"end":{"line":14,"column":5}},"line":11},"2":{"name":"(anonymous_2)","decl":{"start":{"line":15,"column":4},"end":{"line":15,"column":5}},"loc":{"start":{"line":15,"column":12},"end":{"line":17,"column":5}},"line":15},"3":{"name":"(anonymous_3)","decl":{"start":{"line":18,"column":4},"end":{"line":18,"column":5}},"loc":{"start":{"line":18,"column":31},"end":{"line":30,"column":5}},"line":18},"4":{"name":"(anonymous_4)","decl":{"start":{"line":21,"column":53},"end":{"line":21,"column":54}},"loc":{"start":{"line":21,"column":64},"end":{"line":24,"column":13}},"line":21},"5":{"name":"(anonymous_5)","decl":{"start":{"line":31,"column":4},"end":{"line":31,"column":5}},"loc":{"start":{"line":31,"column":41},"end":{"line":38,"column":5}},"line":31}},"branchMap":{"0":{"loc":{"start":{"line":34,"column":40},"end":{"line":34,"column":90}},"type":"cond-expr","locations":[{"start":{"line":34,"column":74},"end":{"line":34,"column":81}},{"start":{"line":34,"column":84},"end":{"line":34,"column":90}}],"line":34}},"s":{"0":1,"1":8,"2":8,"3":8,"4":8,"5":8,"6":3,"7":3,"8":4,"9":3,"10":3,"11":3,"12":2,"13":2,"14":1,"15":2,"16":4,"17":4,"18":3,"19":3,"20":3,"21":3,"22":1},"f":{"0":8,"1":3,"2":4,"3":3,"4":2,"5":4},"b":{"0":[1,2]},"_coverageSchema":"332fd63041d2c1bcb487cc26dd0d5f7d97098a6c","hash":"9fd8b70e668a892a4fe3652237b97e06b02979ed"},"C:\\Users\\chadc\\Documents\\git-projects\\infusion\\dist\\src\\infusion-server\\domain-services\\event-handlers\\infusion-proxy-response-handler.js":{"path":"C:\\Users\\chadc\\Documents\\git-projects\\infusion\\dist\\src\\infusion-server\\domain-services\\event-handlers\\infusion-proxy-response-handler.js","statementMap":{"0":{"start":{"line":2,"column":0},"end":{"line":2,"column":62}},"1":{"start":{"line":3,"column":13},"end":{"line":3,"column":28}},"2":{"start":{"line":4,"column":36},"end":{"line":4,"column":74}},"3":{"start":{"line":7,"column":8},"end":{"line":7,"column":23}},"4":{"start":{"line":10,"column":22},"end":{"line":10,"column":33}},"5":{"start":{"line":12,"column":8},"end":{"line":14,"column":9}},"6":{"start":{"line":13,"column":12},"end":{"line":13,"column":96}},"7":{"start":{"line":15,"column":25},"end":{"line":15,"column":114}},"8":{"start":{"line":16,"column":23},"end":{"line":16,"column":59}},"9":{"start":{"line":28,"column":8},"end":{"line":30,"column":11}},"10":{"start":{"line":29,"column":12},"end":{"line":29,"column":37}},"11":{"start":{"line":31,"column":8},"end":{"line":33,"column":11}},"12":{"start":{"line":32,"column":12},"end":{"line":32,"column":31}},"13":{"start":{"line":36,"column":0},"end":{"line":36,"column":68}}},"fnMap":{"0":{"name":"(anonymous_0)","decl":{"start":{"line":6,"column":4},"end":{"line":6,"column":5}},"loc":{"start":{"line":6,"column":21},"end":{"line":8,"column":5}},"line":6},"1":{"name":"(anonymous_1)","decl":{"start":{"line":9,"column":4},"end":{"line":9,"column":5}},"loc":{"start":{"line":9,"column":31},"end":{"line":34,"column":5}},"line":9},"2":{"name":"(anonymous_2)","decl":{"start":{"line":28,"column":26},"end":{"line":28,"column":27}},"loc":{"start":{"line":28,"column":37},"end":{"line":30,"column":9}},"line":28},"3":{"name":"(anonymous_3)","decl":{"start":{"line":31,"column":25},"end":{"line":31,"column":26}},"loc":{"start":{"line":31,"column":31},"end":{"line":33,"column":9}},"line":31}},"branchMap":{"0":{"loc":{"start":{"line":12,"column":8},"end":{"line":14,"column":9}},"type":"if","locations":[{"start":{"line":12,"column":8},"end":{"line":14,"column":9}},{"start":{"line":12,"column":8},"end":{"line":14,"column":9}}],"line":12}},"s":{"0":1,"1":1,"2":1,"3":3,"4":3,"5":3,"6":1,"7":2,"8":2,"9":2,"10":1,"11":2,"12":1,"13":1},"f":{"0":3,"1":3,"2":1,"3":1},"b":{"0":[1,2]},"_coverageSchema":"332fd63041d2c1bcb487cc26dd0d5f7d97098a6c","hash":"6745a8f9e9e7acd451da16a667058ab16d6fb96d"},"C:\\Users\\chadc\\Documents\\git-projects\\infusion\\dist\\src\\infusion-server\\domain-services\\event-handlers\\infusion-response-handler.js":{"path":"C:\\Users\\chadc\\Documents\\git-projects\\infusion\\dist\\src\\infusion-server\\domain-services\\event-handlers\\infusion-response-handler.js","statementMap":{"0":{"start":{"line":2,"column":0},"end":{"line":2,"column":62}},"1":{"start":{"line":5,"column":8},"end":{"line":5,"column":23}},"2":{"start":{"line":6,"column":8},"end":{"line":6,"column":31}},"3":{"start":{"line":7,"column":8},"end":{"line":7,"column":33}},"4":{"start":{"line":8,"column":8},"end":{"line":8,"column":40}},"5":{"start":{"line":9,"column":8},"end":{"line":9,"column":23}},"6":{"start":{"line":12,"column":8},"end":{"line":12,"column":61}},"7":{"start":{"line":15,"column":8},"end":{"line":15,"column":68}},"8":{"start":{"line":16,"column":8},"end":{"line":16,"column":62}},"9":{"start":{"line":19,"column":0},"end":{"line":19,"column":58}}},"fnMap":{"0":{"name":"(anonymous_0)","decl":{"start":{"line":4,"column":4},"end":{"line":4,"column":5}},"loc":{"start":{"line":4,"column":45},"end":{"line":10,"column":5}},"line":4},"1":{"name":"(anonymous_1)","decl":{"start":{"line":11,"column":4},"end":{"line":11,"column":5}},"loc":{"start":{"line":11,"column":18},"end":{"line":13,"column":5}},"line":11},"2":{"name":"(anonymous_2)","decl":{"start":{"line":14,"column":4},"end":{"line":14,"column":5}},"loc":{"start":{"line":14,"column":12},"end":{"line":17,"column":5}},"line":14}},"branchMap":{},"s":{"0":1,"1":3,"2":3,"3":3,"4":3,"5":3,"6":1,"7":1,"8":1,"9":1},"f":{"0":3,"1":1,"2":1},"b":{},"_coverageSchema":"332fd63041d2c1bcb487cc26dd0d5f7d97098a6c","hash":"e11f756297ce5199377637f4ba61ac414965106b"},"C:\\Users\\chadc\\Documents\\git-projects\\infusion\\dist\\src\\infusion-server\\domain-services\\event-handlers\\infusion-error-handler.js":{"path":"C:\\Users\\chadc\\Documents\\git-projects\\infusion\\dist\\src\\infusion-server\\domain-services\\event-handlers\\infusion-error-handler.js","statementMap":{"0":{"start":{"line":2,"column":0},"end":{"line":2,"column":62}},"1":{"start":{"line":5,"column":8},"end":{"line":5,"column":23}},"2":{"start":{"line":8,"column":8},"end":{"line":8,"column":61}},"3":{"start":{"line":9,"column":8},"end":{"line":9,"column":48}},"4":{"start":{"line":12,"column":0},"end":{"line":12,"column":52}}},"fnMap":{"0":{"name":"(anonymous_0)","decl":{"start":{"line":4,"column":4},"end":{"line":4,"column":5}},"loc":{"start":{"line":4,"column":21},"end":{"line":6,"column":5}},"line":4},"1":{"name":"(anonymous_1)","decl":{"start":{"line":7,"column":4},"end":{"line":7,"column":5}},"loc":{"start":{"line":7,"column":26},"end":{"line":10,"column":5}},"line":7}},"branchMap":{},"s":{"0":1,"1":1,"2":1,"3":1,"4":1},"f":{"0":1,"1":1},"b":{},"_coverageSchema":"332fd63041d2c1bcb487cc26dd0d5f7d97098a6c","hash":"7983aeaf469f0018fdf6b37943d6b652d5e2d488"},"C:\\Users\\chadc\\Documents\\git-projects\\infusion\\dist\\src\\infusion-server\\domain-services\\event-handlers\\infusion-path-rewrite-handler.js":{"path":"C:\\Users\\chadc\\Documents\\git-projects\\infusion\\dist\\src\\infusion-server\\domain-services\\event-handlers\\infusion-path-rewrite-handler.js","statementMap":{"0":{"start":{"line":2,"column":0},"end":{"line":2,"column":62}},"1":{"start":{"line":5,"column":8},"end":{"line":5,"column":23}},"2":{"start":{"line":13,"column":0},"end":{"line":13,"column":64}}},"fnMap":{"0":{"name":"(anonymous_0)","decl":{"start":{"line":4,"column":4},"end":{"line":4,"column":5}},"loc":{"start":{"line":4,"column":21},"end":{"line":6,"column":5}},"line":4}},"branchMap":{},"s":{"0":1,"1":1,"2":1},"f":{"0":1},"b":{},"_coverageSchema":"332fd63041d2c1bcb487cc26dd0d5f7d97098a6c","hash":"31dc877a1aa79afacbe066aae52c3296a77ac5f0"},"C:\\Users\\chadc\\Documents\\git-projects\\infusion\\dist\\src\\winston-logger.js":{"path":"C:\\Users\\chadc\\Documents\\git-projects\\infusion\\dist\\src\\winston-logger.js","statementMap":{"0":{"start":{"line":2,"column":0},"end":{"line":2,"column":62}},"1":{"start":{"line":3,"column":16},"end":{"line":3,"column":34}},"2":{"start":{"line":43,"column":0},"end":{"line":43,"column":32}}},"fnMap":{},"branchMap":{},"s":{"0":1,"1":1,"2":1},"f":{},"b":{},"_coverageSchema":"332fd63041d2c1bcb487cc26dd0d5f7d97098a6c","hash":"dbd0c972242825fdac3df2c28ec413d833dae335"},"C:\\Users\\chadc\\Documents\\git-projects\\infusion\\dist\\src\\infusion-server\\application-services\\tests\\markup-modifier-test.js":{"path":"C:\\Users\\chadc\\Documents\\git-projects\\infusion\\dist\\src\\infusion-server\\application-services\\tests\\markup-modifier-test.js","statementMap":{"0":{"start":{"line":2,"column":17},"end":{"line":7,"column":1}},"1":{"start":{"line":3,"column":12},"end":{"line":3,"column":28}},"2":{"start":{"line":3,"column":34},"end":{"line":3,"column":125}},"3":{"start":{"line":4,"column":4},"end":{"line":5,"column":150}},"4":{"start":{"line":4,"column":79},"end":{"line":4,"column":131}},"5":{"start":{"line":5,"column":9},"end":{"line":5,"column":150}},"6":{"start":{"line":5,"column":58},"end":{"line":5,"column":150}},"7":{"start":{"line":5,"column":81},"end":{"line":5,"column":150}},"8":{"start":{"line":6,"column":4},"end":{"line":6,"column":66}},"9":{"start":{"line":8,"column":17},"end":{"line":10,"column":1}},"10":{"start":{"line":9,"column":4},"end":{"line":9,"column":109}},"11":{"start":{"line":9,"column":79},"end":{"line":9,"column":109}},"12":{"start":{"line":11,"column":0},"end":{"line":11,"column":62}},"13":{"start":{"line":12,"column":32},"end":{"line":12,"column":77}},"14":{"start":{"line":13,"column":26},"end":{"line":13,"column":55}},"15":{"start":{"line":14,"column":33},"end":{"line":14,"column":79}},"16":{"start":{"line":15,"column":27},"end":{"line":15,"column":67}},"17":{"start":{"line":16,"column":25},"end":{"line":16,"column":59}},"18":{"start":{"line":17,"column":27},"end":{"line":17,"column":54}},"19":{"start":{"line":18,"column":15},"end":{"line":18,"column":30}},"20":{"start":{"line":19,"column":25},"end":{"line":51,"column":1}},"21":{"start":{"line":21,"column":8},"end":{"line":21,"column":24}},"22":{"start":{"line":22,"column":8},"end":{"line":22,"column":53}},"23":{"start":{"line":23,"column":8},"end":{"line":23,"column":82}},"24":{"start":{"line":24,"column":8},"end":{"line":24,"column":100}},"25":{"start":{"line":25,"column":8},"end":{"line":25,"column":77}},"26":{"start":{"line":26,"column":8},"end":{"line":26,"column":34}},"27":{"start":{"line":27,"column":8},"end":{"line":27,"column":33}},"28":{"start":{"line":28,"column":8},"end":{"line":28,"column":48}},"29":{"start":{"line":29,"column":8},"end":{"line":29,"column":43}},"30":{"start":{"line":32,"column":8},"end":{"line":32,"column":37}},"31":{"start":{"line":33,"column":8},"end":{"line":33,"column":79}},"32":{"start":{"line":36,"column":8},"end":{"line":36,"column":36}},"33":{"start":{"line":37,"column":8},"end":{"line":37,"column":79}},"34":{"start":{"line":40,"column":8},"end":{"line":43,"column":10}},"35":{"start":{"line":46,"column":8},"end":{"line":49,"column":10}},"36":{"start":{"line":52,"column":0},"end":{"line":57,"column":69}},"37":{"start":{"line":58,"column":0},"end":{"line":63,"column":68}},"38":{"start":{"line":64,"column":0},"end":{"line":66,"column":23}}},"fnMap":{"0":{"name":"(anonymous_0)","decl":{"start":{"line":2,"column":46},"end":{"line":2,"column":47}},"loc":{"start":{"line":2,"column":87},"end":{"line":7,"column":1}},"line":2},"1":{"name":"(anonymous_1)","decl":{"start":{"line":8,"column":46},"end":{"line":8,"column":47}},"loc":{"start":{"line":8,"column":62},"end":{"line":10,"column":1}},"line":8},"2":{"name":"(anonymous_2)","decl":{"start":{"line":20,"column":4},"end":{"line":20,"column":5}},"loc":{"start":{"line":20,"column":13},"end":{"line":30,"column":5}},"line":20},"3":{"name":"(anonymous_3)","decl":{"start":{"line":31,"column":4},"end":{"line":31,"column":5}},"loc":{"start":{"line":31,"column":33},"end":{"line":34,"column":5}},"line":31},"4":{"name":"(anonymous_4)","decl":{"start":{"line":35,"column":4},"end":{"line":35,"column":5}},"loc":{"start":{"line":35,"column":32},"end":{"line":38,"column":5}},"line":35},"5":{"name":"(anonymous_5)","decl":{"start":{"line":39,"column":4},"end":{"line":39,"column":5}},"loc":{"start":{"line":39,"column":28},"end":{"line":44,"column":5}},"line":39},"6":{"name":"(anonymous_6)","decl":{"start":{"line":45,"column":4},"end":{"line":45,"column":5}},"loc":{"start":{"line":45,"column":27},"end":{"line":50,"column":5}},"line":45}},"branchMap":{"0":{"loc":{"start":{"line":2,"column":17},"end":{"line":7,"column":1}},"type":"binary-expr","locations":[{"start":{"line":2,"column":18},"end":{"line":2,"column":22}},{"start":{"line":2,"column":26},"end":{"line":2,"column":41}},{"start":{"line":2,"column":46},"end":{"line":7,"column":1}}],"line":2},"1":{"loc":{"start":{"line":3,"column":34},"end":{"line":3,"column":125}},"type":"cond-expr","locations":[{"start":{"line":3,"column":42},"end":{"line":3,"column":48}},{"start":{"line":3,"column":51},"end":{"line":3,"column":125}}],"line":3},"2":{"loc":{"start":{"line":3,"column":51},"end":{"line":3,"column":125}},"type":"cond-expr","locations":[{"start":{"line":3,"column":67},"end":{"line":3,"column":118}},{"start":{"line":3,"column":121},"end":{"line":3,"column":125}}],"line":3},"3":{"loc":{"start":{"line":4,"column":4},"end":{"line":5,"column":150}},"type":"if","locations":[{"start":{"line":4,"column":4},"end":{"line":5,"column":150}},{"start":{"line":4,"column":4},"end":{"line":5,"column":150}}],"line":4},"4":{"loc":{"start":{"line":4,"column":8},"end":{"line":4,"column":77}},"type":"binary-expr","locations":[{"start":{"line":4,"column":8},"end":{"line":4,"column":35}},{"start":{"line":4,"column":39},"end":{"line":4,"column":77}}],"line":4},"5":{"loc":{"start":{"line":5,"column":58},"end":{"line":5,"column":150}},"type":"if","locations":[{"start":{"line":5,"column":58},"end":{"line":5,"column":150}},{"start":{"line":5,"column":58},"end":{"line":5,"column":150}}],"line":5},"6":{"loc":{"start":{"line":5,"column":85},"end":{"line":5,"column":149}},"type":"binary-expr","locations":[{"start":{"line":5,"column":86},"end":{"line":5,"column":143}},{"start":{"line":5,"column":148},"end":{"line":5,"column":149}}],"line":5},"7":{"loc":{"start":{"line":5,"column":86},"end":{"line":5,"column":143}},"type":"cond-expr","locations":[{"start":{"line":5,"column":94},"end":{"line":5,"column":98}},{"start":{"line":5,"column":101},"end":{"line":5,"column":143}}],"line":5},"8":{"loc":{"start":{"line":5,"column":101},"end":{"line":5,"column":143}},"type":"cond-expr","locations":[{"start":{"line":5,"column":109},"end":{"line":5,"column":126}},{"start":{"line":5,"column":129},"end":{"line":5,"column":143}}],"line":5},"9":{"loc":{"start":{"line":6,"column":11},"end":{"line":6,"column":62}},"type":"binary-expr","locations":[{"start":{"line":6,"column":11},"end":{"line":6,"column":16}},{"start":{"line":6,"column":20},"end":{"line":6,"column":21}},{"start":{"line":6,"column":25},"end":{"line":6,"column":62}}],"line":6},"10":{"loc":{"start":{"line":8,"column":17},"end":{"line":10,"column":1}},"type":"binary-expr","locations":[{"start":{"line":8,"column":18},"end":{"line":8,"column":22}},{"start":{"line":8,"column":26},"end":{"line":8,"column":41}},{"start":{"line":8,"column":46},"end":{"line":10,"column":1}}],"line":8},"11":{"loc":{"start":{"line":9,"column":4},"end":{"line":9,"column":109}},"type":"if","locations":[{"start":{"line":9,"column":4},"end":{"line":9,"column":109}},{"start":{"line":9,"column":4},"end":{"line":9,"column":109}}],"line":9},"12":{"loc":{"start":{"line":9,"column":8},"end":{"line":9,"column":77}},"type":"binary-expr","locations":[{"start":{"line":9,"column":8},"end":{"line":9,"column":35}},{"start":{"line":9,"column":39},"end":{"line":9,"column":77}}],"line":9}},"s":{"0":1,"1":3,"2":3,"3":3,"4":0,"5":3,"6":9,"7":3,"8":3,"9":1,"10":6,"11":0,"12":1,"13":1,"14":1,"15":1,"16":1,"17":1,"18":1,"19":1,"20":1,"21":2,"22":2,"23":2,"24":2,"25":2,"26":2,"27":2,"28":2,"29":2,"30":1,"31":1,"32":1,"33":1,"34":1,"35":1,"36":1,"37":1,"38":1},"f":{"0":3,"1":6,"2":2,"3":1,"4":1,"5":1,"6":1},"b":{"0":[1,1,1],"1":[1,2],"2":[2,0],"3":[0,3],"4":[3,3],"5":[3,6],"6":[3,3],"7":[1,2],"8":[2,0],"9":[3,2,2],"10":[1,1,1],"11":[0,6],"12":[6,6]},"_coverageSchema":"332fd63041d2c1bcb487cc26dd0d5f7d97098a6c","hash":"183239e2cc7732bc94f6015e6b4a7d0aa13d6dc2"},"C:\\Users\\chadc\\Documents\\git-projects\\infusion\\dist\\src\\infusion-server\\domain\\tests\\infusion-context-test.js":{"path":"C:\\Users\\chadc\\Documents\\git-projects\\infusion\\dist\\src\\infusion-server\\domain\\tests\\infusion-context-test.js","statementMap":{"0":{"start":{"line":2,"column":17},"end":{"line":7,"column":1}},"1":{"start":{"line":3,"column":12},"end":{"line":3,"column":28}},"2":{"start":{"line":3,"column":34},"end":{"line":3,"column":125}},"3":{"start":{"line":4,"column":4},"end":{"line":5,"column":150}},"4":{"start":{"line":4,"column":79},"end":{"line":4,"column":131}},"5":{"start":{"line":5,"column":9},"end":{"line":5,"column":150}},"6":{"start":{"line":5,"column":58},"end":{"line":5,"column":150}},"7":{"start":{"line":5,"column":81},"end":{"line":5,"column":150}},"8":{"start":{"line":6,"column":4},"end":{"line":6,"column":66}},"9":{"start":{"line":8,"column":17},"end":{"line":10,"column":1}},"10":{"start":{"line":9,"column":4},"end":{"line":9,"column":109}},"11":{"start":{"line":9,"column":79},"end":{"line":9,"column":109}},"12":{"start":{"line":11,"column":0},"end":{"line":11,"column":62}},"13":{"start":{"line":12,"column":33},"end":{"line":12,"column":69}},"14":{"start":{"line":13,"column":27},"end":{"line":13,"column":57}},"15":{"start":{"line":14,"column":25},"end":{"line":14,"column":59}},"16":{"start":{"line":15,"column":27},"end":{"line":15,"column":54}},"17":{"start":{"line":16,"column":15},"end":{"line":16,"column":30}},"18":{"start":{"line":17,"column":28},"end":{"line":27,"column":1}},"19":{"start":{"line":19,"column":8},"end":{"line":19,"column":24}},"20":{"start":{"line":20,"column":8},"end":{"line":20,"column":53}},"21":{"start":{"line":21,"column":8},"end":{"line":21,"column":82}},"22":{"start":{"line":22,"column":8},"end":{"line":22,"column":100}},"23":{"start":{"line":25,"column":8},"end":{"line":25,"column":40}},"24":{"start":{"line":28,"column":0},"end":{"line":33,"column":81}},"25":{"start":{"line":34,"column":0},"end":{"line":36,"column":26}}},"fnMap":{"0":{"name":"(anonymous_0)","decl":{"start":{"line":2,"column":46},"end":{"line":2,"column":47}},"loc":{"start":{"line":2,"column":87},"end":{"line":7,"column":1}},"line":2},"1":{"name":"(anonymous_1)","decl":{"start":{"line":8,"column":46},"end":{"line":8,"column":47}},"loc":{"start":{"line":8,"column":62},"end":{"line":10,"column":1}},"line":8},"2":{"name":"(anonymous_2)","decl":{"start":{"line":18,"column":4},"end":{"line":18,"column":5}},"loc":{"start":{"line":18,"column":13},"end":{"line":23,"column":5}},"line":18},"3":{"name":"(anonymous_3)","decl":{"start":{"line":24,"column":4},"end":{"line":24,"column":5}},"loc":{"start":{"line":24,"column":42},"end":{"line":26,"column":5}},"line":24}},"branchMap":{"0":{"loc":{"start":{"line":2,"column":17},"end":{"line":7,"column":1}},"type":"binary-expr","locations":[{"start":{"line":2,"column":18},"end":{"line":2,"column":22}},{"start":{"line":2,"column":26},"end":{"line":2,"column":41}},{"start":{"line":2,"column":46},"end":{"line":7,"column":1}}],"line":2},"1":{"loc":{"start":{"line":3,"column":34},"end":{"line":3,"column":125}},"type":"cond-expr","locations":[{"start":{"line":3,"column":42},"end":{"line":3,"column":48}},{"start":{"line":3,"column":51},"end":{"line":3,"column":125}}],"line":3},"2":{"loc":{"start":{"line":3,"column":51},"end":{"line":3,"column":125}},"type":"cond-expr","locations":[{"start":{"line":3,"column":67},"end":{"line":3,"column":118}},{"start":{"line":3,"column":121},"end":{"line":3,"column":125}}],"line":3},"3":{"loc":{"start":{"line":4,"column":4},"end":{"line":5,"column":150}},"type":"if","locations":[{"start":{"line":4,"column":4},"end":{"line":5,"column":150}},{"start":{"line":4,"column":4},"end":{"line":5,"column":150}}],"line":4},"4":{"loc":{"start":{"line":4,"column":8},"end":{"line":4,"column":77}},"type":"binary-expr","locations":[{"start":{"line":4,"column":8},"end":{"line":4,"column":35}},{"start":{"line":4,"column":39},"end":{"line":4,"column":77}}],"line":4},"5":{"loc":{"start":{"line":5,"column":58},"end":{"line":5,"column":150}},"type":"if","locations":[{"start":{"line":5,"column":58},"end":{"line":5,"column":150}},{"start":{"line":5,"column":58},"end":{"line":5,"column":150}}],"line":5},"6":{"loc":{"start":{"line":5,"column":85},"end":{"line":5,"column":149}},"type":"binary-expr","locations":[{"start":{"line":5,"column":86},"end":{"line":5,"column":143}},{"start":{"line":5,"column":148},"end":{"line":5,"column":149}}],"line":5},"7":{"loc":{"start":{"line":5,"column":86},"end":{"line":5,"column":143}},"type":"cond-expr","locations":[{"start":{"line":5,"column":94},"end":{"line":5,"column":98}},{"start":{"line":5,"column":101},"end":{"line":5,"column":143}}],"line":5},"8":{"loc":{"start":{"line":5,"column":101},"end":{"line":5,"column":143}},"type":"cond-expr","locations":[{"start":{"line":5,"column":109},"end":{"line":5,"column":126}},{"start":{"line":5,"column":129},"end":{"line":5,"column":143}}],"line":5},"9":{"loc":{"start":{"line":6,"column":11},"end":{"line":6,"column":62}},"type":"binary-expr","locations":[{"start":{"line":6,"column":11},"end":{"line":6,"column":16}},{"start":{"line":6,"column":20},"end":{"line":6,"column":21}},{"start":{"line":6,"column":25},"end":{"line":6,"column":62}}],"line":6},"10":{"loc":{"start":{"line":8,"column":17},"end":{"line":10,"column":1}},"type":"binary-expr","locations":[{"start":{"line":8,"column":18},"end":{"line":8,"column":22}},{"start":{"line":8,"column":26},"end":{"line":8,"column":41}},{"start":{"line":8,"column":46},"end":{"line":10,"column":1}}],"line":8},"11":{"loc":{"start":{"line":9,"column":4},"end":{"line":9,"column":109}},"type":"if","locations":[{"start":{"line":9,"column":4},"end":{"line":9,"column":109}},{"start":{"line":9,"column":4},"end":{"line":9,"column":109}}],"line":9},"12":{"loc":{"start":{"line":9,"column":8},"end":{"line":9,"column":77}},"type":"binary-expr","locations":[{"start":{"line":9,"column":8},"end":{"line":9,"column":35}},{"start":{"line":9,"column":39},"end":{"line":9,"column":77}}],"line":9}},"s":{"0":1,"1":2,"2":2,"3":2,"4":0,"5":2,"6":5,"7":2,"8":2,"9":1,"10":3,"11":0,"12":1,"13":1,"14":1,"15":1,"16":1,"17":1,"18":1,"19":1,"20":1,"21":1,"22":1,"23":1,"24":1,"25":1},"f":{"0":2,"1":3,"2":1,"3":1},"b":{"0":[1,1,1],"1":[1,1],"2":[1,0],"3":[0,2],"4":[2,2],"5":[2,3],"6":[2,2],"7":[1,1],"8":[1,0],"9":[2,1,1],"10":[1,1,1],"11":[0,3],"12":[3,3]},"_coverageSchema":"332fd63041d2c1bcb487cc26dd0d5f7d97098a6c","hash":"5be86fc67a1d5705e44c6198206e4e906537810e"},"C:\\Users\\chadc\\Documents\\git-projects\\infusion\\dist\\src\\infusion-server\\domain-services\\tests\\infusion-error-handler-test.js":{"path":"C:\\Users\\chadc\\Documents\\git-projects\\infusion\\dist\\src\\infusion-server\\domain-services\\tests\\infusion-error-handler-test.js","statementMap":{"0":{"start":{"line":2,"column":17},"end":{"line":7,"column":1}},"1":{"start":{"line":3,"column":12},"end":{"line":3,"column":28}},"2":{"start":{"line":3,"column":34},"end":{"line":3,"column":125}},"3":{"start":{"line":4,"column":4},"end":{"line":5,"column":150}},"4":{"start":{"line":4,"column":79},"end":{"line":4,"column":131}},"5":{"start":{"line":5,"column":9},"end":{"line":5,"column":150}},"6":{"start":{"line":5,"column":58},"end":{"line":5,"column":150}},"7":{"start":{"line":5,"column":81},"end":{"line":5,"column":150}},"8":{"start":{"line":6,"column":4},"end":{"line":6,"column":66}},"9":{"start":{"line":8,"column":17},"end":{"line":10,"column":1}},"10":{"start":{"line":9,"column":4},"end":{"line":9,"column":109}},"11":{"start":{"line":9,"column":79},"end":{"line":9,"column":109}},"12":{"start":{"line":11,"column":0},"end":{"line":11,"column":62}},"13":{"start":{"line":12,"column":33},"end":{"line":12,"column":84}},"14":{"start":{"line":13,"column":25},"end":{"line":13,"column":59}},"15":{"start":{"line":14,"column":27},"end":{"line":14,"column":54}},"16":{"start":{"line":15,"column":15},"end":{"line":15,"column":30}},"17":{"start":{"line":16,"column":31},"end":{"line":37,"column":1}},"18":{"start":{"line":18,"column":8},"end":{"line":18,"column":24}},"19":{"start":{"line":19,"column":8},"end":{"line":19,"column":53}},"20":{"start":{"line":20,"column":8},"end":{"line":20,"column":88}},"21":{"start":{"line":21,"column":8},"end":{"line":21,"column":45}},"22":{"start":{"line":22,"column":8},"end":{"line":22,"column":22}},"23":{"start":{"line":23,"column":8},"end":{"line":23,"column":22}},"24":{"start":{"line":26,"column":29},"end":{"line":26,"column":30}},"25":{"start":{"line":27,"column":30},"end":{"line":27,"column":32}},"26":{"start":{"line":28,"column":8},"end":{"line":28,"column":44}},"27":{"start":{"line":29,"column":8},"end":{"line":32,"column":10}},"28":{"start":{"line":30,"column":12},"end":{"line":30,"column":40}},"29":{"start":{"line":31,"column":12},"end":{"line":31,"column":42}},"30":{"start":{"line":33,"column":8},"end":{"line":33,"column":63}},"31":{"start":{"line":34,"column":8},"end":{"line":34,"column":41}},"32":{"start":{"line":35,"column":8},"end":{"line":35,"column":67}},"33":{"start":{"line":38,"column":0},"end":{"line":43,"column":72}},"34":{"start":{"line":44,"column":0},"end":{"line":46,"column":29}}},"fnMap":{"0":{"name":"(anonymous_0)","decl":{"start":{"line":2,"column":46},"end":{"line":2,"column":47}},"loc":{"start":{"line":2,"column":87},"end":{"line":7,"column":1}},"line":2},"1":{"name":"(anonymous_1)","decl":{"start":{"line":8,"column":46},"end":{"line":8,"column":47}},"loc":{"start":{"line":8,"column":62},"end":{"line":10,"column":1}},"line":8},"2":{"name":"(anonymous_2)","decl":{"start":{"line":17,"column":4},"end":{"line":17,"column":5}},"loc":{"start":{"line":17,"column":13},"end":{"line":24,"column":5}},"line":17},"3":{"name":"(anonymous_3)","decl":{"start":{"line":25,"column":4},"end":{"line":25,"column":5}},"loc":{"start":{"line":25,"column":30},"end":{"line":36,"column":5}},"line":25},"4":{"name":"(anonymous_4)","decl":{"start":{"line":28,"column":23},"end":{"line":28,"column":24}},"loc":{"start":{"line":28,"column":40},"end":{"line":28,"column":43}},"line":28},"5":{"name":"(anonymous_5)","decl":{"start":{"line":29,"column":29},"end":{"line":29,"column":30}},"loc":{"start":{"line":29,"column":58},"end":{"line":32,"column":9}},"line":29}},"branchMap":{"0":{"loc":{"start":{"line":2,"column":17},"end":{"line":7,"column":1}},"type":"binary-expr","locations":[{"start":{"line":2,"column":18},"end":{"line":2,"column":22}},{"start":{"line":2,"column":26},"end":{"line":2,"column":41}},{"start":{"line":2,"column":46},"end":{"line":7,"column":1}}],"line":2},"1":{"loc":{"start":{"line":3,"column":34},"end":{"line":3,"column":125}},"type":"cond-expr","locations":[{"start":{"line":3,"column":42},"end":{"line":3,"column":48}},{"start":{"line":3,"column":51},"end":{"line":3,"column":125}}],"line":3},"2":{"loc":{"start":{"line":3,"column":51},"end":{"line":3,"column":125}},"type":"cond-expr","locations":[{"start":{"line":3,"column":67},"end":{"line":3,"column":118}},{"start":{"line":3,"column":121},"end":{"line":3,"column":125}}],"line":3},"3":{"loc":{"start":{"line":4,"column":4},"end":{"line":5,"column":150}},"type":"if","locations":[{"start":{"line":4,"column":4},"end":{"line":5,"column":150}},{"start":{"line":4,"column":4},"end":{"line":5,"column":150}}],"line":4},"4":{"loc":{"start":{"line":4,"column":8},"end":{"line":4,"column":77}},"type":"binary-expr","locations":[{"start":{"line":4,"column":8},"end":{"line":4,"column":35}},{"start":{"line":4,"column":39},"end":{"line":4,"column":77}}],"line":4},"5":{"loc":{"start":{"line":5,"column":58},"end":{"line":5,"column":150}},"type":"if","locations":[{"start":{"line":5,"column":58},"end":{"line":5,"column":150}},{"start":{"line":5,"column":58},"end":{"line":5,"column":150}}],"line":5},"6":{"loc":{"start":{"line":5,"column":85},"end":{"line":5,"column":149}},"type":"binary-expr","locations":[{"start":{"line":5,"column":86},"end":{"line":5,"column":143}},{"start":{"line":5,"column":148},"end":{"line":5,"column":149}}],"line":5},"7":{"loc":{"start":{"line":5,"column":86},"end":{"line":5,"column":143}},"type":"cond-expr","locations":[{"start":{"line":5,"column":94},"end":{"line":5,"column":98}},{"start":{"line":5,"column":101},"end":{"line":5,"column":143}}],"line":5},"8":{"loc":{"start":{"line":5,"column":101},"end":{"line":5,"column":143}},"type":"cond-expr","locations":[{"start":{"line":5,"column":109},"end":{"line":5,"column":126}},{"start":{"line":5,"column":129},"end":{"line":5,"column":143}}],"line":5},"9":{"loc":{"start":{"line":6,"column":11},"end":{"line":6,"column":62}},"type":"binary-expr","locations":[{"start":{"line":6,"column":11},"end":{"line":6,"column":16}},{"start":{"line":6,"column":20},"end":{"line":6,"column":21}},{"start":{"line":6,"column":25},"end":{"line":6,"column":62}}],"line":6},"10":{"loc":{"start":{"line":8,"column":17},"end":{"line":10,"column":1}},"type":"binary-expr","locations":[{"start":{"line":8,"column":18},"end":{"line":8,"column":22}},{"start":{"line":8,"column":26},"end":{"line":8,"column":41}},{"start":{"line":8,"column":46},"end":{"line":10,"column":1}}],"line":8},"11":{"loc":{"start":{"line":9,"column":4},"end":{"line":9,"column":109}},"type":"if","locations":[{"start":{"line":9,"column":4},"end":{"line":9,"column":109}},{"start":{"line":9,"column":4},"end":{"line":9,"column":109}}],"line":9},"12":{"loc":{"start":{"line":9,"column":8},"end":{"line":9,"column":77}},"type":"binary-expr","locations":[{"start":{"line":9,"column":8},"end":{"line":9,"column":35}},{"start":{"line":9,"column":39},"end":{"line":9,"column":77}}],"line":9}},"s":{"0":1,"1":2,"2":2,"3":2,"4":0,"5":2,"6":5,"7":2,"8":2,"9":1,"10":3,"11":0,"12":1,"13":1,"14":1,"15":1,"16":1,"17":1,"18":1,"19":1,"20":1,"21":1,"22":1,"23":1,"24":1,"25":1,"26":1,"27":1,"28":1,"29":1,"30":1,"31":1,"32":1,"33":1,"34":1},"f":{"0":2,"1":3,"2":1,"3":1,"4":1,"5":1},"b":{"0":[1,1,1],"1":[1,1],"2":[1,0],"3":[0,2],"4":[2,2],"5":[2,3],"6":[2,2],"7":[1,1],"8":[1,0],"9":[2,1,1],"10":[1,1,1],"11":[0,3],"12":[3,3]},"_coverageSchema":"332fd63041d2c1bcb487cc26dd0d5f7d97098a6c","hash":"e3653336efcc90ebf4cfdd1cc7cbc26e3bf12e48"},"C:\\Users\\chadc\\Documents\\git-projects\\infusion\\dist\\src\\infusion-server\\domain-services\\tests\\infusion-path-rewrite-handler-test.js":{"path":"C:\\Users\\chadc\\Documents\\git-projects\\infusion\\dist\\src\\infusion-server\\domain-services\\tests\\infusion-path-rewrite-handler-test.js","statementMap":{"0":{"start":{"line":2,"column":17},"end":{"line":7,"column":1}},"1":{"start":{"line":3,"column":12},"end":{"line":3,"column":28}},"2":{"start":{"line":3,"column":34},"end":{"line":3,"column":125}},"3":{"start":{"line":4,"column":4},"end":{"line":5,"column":150}},"4":{"start":{"line":4,"column":79},"end":{"line":4,"column":131}},"5":{"start":{"line":5,"column":9},"end":{"line":5,"column":150}},"6":{"start":{"line":5,"column":58},"end":{"line":5,"column":150}},"7":{"start":{"line":5,"column":81},"end":{"line":5,"column":150}},"8":{"start":{"line":6,"column":4},"end":{"line":6,"column":66}},"9":{"start":{"line":8,"column":17},"end":{"line":10,"column":1}},"10":{"start":{"line":9,"column":4},"end":{"line":9,"column":109}},"11":{"start":{"line":9,"column":79},"end":{"line":9,"column":109}},"12":{"start":{"line":11,"column":0},"end":{"line":11,"column":62}},"13":{"start":{"line":12,"column":40},"end":{"line":12,"column":98}},"14":{"start":{"line":13,"column":25},"end":{"line":13,"column":59}},"15":{"start":{"line":14,"column":27},"end":{"line":14,"column":54}},"16":{"start":{"line":15,"column":15},"end":{"line":15,"column":30}},"17":{"start":{"line":16,"column":37},"end":{"line":27,"column":1}},"18":{"start":{"line":18,"column":8},"end":{"line":18,"column":24}},"19":{"start":{"line":19,"column":8},"end":{"line":19,"column":53}},"20":{"start":{"line":20,"column":8},"end":{"line":20,"column":107}},"21":{"start":{"line":21,"column":8},"end":{"line":21,"column":22}},"22":{"start":{"line":22,"column":8},"end":{"line":22,"column":22}},"23":{"start":{"line":25,"column":8},"end":{"line":25,"column":53}},"24":{"start":{"line":28,"column":0},"end":{"line":33,"column":59}},"25":{"start":{"line":34,"column":0},"end":{"line":36,"column":35}}},"fnMap":{"0":{"name":"(anonymous_0)","decl":{"start":{"line":2,"column":46},"end":{"line":2,"column":47}},"loc":{"start":{"line":2,"column":87},"end":{"line":7,"column":1}},"line":2},"1":{"name":"(anonymous_1)","decl":{"start":{"line":8,"column":46},"end":{"line":8,"column":47}},"loc":{"start":{"line":8,"column":62},"end":{"line":10,"column":1}},"line":8},"2":{"name":"(anonymous_2)","decl":{"start":{"line":17,"column":4},"end":{"line":17,"column":5}},"loc":{"start":{"line":17,"column":13},"end":{"line":23,"column":5}},"line":17},"3":{"name":"(anonymous_3)","decl":{"start":{"line":24,"column":4},"end":{"line":24,"column":5}},"loc":{"start":{"line":24,"column":11},"end":{"line":26,"column":5}},"line":24}},"branchMap":{"0":{"loc":{"start":{"line":2,"column":17},"end":{"line":7,"column":1}},"type":"binary-expr","locations":[{"start":{"line":2,"column":18},"end":{"line":2,"column":22}},{"start":{"line":2,"column":26},"end":{"line":2,"column":41}},{"start":{"line":2,"column":46},"end":{"line":7,"column":1}}],"line":2},"1":{"loc":{"start":{"line":3,"column":34},"end":{"line":3,"column":125}},"type":"cond-expr","locations":[{"start":{"line":3,"column":42},"end":{"line":3,"column":48}},{"start":{"line":3,"column":51},"end":{"line":3,"column":125}}],"line":3},"2":{"loc":{"start":{"line":3,"column":51},"end":{"line":3,"column":125}},"type":"cond-expr","locations":[{"start":{"line":3,"column":67},"end":{"line":3,"column":118}},{"start":{"line":3,"column":121},"end":{"line":3,"column":125}}],"line":3},"3":{"loc":{"start":{"line":4,"column":4},"end":{"line":5,"column":150}},"type":"if","locations":[{"start":{"line":4,"column":4},"end":{"line":5,"column":150}},{"start":{"line":4,"column":4},"end":{"line":5,"column":150}}],"line":4},"4":{"loc":{"start":{"line":4,"column":8},"end":{"line":4,"column":77}},"type":"binary-expr","locations":[{"start":{"line":4,"column":8},"end":{"line":4,"column":35}},{"start":{"line":4,"column":39},"end":{"line":4,"column":77}}],"line":4},"5":{"loc":{"start":{"line":5,"column":58},"end":{"line":5,"column":150}},"type":"if","locations":[{"start":{"line":5,"column":58},"end":{"line":5,"column":150}},{"start":{"line":5,"column":58},"end":{"line":5,"column":150}}],"line":5},"6":{"loc":{"start":{"line":5,"column":85},"end":{"line":5,"column":149}},"type":"binary-expr","locations":[{"start":{"line":5,"column":86},"end":{"line":5,"column":143}},{"start":{"line":5,"column":148},"end":{"line":5,"column":149}}],"line":5},"7":{"loc":{"start":{"line":5,"column":86},"end":{"line":5,"column":143}},"type":"cond-expr","locations":[{"start":{"line":5,"column":94},"end":{"line":5,"column":98}},{"start":{"line":5,"column":101},"end":{"line":5,"column":143}}],"line":5},"8":{"loc":{"start":{"line":5,"column":101},"end":{"line":5,"column":143}},"type":"cond-expr","locations":[{"start":{"line":5,"column":109},"end":{"line":5,"column":126}},{"start":{"line":5,"column":129},"end":{"line":5,"column":143}}],"line":5},"9":{"loc":{"start":{"line":6,"column":11},"end":{"line":6,"column":62}},"type":"binary-expr","locations":[{"start":{"line":6,"column":11},"end":{"line":6,"column":16}},{"start":{"line":6,"column":20},"end":{"line":6,"column":21}},{"start":{"line":6,"column":25},"end":{"line":6,"column":62}}],"line":6},"10":{"loc":{"start":{"line":8,"column":17},"end":{"line":10,"column":1}},"type":"binary-expr","locations":[{"start":{"line":8,"column":18},"end":{"line":8,"column":22}},{"start":{"line":8,"column":26},"end":{"line":8,"column":41}},{"start":{"line":8,"column":46},"end":{"line":10,"column":1}}],"line":8},"11":{"loc":{"start":{"line":9,"column":4},"end":{"line":9,"column":109}},"type":"if","locations":[{"start":{"line":9,"column":4},"end":{"line":9,"column":109}},{"start":{"line":9,"column":4},"end":{"line":9,"column":109}}],"line":9},"12":{"loc":{"start":{"line":9,"column":8},"end":{"line":9,"column":77}},"type":"binary-expr","locations":[{"start":{"line":9,"column":8},"end":{"line":9,"column":35}},{"start":{"line":9,"column":39},"end":{"line":9,"column":77}}],"line":9}},"s":{"0":1,"1":2,"2":2,"3":2,"4":0,"5":2,"6":5,"7":2,"8":2,"9":1,"10":3,"11":0,"12":1,"13":1,"14":1,"15":1,"16":1,"17":1,"18":1,"19":1,"20":1,"21":1,"22":1,"23":1,"24":1,"25":1},"f":{"0":2,"1":3,"2":1,"3":1},"b":{"0":[1,1,1],"1":[1,1],"2":[1,0],"3":[0,2],"4":[2,2],"5":[2,3],"6":[2,2],"7":[1,1],"8":[1,0],"9":[2,1,1],"10":[1,1,1],"11":[0,3],"12":[3,3]},"_coverageSchema":"332fd63041d2c1bcb487cc26dd0d5f7d97098a6c","hash":"f54ca9456d31797cd0511c25a56b05b86b4dfa97"},"C:\\Users\\chadc\\Documents\\git-projects\\infusion\\dist\\src\\infusion-server\\domain-services\\tests\\infusion-proxy-request-handler-test.js":{"path":"C:\\Users\\chadc\\Documents\\git-projects\\infusion\\dist\\src\\infusion-server\\domain-services\\tests\\infusion-proxy-request-handler-test.js","statementMap":{"0":{"start":{"line":2,"column":17},"end":{"line":7,"column":1}},"1":{"start":{"line":3,"column":12},"end":{"line":3,"column":28}},"2":{"start":{"line":3,"column":34},"end":{"line":3,"column":125}},"3":{"start":{"line":4,"column":4},"end":{"line":5,"column":150}},"4":{"start":{"line":4,"column":79},"end":{"line":4,"column":131}},"5":{"start":{"line":5,"column":9},"end":{"line":5,"column":150}},"6":{"start":{"line":5,"column":58},"end":{"line":5,"column":150}},"7":{"start":{"line":5,"column":81},"end":{"line":5,"column":150}},"8":{"start":{"line":6,"column":4},"end":{"line":6,"column":66}},"9":{"start":{"line":8,"column":17},"end":{"line":10,"column":1}},"10":{"start":{"line":9,"column":4},"end":{"line":9,"column":109}},"11":{"start":{"line":9,"column":79},"end":{"line":9,"column":109}},"12":{"start":{"line":11,"column":0},"end":{"line":11,"column":62}},"13":{"start":{"line":12,"column":27},"end":{"line":12,"column":67}},"14":{"start":{"line":13,"column":33},"end":{"line":13,"column":79}},"15":{"start":{"line":14,"column":41},"end":{"line":14,"column":100}},"16":{"start":{"line":15,"column":25},"end":{"line":15,"column":59}},"17":{"start":{"line":16,"column":27},"end":{"line":16,"column":54}},"18":{"start":{"line":17,"column":15},"end":{"line":17,"column":30}},"19":{"start":{"line":18,"column":38},"end":{"line":67,"column":1}},"20":{"start":{"line":20,"column":8},"end":{"line":20,"column":24}},"21":{"start":{"line":21,"column":8},"end":{"line":21,"column":53}},"22":{"start":{"line":22,"column":8},"end":{"line":22,"column":75}},"23":{"start":{"line":23,"column":8},"end":{"line":23,"column":123}},"24":{"start":{"line":24,"column":8},"end":{"line":24,"column":27}},"25":{"start":{"line":25,"column":8},"end":{"line":25,"column":22}},"26":{"start":{"line":26,"column":8},"end":{"line":26,"column":22}},"27":{"start":{"line":27,"column":8},"end":{"line":35,"column":10}},"28":{"start":{"line":28,"column":12},"end":{"line":28,"column":37}},"29":{"start":{"line":29,"column":12},"end":{"line":34,"column":13}},"30":{"start":{"line":30,"column":16},"end":{"line":30,"column":50}},"31":{"start":{"line":33,"column":16},"end":{"line":33,"column":49}},"32":{"start":{"line":38,"column":8},"end":{"line":38,"column":32}},"33":{"start":{"line":39,"column":8},"end":{"line":39,"column":75}},"34":{"start":{"line":40,"column":8},"end":{"line":40,"column":59}},"35":{"start":{"line":43,"column":8},"end":{"line":43,"column":89}},"36":{"start":{"line":44,"column":26},"end":{"line":44,"column":42}},"37":{"start":{"line":45,"column":8},"end":{"line":45,"column":75}},"38":{"start":{"line":46,"column":8},"end":{"line":46,"column":62}},"39":{"start":{"line":49,"column":8},"end":{"line":49,"column":89}},"40":{"start":{"line":50,"column":26},"end":{"line":50,"column":42}},"41":{"start":{"line":51,"column":8},"end":{"line":51,"column":75}},"42":{"start":{"line":52,"column":8},"end":{"line":52,"column":65}},"43":{"start":{"line":53,"column":8},"end":{"line":53,"column":39}},"44":{"start":{"line":56,"column":8},"end":{"line":56,"column":89}},"45":{"start":{"line":57,"column":26},"end":{"line":57,"column":42}},"46":{"start":{"line":58,"column":8},"end":{"line":58,"column":75}},"47":{"start":{"line":59,"column":8},"end":{"line":59,"column":64}},"48":{"start":{"line":60,"column":8},"end":{"line":65,"column":9}},"49":{"start":{"line":61,"column":12},"end":{"line":61,"column":36}},"50":{"start":{"line":68,"column":0},"end":{"line":73,"column":100}},"51":{"start":{"line":74,"column":0},"end":{"line":79,"column":95}},"52":{"start":{"line":80,"column":0},"end":{"line":85,"column":94}},"53":{"start":{"line":86,"column":0},"end":{"line":91,"column":93}},"54":{"start":{"line":92,"column":0},"end":{"line":94,"column":36}}},"fnMap":{"0":{"name":"(anonymous_0)","decl":{"start":{"line":2,"column":46},"end":{"line":2,"column":47}},"loc":{"start":{"line":2,"column":87},"end":{"line":7,"column":1}},"line":2},"1":{"name":"(anonymous_1)","decl":{"start":{"line":8,"column":46},"end":{"line":8,"column":47}},"loc":{"start":{"line":8,"column":62},"end":{"line":10,"column":1}},"line":8},"2":{"name":"(anonymous_2)","decl":{"start":{"line":19,"column":4},"end":{"line":19,"column":5}},"loc":{"start":{"line":19,"column":13},"end":{"line":36,"column":5}},"line":19},"3":{"name":"(anonymous_3)","decl":{"start":{"line":27,"column":22},"end":{"line":27,"column":23}},"loc":{"start":{"line":27,"column":43},"end":{"line":35,"column":9}},"line":27},"4":{"name":"(anonymous_4)","decl":{"start":{"line":37,"column":4},"end":{"line":37,"column":5}},"loc":{"start":{"line":37,"column":51},"end":{"line":41,"column":5}},"line":37},"5":{"name":"(anonymous_5)","decl":{"start":{"line":42,"column":4},"end":{"line":42,"column":5}},"loc":{"start":{"line":42,"column":46},"end":{"line":47,"column":5}},"line":42},"6":{"name":"(anonymous_6)","decl":{"start":{"line":48,"column":4},"end":{"line":48,"column":5}},"loc":{"start":{"line":48,"column":45},"end":{"line":54,"column":5}},"line":48},"7":{"name":"(anonymous_7)","decl":{"start":{"line":55,"column":4},"end":{"line":55,"column":5}},"loc":{"start":{"line":55,"column":44},"end":{"line":66,"column":5}},"line":55}},"branchMap":{"0":{"loc":{"start":{"line":2,"column":17},"end":{"line":7,"column":1}},"type":"binary-expr","locations":[{"start":{"line":2,"column":18},"end":{"line":2,"column":22}},{"start":{"line":2,"column":26},"end":{"line":2,"column":41}},{"start":{"line":2,"column":46},"end":{"line":7,"column":1}}],"line":2},"1":{"loc":{"start":{"line":3,"column":34},"end":{"line":3,"column":125}},"type":"cond-expr","locations":[{"start":{"line":3,"column":42},"end":{"line":3,"column":48}},{"start":{"line":3,"column":51},"end":{"line":3,"column":125}}],"line":3},"2":{"loc":{"start":{"line":3,"column":51},"end":{"line":3,"column":125}},"type":"cond-expr","locations":[{"start":{"line":3,"column":67},"end":{"line":3,"column":118}},{"start":{"line":3,"column":121},"end":{"line":3,"column":125}}],"line":3},"3":{"loc":{"start":{"line":4,"column":4},"end":{"line":5,"column":150}},"type":"if","locations":[{"start":{"line":4,"column":4},"end":{"line":5,"column":150}},{"start":{"line":4,"column":4},"end":{"line":5,"column":150}}],"line":4},"4":{"loc":{"start":{"line":4,"column":8},"end":{"line":4,"column":77}},"type":"binary-expr","locations":[{"start":{"line":4,"column":8},"end":{"line":4,"column":35}},{"start":{"line":4,"column":39},"end":{"line":4,"column":77}}],"line":4},"5":{"loc":{"start":{"line":5,"column":58},"end":{"line":5,"column":150}},"type":"if","locations":[{"start":{"line":5,"column":58},"end":{"line":5,"column":150}},{"start":{"line":5,"column":58},"end":{"line":5,"column":150}}],"line":5},"6":{"loc":{"start":{"line":5,"column":85},"end":{"line":5,"column":149}},"type":"binary-expr","locations":[{"start":{"line":5,"column":86},"end":{"line":5,"column":143}},{"start":{"line":5,"column":148},"end":{"line":5,"column":149}}],"line":5},"7":{"loc":{"start":{"line":5,"column":86},"end":{"line":5,"column":143}},"type":"cond-expr","locations":[{"start":{"line":5,"column":94},"end":{"line":5,"column":98}},{"start":{"line":5,"column":101},"end":{"line":5,"column":143}}],"line":5},"8":{"loc":{"start":{"line":5,"column":101},"end":{"line":5,"column":143}},"type":"cond-expr","locations":[{"start":{"line":5,"column":109},"end":{"line":5,"column":126}},{"start":{"line":5,"column":129},"end":{"line":5,"column":143}}],"line":5},"9":{"loc":{"start":{"line":6,"column":11},"end":{"line":6,"column":62}},"type":"binary-expr","locations":[{"start":{"line":6,"column":11},"end":{"line":6,"column":16}},{"start":{"line":6,"column":20},"end":{"line":6,"column":21}},{"start":{"line":6,"column":25},"end":{"line":6,"column":62}}],"line":6},"10":{"loc":{"start":{"line":8,"column":17},"end":{"line":10,"column":1}},"type":"binary-expr","locations":[{"start":{"line":8,"column":18},"end":{"line":8,"column":22}},{"start":{"line":8,"column":26},"end":{"line":8,"column":41}},{"start":{"line":8,"column":46},"end":{"line":10,"column":1}}],"line":8},"11":{"loc":{"start":{"line":9,"column":4},"end":{"line":9,"column":109}},"type":"if","locations":[{"start":{"line":9,"column":4},"end":{"line":9,"column":109}},{"start":{"line":9,"column":4},"end":{"line":9,"column":109}}],"line":9},"12":{"loc":{"start":{"line":9,"column":8},"end":{"line":9,"column":77}},"type":"binary-expr","locations":[{"start":{"line":9,"column":8},"end":{"line":9,"column":35}},{"start":{"line":9,"column":39},"end":{"line":9,"column":77}}],"line":9},"13":{"loc":{"start":{"line":29,"column":12},"end":{"line":34,"column":13}},"type":"if","locations":[{"start":{"line":29,"column":12},"end":{"line":34,"column":13}},{"start":{"line":29,"column":12},"end":{"line":34,"column":13}}],"line":29}},"s":{"0":1,"1":5,"2":5,"3":5,"4":0,"5":5,"6":17,"7":5,"8":5,"9":1,"10":12,"11":0,"12":1,"13":1,"14":1,"15":1,"16":1,"17":1,"18":1,"19":1,"20":4,"21":4,"22":4,"23":4,"24":4,"25":4,"26":4,"27":4,"28":8,"29":8,"30":4,"31":4,"32":1,"33":1,"34":1,"35":1,"36":1,"37":1,"38":1,"39":1,"40":1,"41":1,"42":1,"43":1,"44":1,"45":1,"46":1,"47":1,"48":1,"49":1,"50":1,"51":1,"52":1,"53":1,"54":1},"f":{"0":5,"1":12,"2":4,"3":8,"4":1,"5":1,"6":1,"7":1},"b":{"0":[1,1,1],"1":[1,4],"2":[4,0],"3":[0,5],"4":[5,5],"5":[5,12],"6":[5,5],"7":[1,4],"8":[4,0],"9":[5,4,4],"10":[1,1,1],"11":[0,12],"12":[12,12],"13":[4,4]},"_coverageSchema":"332fd63041d2c1bcb487cc26dd0d5f7d97098a6c","hash":"845a659ee5d5c482698bd793b8127cc5e285bb27"},"C:\\Users\\chadc\\Documents\\git-projects\\infusion\\dist\\src\\infusion-server\\domain-services\\tests\\infusion-proxy-response-handler-test.js":{"path":"C:\\Users\\chadc\\Documents\\git-projects\\infusion\\dist\\src\\infusion-server\\domain-services\\tests\\infusion-proxy-response-handler-test.js","statementMap":{"0":{"start":{"line":2,"column":17},"end":{"line":7,"column":1}},"1":{"start":{"line":3,"column":12},"end":{"line":3,"column":28}},"2":{"start":{"line":3,"column":34},"end":{"line":3,"column":125}},"3":{"start":{"line":4,"column":4},"end":{"line":5,"column":150}},"4":{"start":{"line":4,"column":79},"end":{"line":4,"column":131}},"5":{"start":{"line":5,"column":9},"end":{"line":5,"column":150}},"6":{"start":{"line":5,"column":58},"end":{"line":5,"column":150}},"7":{"start":{"line":5,"column":81},"end":{"line":5,"column":150}},"8":{"start":{"line":6,"column":4},"end":{"line":6,"column":66}},"9":{"start":{"line":8,"column":17},"end":{"line":10,"column":1}},"10":{"start":{"line":9,"column":4},"end":{"line":9,"column":109}},"11":{"start":{"line":9,"column":79},"end":{"line":9,"column":109}},"12":{"start":{"line":11,"column":0},"end":{"line":11,"column":62}},"13":{"start":{"line":12,"column":33},"end":{"line":12,"column":79}},"14":{"start":{"line":13,"column":27},"end":{"line":13,"column":67}},"15":{"start":{"line":14,"column":42},"end":{"line":14,"column":102}},"16":{"start":{"line":15,"column":25},"end":{"line":15,"column":59}},"17":{"start":{"line":16,"column":27},"end":{"line":16,"column":54}},"18":{"start":{"line":17,"column":15},"end":{"line":17,"column":30}},"19":{"start":{"line":18,"column":39},"end":{"line":63,"column":1}},"20":{"start":{"line":20,"column":8},"end":{"line":20,"column":24}},"21":{"start":{"line":21,"column":8},"end":{"line":21,"column":53}},"22":{"start":{"line":22,"column":8},"end":{"line":22,"column":113}},"23":{"start":{"line":23,"column":8},"end":{"line":27,"column":10}},"24":{"start":{"line":28,"column":8},"end":{"line":28,"column":22}},"25":{"start":{"line":29,"column":8},"end":{"line":29,"column":22}},"26":{"start":{"line":30,"column":8},"end":{"line":30,"column":75}},"27":{"start":{"line":31,"column":8},"end":{"line":31,"column":89}},"28":{"start":{"line":32,"column":8},"end":{"line":40,"column":10}},"29":{"start":{"line":33,"column":12},"end":{"line":33,"column":37}},"30":{"start":{"line":34,"column":12},"end":{"line":39,"column":13}},"31":{"start":{"line":35,"column":16},"end":{"line":35,"column":50}},"32":{"start":{"line":38,"column":16},"end":{"line":38,"column":49}},"33":{"start":{"line":43,"column":8},"end":{"line":43,"column":32}},"34":{"start":{"line":44,"column":24},"end":{"line":44,"column":29}},"35":{"start":{"line":45,"column":8},"
[...]
:{"loc":{"start":{"line":4,"column":4},"end":{"line":5,"column":150}},"type":"if","locations":[{"start":{"line":4,"column":4},"end":{"line":5,"column":150}},{"start":{"line":4,"column":4},"end":{"line":5,"column":150}}],"line":4},"4":{"loc":{"start":{"line":4,"column":8},"end":{"line":4,"column":77}},"type":"binary-expr","locations":[{"start":{"line":4,"column":8},"end":{"line":4,"column":35}},{"start":{"line":4,"column":39},"end":{"line":4,"column":77}}],"line":4},"5":{"loc":{"start":{"line":5,"column":58},"end":{"line":5,"column":150}},"type":"if","locations":[{"start":{"line":5,"column":58},"end":{"line":5,"column":150}},{"start":{"line":5,"column":58},"end":{"line":5,"column":150}}],"line":5},"6":{"loc":{"start":{"line":5,"column":85},"end":{"line":5,"column":149}},"type":"binary-expr","locations":[{"start":{"line":5,"column":86},"end":{"line":5,"column":143}},{"start":{"line":5,"column":148},"end":{"line":5,"column":149}}],"line":5},"7":{"loc":{"start":{"line":5,"column":86},"end":{"line":5,"column":143}},"type":"cond-expr","locations":[{"start":{"line":5,"column":94},"end":{"line":5,"column":98}},{"start":{"line":5,"column":101},"end":{"line":5,"column":143}}],"line":5},"8":{"loc":{"start":{"line":5,"column":101},"end":{"line":5,"column":143}},"type":"cond-expr","locations":[{"start":{"line":5,"column":109},"end":{"line":5,"column":126}},{"start":{"line":5,"column":129},"end":{"line":5,"column":143}}],"line":5},"9":{"loc":{"start":{"line":6,"column":11},"end":{"line":6,"column":62}},"type":"binary-expr","locations":[{"start":{"line":6,"column":11},"end":{"line":6,"column":16}},{"start":{"line":6,"column":20},"end":{"line":6,"column":21}},{"start":{"line":6,"column":25},"end":{"line":6,"column":62}}],"line":6},"10":{"loc":{"start":{"line":8,"column":17},"end":{"line":10,"column":1}},"type":"binary-expr","locations":[{"start":{"line":8,"column":18},"end":{"line":8,"column":22}},{"start":{"line":8,"column":26},"end":{"line":8,"column":41}},{"start":{"line":8,"column":46},"end":{"line":10,"column":1}}],"line":8},"11":{"loc":{"start":{"line":9,"column":4},"end":{"line":9,"column":109}},"type":"if","locations":[{"start":{"line":9,"column":4},"end":{"line":9,"column":109}},{"start":{"line":9,"column":4},"end":{"line":9,"column":109}}],"line":9},"12":{"loc":{"start":{"line":9,"column":8},"end":{"line":9,"column":77}},"type":"binary-expr","locations":[{"start":{"line":9,"column":8},"end":{"line":9,"column":35}},{"start":{"line":9,"column":39},"end":{"line":9,"column":77}}],"line":9},"13":{"loc":{"start":{"line":34,"column":12},"end":{"line":39,"column":13}},"type":"if","locations":[{"start":{"line":34,"column":12},"end":{"line":39,"column":13}},{"start":{"line":34,"column":12},"end":{"line":39,"column":13}}],"line":34}},"s":{"0":1,"1":4,"2":4,"3":4,"4":0,"5":4,"6":13,"7":4,"8":4,"9":1,"10":9,"11":0,"12":1,"13":1,"14":1,"15":1,"16":1,"17":1,"18":1,"19":1,"20":3,"21":3,"22":3,"23":3,"24":3,"25":3,"26":3,"27":3,"28":3,"29":4,"30":4,"31":2,"32":2,"33":1,"34":1,"35":1,"36":1,"37":1,"38":1,"39":1,"40":1,"41":1,"42":1,"43":1,"44":1,"45":1,"46":1,"47":1,"48":1},"f":{"0":4,"1":9,"2":3,"3":4,"4":1,"5":1,"6":1},"b":{"0":[1,1,1],"1":[1,3],"2":[3,0],"3":[0,4],"4":[4,4],"5":[4,9],"6":[4,4],"7":[1,3],"8":[3,0],"9":[4,3,3],"10":[1,1,1],"11":[0,9],"12":[9,9],"13":[2,2]},"_coverageSchema":"332fd63041d2c1bcb487cc26dd0d5f7d97098a6c","hash":"ca98db2749155392db09cc4e467a10b6336ae6c7"},"C:\\Users\\chadc\\Documents\\git-projects\\infusion\\dist\\src\\infusion-server\\domain-services\\tests\\infusion-request-handler-test.js":{"path":"C:\\Users\\chadc\\Documents\\git-projects\\infusion\\dist\\src\\infusion-server\\domain-services\\tests\\infusion-request-handler-test.js","statementMap":{"0":{"start":{"line":2,"column":17},"end":{"line":7,"column":1}},"1":{"start":{"line":3,"column":12},"end":{"line":3,"column":28}},"2":{"start":{"line":3,"column":34},"end":{"line":3,"column":125}},"3":{"start":{"line":4,"column":4},"end":{"line":5,"column":150}},"4":{"start":{"line":4,"column":79},"end":{"line":4,"column":131}},"5":{"start":{"line":5,"column":9},"end":{"line":5,"column":150}},"6":{"start":{"line":5,"column":58},"end":{"line":5,"column":150}},"7":{"start":{"line":5,"column":81},"end":{"line":5,"column":150}},"8":{"start":{"line":6,"column":4},"end":{"line":6,"column":66}},"9":{"start":{"line":8,"column":17},"end":{"line":10,"column":1}},"10":{"start":{"line":9,"column":4},"end":{"line":9,"column":109}},"11":{"start":{"line":9,"column":79},"end":{"line":9,"column":109}},"12":{"start":{"line":11,"column":0},"end":{"line":11,"column":62}},"13":{"start":{"line":12,"column":35},"end":{"line":12,"column":88}},"14":{"start":{"line":13,"column":33},"end":{"line":13,"column":79}},"15":{"start":{"line":14,"column":27},"end":{"line":14,"column":67}},"16":{"start":{"line":15,"column":25},"end":{"line":15,"column":59}},"17":{"start":{"line":16,"column":27},"end":{"line":16,"column":54}},"18":{"start":{"line":17,"column":15},"end":{"line":17,"column":30}},"19":{"start":{"line":18,"column":33},"end":{"line":59,"column":1}},"20":{"start":{"line":20,"column":8},"end":{"line":20,"column":24}},"21":{"start":{"line":21,"column":8},"end":{"line":21,"column":53}},"22":{"start":{"line":22,"column":8},"end":{"line":22,"column":22}},"23":{"start":{"line":23,"column":8},"end":{"line":23,"column":30}},"24":{"start":{"line":24,"column":8},"end":{"line":24,"column":35}},"25":{"start":{"line":25,"column":8},"end":{"line":25,"column":33}},"26":{"start":{"line":26,"column":8},"end":{"line":26,"column":46}},"27":{"start":{"line":27,"column":8},"end":{"line":27,"column":22}},"28":{"start":{"line":28,"column":8},"end":{"line":28,"column":27}},"29":{"start":{"line":29,"column":8},"end":{"line":29,"column":75}},"30":{"start":{"line":30,"column":8},"end":{"line":30,"column":85}},"31":{"start":{"line":31,"column":8},"end":{"line":31,"column":118}},"32":{"start":{"line":34,"column":8},"end":{"line":34,"column":39}},"33":{"start":{"line":35,"column":8},"end":{"line":35,"column":44}},"34":{"start":{"line":36,"column":8},"end":{"line":36,"column":41}},"35":{"start":{"line":37,"column":8},"end":{"line":37,"column":58}},"36":{"start":{"line":40,"column":8},"end":{"line":40,"column":30}},"37":{"start":{"line":41,"column":8},"end":{"line":41,"column":39}},"38":{"start":{"line":42,"column":8},"end":{"line":42,"column":32}},"39":{"start":{"line":43,"column":8},"end":{"line":43,"column":36}},"40":{"start":{"line":44,"column":8},"end":{"line":44,"column":54}},"41":{"start":{"line":45,"column":8},"end":{"line":45,"column":55}},"42":{"start":{"line":46,"column":8},"end":{"line":46,"column":59}},"43":{"start":{"line":47,"column":8},"end":{"line":47,"column":44}},"44":{"start":{"line":50,"column":8},"end":{"line":50,"column":45}},"45":{"start":{"line":51,"column":8},"end":{"line":51,"column":36}},"46":{"start":{"line":52,"column":8},"end":{"line":52,"column":60}},"47":{"start":{"line":55,"column":8},"end":{"line":55,"column":72}},"48":{"start":{"line":56,"column":8},"end":{"line":56,"column":36}},"49":{"start":{"line":57,"column":8},"end":{"line":57,"column":60}},"50":{"start":{"line":60,"column":0},"end":{"line":65,"column":80}},"51":{"start":{"line":66,"column":0},"end":{"line":71,"column":80}},"52":{"start":{"line":72,"column":0},"end":{"line":77,"column":89}},"53":{"start":{"line":78,"column":0},"end":{"line":83,"column":76}},"54":{"start":{"line":84,"column":0},"end":{"line":86,"column":31}}},"fnMap":{"0":{"name":"(anonymous_0)","decl":{"start":{"line":2,"column":46},"end":{"line":2,"column":47}},"loc":{"start":{"line":2,"column":87},"end":{"line":7,"column":1}},"line":2},"1":{"name":"(anonymous_1)","decl":{"start":{"line":8,"column":46},"end":{"line":8,"column":47}},"loc":{"start":{"line":8,"column":62},"end":{"line":10,"column":1}},"line":8},"2":{"name":"(anonymous_2)","decl":{"start":{"line":19,"column":4},"end":{"line":19,"column":5}},"loc":{"start":{"line":19,"column":13},"end":{"line":32,"column":5}},"line":19},"3":{"name":"(anonymous_3)","decl":{"start":{"line":33,"column":4},"end":{"line":33,"column":5}},"loc":{"start":{"line":33,"column":36},"end":{"line":38,"column":5}},"line":33},"4":{"name":"(anonymous_4)","decl":{"start":{"line":39,"column":4},"end":{"line":39,"column":5}},"loc":{"start":{"line":39,"column":36},"end":{"line":48,"column":5}},"line":39},"5":{"name":"(anonymous_5)","decl":{"start":{"line":49,"column":4},"end":{"line":49,"column":5}},"loc":{"start":{"line":49,"column":45},"end":{"line":53,"column":5}},"line":49},"6":{"name":"(anonymous_6)","decl":{"start":{"line":54,"column":4},"end":{"line":54,"column":5}},"loc":{"start":{"line":54,"column":32},"end":{"line":58,"column":5}},"line":54}},"branchMap":{"0":{"loc":{"start":{"line":2,"column":17},"end":{"line":7,"column":1}},"type":"binary-expr","locations":[{"start":{"line":2,"column":18},"end":{"line":2,"column":22}},{"start":{"line":2,"column":26},"end":{"line":2,"column":41}},{"start":{"line":2,"column":46},"end":{"line":7,"column":1}}],"line":2},"1":{"loc":{"start":{"line":3,"column":34},"end":{"line":3,"column":125}},"type":"cond-expr","locations":[{"start":{"line":3,"column":42},"end":{"line":3,"column":48}},{"start":{"line":3,"column":51},"end":{"line":3,"column":125}}],"line":3},"2":{"loc":{"start":{"line":3,"column":51},"end":{"line":3,"column":125}},"type":"cond-expr","locations":[{"start":{"line":3,"column":67},"end":{"line":3,"column":118}},{"start":{"line":3,"column":121},"end":{"line":3,"column":125}}],"line":3},"3":{"loc":{"start":{"line":4,"column":4},"end":{"line":5,"column":150}},"type":"if","locations":[{"start":{"line":4,"column":4},"end":{"line":5,"column":150}},{"start":{"line":4,"column":4},"end":{"line":5,"column":150}}],"line":4},"4":{"loc":{"start":{"line":4,"column":8},"end":{"line":4,"column":77}},"type":"binary-expr","locations":[{"start":{"line":4,"column":8},"end":{"line":4,"column":35}},{"start":{"line":4,"column":39},"end":{"line":4,"column":77}}],"line":4},"5":{"loc":{"start":{"line":5,"column":58},"end":{"line":5,"column":150}},"type":"if","locations":[{"start":{"line":5,"column":58},"end":{"line":5,"column":150}},{"start":{"line":5,"column":58},"end":{"line":5,"column":150}}],"line":5},"6":{"loc":{"start":{"line":5,"column":85},"end":{"line":5,"column":149}},"type":"binary-expr","locations":[{"start":{"line":5,"column":86},"end":{"line":5,"column":143}},{"start":{"line":5,"column":148},"end":{"line":5,"column":149}}],"line":5},"7":{"loc":{"start":{"line":5,"column":86},"end":{"line":5,"column":143}},"type":"cond-expr","locations":[{"start":{"line":5,"column":94},"end":{"line":5,"column":98}},{"start":{"line":5,"column":101},"end":{"line":5,"column":143}}],"line":5},"8":{"loc":{"start":{"line":5,"column":101},"end":{"line":5,"column":143}},"type":"cond-expr","locations":[{"start":{"line":5,"column":109},"end":{"line":5,"column":126}},{"start":{"line":5,"column":129},"end":{"line":5,"column":143}}],"line":5},"9":{"loc":{"start":{"line":6,"column":11},"end":{"line":6,"column":62}},"type":"binary-expr","locations":[{"start":{"line":6,"column":11},"end":{"line":6,"column":16}},{"start":{"line":6,"column":20},"end":{"line":6,"column":21}},{"start":{"line":6,"column":25},"end":{"line":6,"column":62}}],"line":6},"10":{"loc":{"start":{"line":8,"column":17},"end":{"line":10,"column":1}},"type":"binary-expr","locations":[{"start":{"line":8,"column":18},"end":{"line":8,"column":22}},{"start":{"line":8,"column":26},"end":{"line":8,"column":41}},{"start":{"line":8,"column":46},"end":{"line":10,"column":1}}],"line":8},"11":{"loc":{"start":{"line":9,"column":4},"end":{"line":9,"column":109}},"type":"if","locations":[{"start":{"line":9,"column":4},"end":{"line":9,"column":109}},{"start":{"line":9,"column":4},"end":{"line":9,"column":109}}],"line":9},"12":{"loc":{"start":{"line":9,"column":8},"end":{"line":9,"column":77}},"type":"binary-expr","locations":[{"start":{"line":9,"column":8},"end":{"line":9,"column":35}},{"start":{"line":9,"column":39},"end":{"line":9,"column":77}}],"line":9}},"s":{"0":1,"1":5,"2":5,"3":5,"4":0,"5":5,"6":17,"7":5,"8":5,"9":1,"10":12,"11":0,"12":1,"13":1,"14":1,"15":1,"16":1,"17":1,"18":1,"19":1,"20":4,"21":4,"22":4,"23":4,"24":4,"25":4,"26":4,"27":4,"28":4,"29":4,"30":4,"31":4,"32":1,"33":1,"34":1,"35":1,"36":1,"37":1,"38":1,"39":1,"40":1,"41":1,"42":1,"43":1,"44":1,"45":1,"46":1,"47":1,"48":1,"49":1,"50":1,"51":1,"52":1,"53":1,"54":1},"f":{"0":5,"1":12,"2":4,"3":1,"4":1,"5":1,"6":1},"b":{"0":[1,1,1],"1":[1,4],"2":[4,0],"3":[0,5],"4":[5,5],"5":[5,12],"6":[5,5],"7":[1,4],"8":[4,0],"9":[5,4,4],"10":[1,1,1],"11":[0,12],"12":[12,12]},"_coverageSchema":"332fd63041d2c1bcb487cc26dd0d5f7d97098a6c","hash":"3baa1c38ad02efc03a19bb744e86ead194e1f961"},"C:\\Users\\chadc\\Documents\\git-projects\\infusion\\dist\\src\\infusion-server\\domain-services\\tests\\infusion-response-handler-test.js":{"path":"C:\\Users\\chadc\\Documents\\git-projects\\infusion\\dist\\src\\infusion-server\\domain-services\\tests\\infusion-response-handler-test.js","statementMap":{"0":{"start":{"line":2,"column":17},"end":{"line":7,"column":1}},"1":{"start":{"line":3,"column":12},"end":{"line":3,"column":28}},"2":{"start":{"line":3,"column":34},"end":{"line":3,"column":125}},"3":{"start":{"line":4,"column":4},"end":{"line":5,"column":150}},"4":{"start":{"line":4,"column":79},"end":{"line":4,"column":131}},"5":{"start":{"line":5,"column":9},"end":{"line":5,"column":150}},"6":{"start":{"line":5,"column":58},"end":{"line":5,"column":150}},"7":{"start":{"line":5,"column":81},"end":{"line":5,"column":150}},"8":{"start":{"line":6,"column":4},"end":{"line":6,"column":66}},"9":{"start":{"line":8,"column":17},"end":{"line":10,"column":1}},"10":{"start":{"line":9,"column":4},"end":{"line":9,"column":109}},"11":{"start":{"line":9,"column":79},"end":{"line":9,"column":109}},"12":{"start":{"line":11,"column":0},"end":{"line":11,"column":62}},"13":{"start":{"line":12,"column":33},"end":{"line":12,"column":79}},"14":{"start":{"line":13,"column":27},"end":{"line":13,"column":67}},"15":{"start":{"line":14,"column":36},"end":{"line":14,"column":90}},"16":{"start":{"line":15,"column":25},"end":{"line":15,"column":59}},"17":{"start":{"line":16,"column":27},"end":{"line":16,"column":54}},"18":{"start":{"line":17,"column":15},"end":{"line":17,"column":30}},"19":{"start":{"line":18,"column":34},"end":{"line":31,"column":1}},"20":{"start":{"line":20,"column":8},"end":{"line":20,"column":24}},"21":{"start":{"line":21,"column":8},"end":{"line":21,"column":53}},"22":{"start":{"line":22,"column":8},"end":{"line":22,"column":22}},"23":{"start":{"line":23,"column":8},"end":{"line":23,"column":22}},"24":{"start":{"line":24,"column":8},"end":{"line":24,"column":27}},"25":{"start":{"line":25,"column":8},"end":{"line":25,"column":75}},"26":{"start":{"line":26,"column":8},"end":{"line":26,"column":85}},"27":{"start":{"line":27,"column":8},"end":{"line":27,"column":136}},"28":{"start":{"line":32,"column":0},"end":{"line":37,"column":56}},"29":{"start":{"line":38,"column":0},"end":{"line":40,"column":32}}},"fnMap":{"0":{"name":"(anonymous_0)","decl":{"start":{"line":2,"column":46},"end":{"line":2,"column":47}},"loc":{"start":{"line":2,"column":87},"end":{"line":7,"column":1}},"line":2},"1":{"name":"(anonymous_1)","decl":{"start":{"line":8,"column":46},"end":{"line":8,"column":47}},"loc":{"start":{"line":8,"column":62},"end":{"line":10,"column":1}},"line":8},"2":{"name":"(anonymous_2)","decl":{"start":{"line":19,"column":4},"end":{"line":19,"column":5}},"loc":{"start":{"line":19,"column":13},"end":{"line":28,"column":5}},"line":19},"3":{"name":"(anonymous_3)","decl":{"start":{"line":29,"column":4},"end":{"line":29,"column":5}},"loc":{"start":{"line":29,"column":11},"end":{"line":30,"column":5}},"line":29}},"branchMap":{"0":{"loc":{"start":{"line":2,"column":17},"end":{"line":7,"column":1}},"type":"binary-expr","locations":[{"start":{"line":2,"column":18},"end":{"line":2,"column":22}},{"start":{"line":2,"column":26},"end":{"line":2,"column":41}},{"start":{"line":2,"column":46},"end":{"line":7,"column":1}}],"line":2},"1":{"loc":{"start":{"line":3,"column":34},"end":{"line":3,"column":125}},"type":"cond-expr","locations":[{"start":{"line":3,"column":42},"end":{"line":3,"column":48}},{"start":{"line":3,"column":51},"end":{"line":3,"column":125}}],"line":3},"2":{"loc":{"start":{"line":3,"column":51},"end":{"line":3,"column":125}},"type":"cond-expr","locations":[{"start":{"line":3,"column":67},"end":{"line":3,"column":118}},{"start":{"line":3,"column":121},"end":{"line":3,"column":125}}],"line":3},"3":{"loc":{"start":{"line":4,"column":4},"end":{"line":5,"column":150}},"type":"if","locations":[{"start":{"line":4,"column":4},"end":{"line":5,"column":150}},{"start":{"line":4,"column":4},"end":{"line":5,"column":150}}],"line":4},"4":{"loc":{"start":{"line":4,"column":8},"end":{"line":4,"column":77}},"type":"binary-expr","locations":[{"start":{"line":4,"column":8},"end":{"line":4,"column":35}},{"start":{"line":4,"column":39},"end":{"line":4,"column":77}}],"line":4},"5":{"loc":{"start":{"line":5,"column":58},"end":{"line":5,"column":150}},"type":"if","locations":[{"start":{"line":5,"column":58},"end":{"line":5,"column":150}},{"start":{"line":5,"column":58},"end":{"line":5,"column":150}}],"line":5},"6":{"loc":{"start":{"line":5,"column":85},"end":{"line":5,"column":149}},"type":"binary-expr","locations":[{"start":{"line":5,"column":86},"end":{"line":5,"column":143}},{"start":{"line":5,"column":148},"end":{"line":5,"column":149}}],"line":5},"7":{"loc":{"start":{"line":5,"column":86},"end":{"line":5,"column":143}},"type":"cond-expr","locations":[{"start":{"line":5,"column":94},"end":{"line":5,"column":98}},{"start":{"line":5,"column":101},"end":{"line":5,"column":143}}],"line":5},"8":{"loc":{"start":{"line":5,"column":101},"end":{"line":5,"column":143}},"type":"cond-expr","locations":[{"start":{"line":5,"column":109},"end":{"line":5,"column":126}},{"start":{"line":5,"column":129},"end":{"line":5,"column":143}}],"line":5},"9":{"loc":{"start":{"line":6,"column":11},"end":{"line":6,"column":62}},"type":"binary-expr","locations":[{"start":{"line":6,"column":11},"end":{"line":6,"column":16}},{"start":{"line":6,"column":20},"end":{"line":6,"column":21}},{"start":{"line":6,"column":25},"end":{"line":6,"column":62}}],"line":6},"10":{"loc":{"start":{"line":8,"column":17},"end":{"line":10,"column":1}},"type":"binary-expr","locations":[{"start":{"line":8,"column":18},"end":{"line":8,"column":22}},{"start":{"line":8,"column":26},"end":{"line":8,"column":41}},{"start":{"line":8,"column":46},"end":{"line":10,"column":1}}],"line":8},"11":{"loc":{"start":{"line":9,"column":4},"end":{"line":9,"column":109}},"type":"if","locations":[{"start":{"line":9,"column":4},"end":{"line":9,"column":109}},{"start":{"line":9,"column":4},"end":{"line":9,"column":109}}],"line":9},"12":{"loc":{"start":{"line":9,"column":8},"end":{"line":9,"column":77}},"type":"binary-expr","locations":[{"start":{"line":9,"column":8},"end":{"line":9,"column":35}},{"start":{"line":9,"column":39},"end":{"line":9,"column":77}}],"line":9}},"s":{"0":1,"1":2,"2":2,"3":2,"4":0,"5":2,"6":5,"7":2,"8":2,"9":1,"10":3,"11":0,"12":1,"13":1,"14":1,"15":1,"16":1,"17":1,"18":1,"19":1,"20":1,"21":1,"22":1,"23":1,"24":1,"25":1,"26":1,"27":1,"28":1,"29":1},"f":{"0":2,"1":3,"2":1,"3":1},"b":{"0":[1,1,1],"1":[1,1],"2":[1,0],"3":[0,2],"4":[2,2],"5":[2,3],"6":[2,2],"7":[1,1],"8":[1,0],"9":[2,1,1],"10":[1,1,1],"11":[0,3],"12":[3,3]},"_coverageSchema":"332fd63041d2c1bcb487cc26dd0d5f7d97098a6c","hash":"50d5dd105f1cdec6f70b5721ccfdce8e449cb3ec"},"C:\\Users\\chadc\\Documents\\git-projects\\infusion\\dist\\src\\logger.js":{"path":"C:\\Users\\chadc\\Documents\\git-projects\\infusion\\dist\\src\\logger.js","statementMap":{"0":{"start":{"line":2,"column":0},"end":{"line":2,"column":62}}},"fnMap":{},"branchMap":{},"s":{"0":1},"f":{},"b":{},"_coverageSchema":"332fd63041d2c1bcb487cc26dd0d5f7d97098a6c","hash":"234080d67699fe7159b0cc15ca04f60a64dc8672"}}